
            ┐  ╖
        ╓╖╬│╡  ││╬╖╖
    ╓╖╬│││││┘  ╬│││││╬╖
 ╖╬│││││╬╜        ╙╬│││││╖╖                               ╗╗╗
 ╬╬╬╬╖││╦╖        ╖╬││╗╣╣╣╬      ╟╣╣╬    ╟╣╣╣             ╜╜╜  ╟╣╣
 ╬╬╬╬╬╬╬╬╖│╬╖╖╓╬╪│╓╣╣╣╣╣╣╣╬      ╟╣╣╬    ╟╣╣╣ ╒╣╣╖╗╣╣╣╗   ╣╣╣ ╣╣╣╣╣╣ ╟╣╣╖   ╣╣╣
 ╬╬╬╬┐  ╙╬╬╬╬│╓╣╣╣╝╜  ╫╣╣╣╬      ╟╣╣╬    ╟╣╣╣ ╟╣╣╣╙ ╙╣╣╣  ╣╣╣ ╙╟╣╣╜╙  ╫╣╣  ╟╣╣
 ╬╬╬╬┐     ╙╬╬╣╣      ╫╣╣╣╬      ╟╣╣╬    ╟╣╣╣ ╟╣╣╬   ╣╣╣  ╣╣╣  ╟╣╣     ╣╣╣┌╣╣╜
 ╬╬╬╜       ╬╬╣╣      ╙╝╣╣╬      ╙╣╣╣╗╖╓╗╣╣╣╜ ╟╣╣╬   ╣╣╣  ╣╣╣  ╟╣╣╦╓    ╣╣╣╣╣
 ╙   ╓╦╖    ╬╬╣╣   ╓╗╗╖            ╙╝╣╣╣╣╝╜   ╘╝╝╜   ╝╝╝  ╝╝╝   ╙╣╣╣    ╟╣╣╣
   ╩╬╬╬╬╬╬╦╦╬╬╣╣╗╣╣╣╣╣╣╣╝                                             ╫╣╣╣╣
      ╙╬╬╬╬╬╬╬╣╣╣╣╣╣╝╜
          ╙╬╬╬╣╣╣╜
             ╙
        
 Version information:
  ml-agents: 0.30.0,
  ml-agents-envs: 0.30.0,
  Communicator API: 1.5.0,
  PyTorch: 1.13.1+cu117
[INFO] Listening on port 5004. Start training by pressing the Play button in the Unity Editor.
[INFO] Connected to Unity environment with package version 2.3.0-exp.3 and communication version 1.5.0
[INFO] Connected new brain: shoot_moving_target_09?team=0
[INFO] Hyperparameters for behavior name shoot_moving_target_09: 
	trainer_type:	ppo
	hyperparameters:	
	  batch_size:	256
	  buffer_size:	8192
	  learning_rate:	0.0003
	  beta:	0.005
	  epsilon:	0.2
	  lambd:	0.95
	  num_epoch:	3
	  shared_critic:	False
	  learning_rate_schedule:	linear
	  beta_schedule:	linear
	  epsilon_schedule:	linear
	network_settings:	
	  normalize:	False
	  hidden_units:	256
	  num_layers:	3
	  vis_encode_type:	simple
	  memory:	None
	  goal_conditioning_type:	hyper
	  deterministic:	False
	reward_signals:	
	  extrinsic:	
	    gamma:	0.9
	    strength:	1.0
	    network_settings:	
	      normalize:	False
	      hidden_units:	128
	      num_layers:	2
	      vis_encode_type:	simple
	      memory:	None
	      goal_conditioning_type:	hyper
	      deterministic:	False
	  curiosity:	
	    gamma:	0.99
	    strength:	0.02
	    network_settings:	
	      normalize:	False
	      hidden_units:	128
	      num_layers:	3
	      vis_encode_type:	simple
	      memory:	None
	      goal_conditioning_type:	hyper
	      deterministic:	False
	    learning_rate:	0.0003
	    encoding_size:	None
	init_path:	None
	keep_checkpoints:	100
	checkpoint_interval:	500000
	max_steps:	10000000
	time_horizon:	256
	summary_freq:	50000
	threaded:	False
	self_play:	None
	behavioral_cloning:	None
/home/mih/.local/share/virtualenvs/ml_agents_test-Mi5MBi39/lib/python3.10/site-packages/mlagents/trainers/torch_entities/utils.py:289: UserWarning: The use of `x.T` on tensors of dimension other than 2 to reverse their shape is deprecated and it will throw an error in a future release. Consider `x.mT` to transpose batches of matrices or `x.permute(*torch.arange(x.ndim - 1, -1, -1))` to reverse the dimensions of a tensor. (Triggered internally at ../aten/src/ATen/native/TensorShape.cpp:3277.)
  torch.nn.functional.one_hot(_act.T, action_size[i]).float()
[INFO] shoot_moving_target_09. Step: 50000. Time Elapsed: 82.376 s. Mean Reward: -85.823. Std of Reward: 16.400. Training.
[INFO] shoot_moving_target_09. Step: 100000. Time Elapsed: 148.165 s. Mean Reward: -104.199. Std of Reward: 22.342. Training.
[INFO] shoot_moving_target_09. Step: 150000. Time Elapsed: 221.784 s. Mean Reward: -76.035. Std of Reward: 20.992. Training.
[INFO] shoot_moving_target_09. Step: 200000. Time Elapsed: 287.076 s. Mean Reward: -49.315. Std of Reward: 15.437. Training.
[INFO] shoot_moving_target_09. Step: 250000. Time Elapsed: 367.731 s. Mean Reward: -34.145. Std of Reward: 10.731. Training.
[INFO] shoot_moving_target_09. Step: 300000. Time Elapsed: 435.017 s. Mean Reward: -29.601. Std of Reward: 8.155. Training.
[INFO] shoot_moving_target_09. Step: 350000. Time Elapsed: 508.025 s. Mean Reward: -25.033. Std of Reward: 9.990. Training.
[INFO] shoot_moving_target_09. Step: 400000. Time Elapsed: 575.560 s. Mean Reward: -22.419. Std of Reward: 13.650. Training.
[INFO] shoot_moving_target_09. Step: 450000. Time Elapsed: 658.858 s. Mean Reward: -22.748. Std of Reward: 11.293. Training.
[INFO] shoot_moving_target_09. Step: 500000. Time Elapsed: 729.348 s. Mean Reward: -24.636. Std of Reward: 8.560. Training.
[INFO] Exported results/shoot_moving_target_09/shoot_moving_target_09/shoot_moving_target_09-499840.onnx
[INFO] shoot_moving_target_09. Step: 550000. Time Elapsed: 797.817 s. Mean Reward: -23.314. Std of Reward: 8.577. Training.
[INFO] shoot_moving_target_09. Step: 600000. Time Elapsed: 873.227 s. Mean Reward: -20.340. Std of Reward: 10.810. Training.
[INFO] shoot_moving_target_09. Step: 650000. Time Elapsed: 941.049 s. Mean Reward: -22.126. Std of Reward: 10.781. Training.
[INFO] shoot_moving_target_09. Step: 700000. Time Elapsed: 1024.074 s. Mean Reward: -18.472. Std of Reward: 13.404. Training.
[INFO] shoot_moving_target_09. Step: 750000. Time Elapsed: 1091.714 s. Mean Reward: -20.559. Std of Reward: 11.729. Training.
[INFO] shoot_moving_target_09. Step: 800000. Time Elapsed: 1169.827 s. Mean Reward: -17.465. Std of Reward: 11.915. Training.
[INFO] shoot_moving_target_09. Step: 850000. Time Elapsed: 1241.789 s. Mean Reward: -18.629. Std of Reward: 12.283. Training.
[INFO] shoot_moving_target_09. Step: 900000. Time Elapsed: 1323.670 s. Mean Reward: -21.005. Std of Reward: 10.190. Training.
[INFO] shoot_moving_target_09. Step: 950000. Time Elapsed: 1392.449 s. Mean Reward: -16.290. Std of Reward: 12.826. Training.
[INFO] shoot_moving_target_09. Step: 1000000. Time Elapsed: 1468.103 s. Mean Reward: -16.784. Std of Reward: 13.712. Training.
[INFO] Exported results/shoot_moving_target_09/shoot_moving_target_09/shoot_moving_target_09-999936.onnx
[INFO] shoot_moving_target_09. Step: 1050000. Time Elapsed: 1535.787 s. Mean Reward: -13.504. Std of Reward: 15.675. Training.
[INFO] shoot_moving_target_09. Step: 1100000. Time Elapsed: 1606.241 s. Mean Reward: -12.139. Std of Reward: 15.286. Training.
[INFO] shoot_moving_target_09. Step: 1150000. Time Elapsed: 1688.603 s. Mean Reward: -6.849. Std of Reward: 14.526. Training.
[INFO] shoot_moving_target_09. Step: 1200000. Time Elapsed: 1757.339 s. Mean Reward: -8.165. Std of Reward: 12.464. Training.
[INFO] shoot_moving_target_09. Step: 1250000. Time Elapsed: 1833.923 s. Mean Reward: -5.924. Std of Reward: 19.198. Training.
[INFO] shoot_moving_target_09. Step: 1300000. Time Elapsed: 1902.161 s. Mean Reward: -3.410. Std of Reward: 13.891. Training.
[INFO] shoot_moving_target_09. Step: 1350000. Time Elapsed: 1984.202 s. Mean Reward: -0.996. Std of Reward: 21.048. Training.
[INFO] shoot_moving_target_09. Step: 1400000. Time Elapsed: 2052.052 s. Mean Reward: -3.344. Std of Reward: 16.384. Training.
[INFO] shoot_moving_target_09. Step: 1450000. Time Elapsed: 2130.512 s. Mean Reward: -2.448. Std of Reward: 14.971. Training.
[INFO] shoot_moving_target_09. Step: 1500000. Time Elapsed: 2199.608 s. Mean Reward: 5.165. Std of Reward: 23.272. Training.
[INFO] Exported results/shoot_moving_target_09/shoot_moving_target_09/shoot_moving_target_09-1499776.onnx
[INFO] shoot_moving_target_09. Step: 1550000. Time Elapsed: 2268.284 s. Mean Reward: 7.770. Std of Reward: 21.208. Training.
[INFO] shoot_moving_target_09. Step: 1600000. Time Elapsed: 2351.181 s. Mean Reward: 8.716. Std of Reward: 22.906. Training.
[INFO] shoot_moving_target_09. Step: 1650000. Time Elapsed: 2418.888 s. Mean Reward: 10.608. Std of Reward: 21.624. Training.
[INFO] shoot_moving_target_09. Step: 1700000. Time Elapsed: 2492.569 s. Mean Reward: 14.631. Std of Reward: 19.647. Training.
[INFO] shoot_moving_target_09. Step: 1750000. Time Elapsed: 2561.554 s. Mean Reward: 14.578. Std of Reward: 18.477. Training.
[INFO] shoot_moving_target_09. Step: 1800000. Time Elapsed: 2643.231 s. Mean Reward: 10.833. Std of Reward: 20.619. Training.
[INFO] shoot_moving_target_09. Step: 1850000. Time Elapsed: 2712.896 s. Mean Reward: 12.645. Std of Reward: 18.179. Training.
[INFO] shoot_moving_target_09. Step: 1900000. Time Elapsed: 2789.978 s. Mean Reward: 7.234. Std of Reward: 16.985. Training.
[INFO] shoot_moving_target_09. Step: 1950000. Time Elapsed: 2857.864 s. Mean Reward: 9.569. Std of Reward: 15.940. Training.
[INFO] shoot_moving_target_09. Step: 2000000. Time Elapsed: 2941.550 s. Mean Reward: 8.845. Std of Reward: 15.968. Training.
[INFO] Exported results/shoot_moving_target_09/shoot_moving_target_09/shoot_moving_target_09-1999872.onnx
[INFO] shoot_moving_target_09. Step: 2050000. Time Elapsed: 3010.560 s. Mean Reward: 18.963. Std of Reward: 22.656. Training.
[INFO] shoot_moving_target_09. Step: 2100000. Time Elapsed: 3081.299 s. Mean Reward: 18.475. Std of Reward: 19.006. Training.
[INFO] shoot_moving_target_09. Step: 2150000. Time Elapsed: 3157.425 s. Mean Reward: 24.503. Std of Reward: 23.143. Training.
[INFO] shoot_moving_target_09. Step: 2200000. Time Elapsed: 3225.657 s. Mean Reward: 26.842. Std of Reward: 24.515. Training.
[INFO] shoot_moving_target_09. Step: 2250000. Time Elapsed: 3309.425 s. Mean Reward: 18.683. Std of Reward: 20.878. Training.
[INFO] shoot_moving_target_09. Step: 2300000. Time Elapsed: 3377.665 s. Mean Reward: 20.088. Std of Reward: 24.411. Training.
[INFO] shoot_moving_target_09. Step: 2350000. Time Elapsed: 3454.786 s. Mean Reward: 25.683. Std of Reward: 17.347. Training.
[INFO] shoot_moving_target_09. Step: 2400000. Time Elapsed: 3524.462 s. Mean Reward: 38.311. Std of Reward: 23.926. Training.
[INFO] shoot_moving_target_09. Step: 2450000. Time Elapsed: 3606.795 s. Mean Reward: 31.192. Std of Reward: 22.237. Training.
[INFO] shoot_moving_target_09. Step: 2500000. Time Elapsed: 3673.939 s. Mean Reward: 34.769. Std of Reward: 22.110. Training.
[INFO] Exported results/shoot_moving_target_09/shoot_moving_target_09/shoot_moving_target_09-2499968.onnx
[INFO] shoot_moving_target_09. Step: 2550000. Time Elapsed: 3747.896 s. Mean Reward: 32.552. Std of Reward: 21.941. Training.
[INFO] shoot_moving_target_09. Step: 2600000. Time Elapsed: 3813.150 s. Mean Reward: 26.921. Std of Reward: 19.643. Training.
[INFO] shoot_moving_target_09. Step: 2650000. Time Elapsed: 3879.762 s. Mean Reward: 36.056. Std of Reward: 18.861. Training.
[INFO] shoot_moving_target_09. Step: 2700000. Time Elapsed: 3958.276 s. Mean Reward: 32.453. Std of Reward: 22.214. Training.
[INFO] shoot_moving_target_09. Step: 2750000. Time Elapsed: 4025.698 s. Mean Reward: 35.705. Std of Reward: 17.788. Training.
[INFO] shoot_moving_target_09. Step: 2800000. Time Elapsed: 4098.821 s. Mean Reward: 35.097. Std of Reward: 19.175. Training.
[INFO] shoot_moving_target_09. Step: 2850000. Time Elapsed: 4164.524 s. Mean Reward: 47.236. Std of Reward: 20.556. Training.
[INFO] shoot_moving_target_09. Step: 2900000. Time Elapsed: 4245.493 s. Mean Reward: 46.078. Std of Reward: 28.496. Training.
[INFO] shoot_moving_target_09. Step: 2950000. Time Elapsed: 4309.964 s. Mean Reward: 44.969. Std of Reward: 22.077. Training.
[INFO] shoot_moving_target_09. Step: 3000000. Time Elapsed: 4382.550 s. Mean Reward: 41.428. Std of Reward: 19.578. Training.
[INFO] Exported results/shoot_moving_target_09/shoot_moving_target_09/shoot_moving_target_09-2999808.onnx
[INFO] shoot_moving_target_09. Step: 3050000. Time Elapsed: 4447.797 s. Mean Reward: 50.141. Std of Reward: 23.345. Training.
[INFO] shoot_moving_target_09. Step: 3100000. Time Elapsed: 4514.693 s. Mean Reward: 52.318. Std of Reward: 25.891. Training.
[INFO] shoot_moving_target_09. Step: 3150000. Time Elapsed: 4598.023 s. Mean Reward: 61.484. Std of Reward: 31.131. Training.
[INFO] shoot_moving_target_09. Step: 3200000. Time Elapsed: 4664.050 s. Mean Reward: 48.797. Std of Reward: 24.009. Training.
[INFO] shoot_moving_target_09. Step: 3250000. Time Elapsed: 4738.549 s. Mean Reward: 57.558. Std of Reward: 23.549. Training.
[INFO] shoot_moving_target_09. Step: 3300000. Time Elapsed: 4804.826 s. Mean Reward: 52.633. Std of Reward: 22.445. Training.
[INFO] shoot_moving_target_09. Step: 3350000. Time Elapsed: 4884.326 s. Mean Reward: 49.333. Std of Reward: 21.729. Training.
[INFO] shoot_moving_target_09. Step: 3400000. Time Elapsed: 4951.478 s. Mean Reward: 54.458. Std of Reward: 25.401. Training.
[INFO] shoot_moving_target_09. Step: 3450000. Time Elapsed: 5024.722 s. Mean Reward: 53.114. Std of Reward: 24.083. Training.
[INFO] shoot_moving_target_09. Step: 3500000. Time Elapsed: 5090.572 s. Mean Reward: 59.511. Std of Reward: 27.158. Training.
[INFO] Exported results/shoot_moving_target_09/shoot_moving_target_09/shoot_moving_target_09-3499984.onnx
[INFO] shoot_moving_target_09. Step: 3550000. Time Elapsed: 5170.043 s. Mean Reward: 65.290. Std of Reward: 28.243. Training.
[INFO] shoot_moving_target_09. Step: 3600000. Time Elapsed: 5236.181 s. Mean Reward: 65.782. Std of Reward: 24.309. Training.
[INFO] shoot_moving_target_09. Step: 3650000. Time Elapsed: 5302.992 s. Mean Reward: 62.379. Std of Reward: 25.920. Training.
[INFO] shoot_moving_target_09. Step: 3700000. Time Elapsed: 5377.223 s. Mean Reward: 72.548. Std of Reward: 28.502. Training.
[INFO] shoot_moving_target_09. Step: 3750000. Time Elapsed: 5444.604 s. Mean Reward: 76.163. Std of Reward: 27.826. Training.
[INFO] shoot_moving_target_09. Step: 3800000. Time Elapsed: 5526.254 s. Mean Reward: 69.960. Std of Reward: 25.254. Training.
[INFO] shoot_moving_target_09. Step: 3850000. Time Elapsed: 5593.512 s. Mean Reward: 57.824. Std of Reward: 23.114. Training.
[INFO] shoot_moving_target_09. Step: 3900000. Time Elapsed: 5668.357 s. Mean Reward: 61.215. Std of Reward: 25.469. Training.
[INFO] shoot_moving_target_09. Step: 3950000. Time Elapsed: 5736.307 s. Mean Reward: 70.308. Std of Reward: 27.521. Training.
[INFO] shoot_moving_target_09. Step: 4000000. Time Elapsed: 5817.333 s. Mean Reward: 67.829. Std of Reward: 28.940. Training.
[INFO] Exported results/shoot_moving_target_09/shoot_moving_target_09/shoot_moving_target_09-3999768.onnx
[INFO] shoot_moving_target_09. Step: 4050000. Time Elapsed: 5883.882 s. Mean Reward: 70.774. Std of Reward: 28.272. Training.
[INFO] shoot_moving_target_09. Step: 4100000. Time Elapsed: 5956.464 s. Mean Reward: 72.806. Std of Reward: 26.079. Training.
[INFO] shoot_moving_target_09. Step: 4150000. Time Elapsed: 6022.753 s. Mean Reward: 83.345. Std of Reward: 27.528. Training.
[INFO] shoot_moving_target_09. Step: 4200000. Time Elapsed: 6089.108 s. Mean Reward: 74.525. Std of Reward: 29.230. Training.
[INFO] shoot_moving_target_09. Step: 4250000. Time Elapsed: 6169.490 s. Mean Reward: 68.611. Std of Reward: 26.851. Training.
[INFO] shoot_moving_target_09. Step: 4300000. Time Elapsed: 6236.391 s. Mean Reward: 70.367. Std of Reward: 24.004. Training.
[INFO] shoot_moving_target_09. Step: 4350000. Time Elapsed: 6310.689 s. Mean Reward: 61.736. Std of Reward: 22.275. Training.
[INFO] shoot_moving_target_09. Step: 4400000. Time Elapsed: 6378.093 s. Mean Reward: 74.015. Std of Reward: 30.487. Training.
[INFO] shoot_moving_target_09. Step: 4450000. Time Elapsed: 6463.345 s. Mean Reward: 70.324. Std of Reward: 27.487. Training.
[INFO] shoot_moving_target_09. Step: 4500000. Time Elapsed: 6532.938 s. Mean Reward: 66.825. Std of Reward: 26.931. Training.
[INFO] Exported results/shoot_moving_target_09/shoot_moving_target_09/shoot_moving_target_09-4499864.onnx
[INFO] shoot_moving_target_09. Step: 4550000. Time Elapsed: 6608.678 s. Mean Reward: 70.266. Std of Reward: 22.390. Training.
[INFO] shoot_moving_target_09. Step: 4600000. Time Elapsed: 6675.453 s. Mean Reward: 68.608. Std of Reward: 28.306. Training.
[INFO] shoot_moving_target_09. Step: 4650000. Time Elapsed: 6739.772 s. Mean Reward: 75.990. Std of Reward: 27.980. Training.
[INFO] shoot_moving_target_09. Step: 4700000. Time Elapsed: 6817.983 s. Mean Reward: 72.427. Std of Reward: 24.311. Training.
[INFO] shoot_moving_target_09. Step: 4750000. Time Elapsed: 6881.776 s. Mean Reward: 75.185. Std of Reward: 25.615. Training.
[INFO] shoot_moving_target_09. Step: 4800000. Time Elapsed: 6953.465 s. Mean Reward: 65.534. Std of Reward: 23.530. Training.
[INFO] shoot_moving_target_09. Step: 4850000. Time Elapsed: 7018.003 s. Mean Reward: 79.078. Std of Reward: 30.611. Training.
[INFO] shoot_moving_target_09. Step: 4900000. Time Elapsed: 7095.465 s. Mean Reward: 82.358. Std of Reward: 27.320. Training.
[INFO] shoot_moving_target_09. Step: 4950000. Time Elapsed: 7160.252 s. Mean Reward: 78.944. Std of Reward: 25.263. Training.
[INFO] shoot_moving_target_09. Step: 5000000. Time Elapsed: 7231.798 s. Mean Reward: 82.234. Std of Reward: 28.004. Training.
[INFO] Exported results/shoot_moving_target_09/shoot_moving_target_09/shoot_moving_target_09-4999960.onnx
[INFO] shoot_moving_target_09. Step: 5050000. Time Elapsed: 7296.099 s. Mean Reward: 85.663. Std of Reward: 25.379. Training.
[INFO] shoot_moving_target_09. Step: 5100000. Time Elapsed: 7374.324 s. Mean Reward: 83.406. Std of Reward: 32.561. Training.
[INFO] shoot_moving_target_09. Step: 5150000. Time Elapsed: 7438.055 s. Mean Reward: 80.186. Std of Reward: 32.942. Training.
[INFO] shoot_moving_target_09. Step: 5200000. Time Elapsed: 7502.984 s. Mean Reward: 78.990. Std of Reward: 27.305. Training.
[INFO] shoot_moving_target_09. Step: 5250000. Time Elapsed: 7574.599 s. Mean Reward: 89.080. Std of Reward: 28.483. Training.
[INFO] shoot_moving_target_09. Step: 5300000. Time Elapsed: 7638.783 s. Mean Reward: 102.134. Std of Reward: 29.517. Training.
[INFO] shoot_moving_target_09. Step: 5350000. Time Elapsed: 7717.159 s. Mean Reward: 92.861. Std of Reward: 31.528. Training.
[INFO] shoot_moving_target_09. Step: 5400000. Time Elapsed: 7781.018 s. Mean Reward: 96.417. Std of Reward: 21.854. Training.
[INFO] shoot_moving_target_09. Step: 5450000. Time Elapsed: 7852.763 s. Mean Reward: 93.198. Std of Reward: 24.311. Training.
[INFO] shoot_moving_target_09. Step: 5500000. Time Elapsed: 7917.320 s. Mean Reward: 97.929. Std of Reward: 29.197. Training.
[INFO] Exported results/shoot_moving_target_09/shoot_moving_target_09/shoot_moving_target_09-5499800.onnx
[INFO] shoot_moving_target_09. Step: 5550000. Time Elapsed: 7995.204 s. Mean Reward: 95.425. Std of Reward: 23.265. Training.
[INFO] shoot_moving_target_09. Step: 5600000. Time Elapsed: 8060.282 s. Mean Reward: 103.425. Std of Reward: 30.262. Training.
[INFO] shoot_moving_target_09. Step: 5650000. Time Elapsed: 8131.882 s. Mean Reward: 99.685. Std of Reward: 30.024. Training.
[INFO] shoot_moving_target_09. Step: 5700000. Time Elapsed: 8196.316 s. Mean Reward: -291.954. Std of Reward: 2552.444. Training.
[INFO] shoot_moving_target_09. Step: 5750000. Time Elapsed: 8261.039 s. Mean Reward: 97.845. Std of Reward: 20.772. Training.
[INFO] shoot_moving_target_09. Step: 5800000. Time Elapsed: 8339.980 s. Mean Reward: 99.559. Std of Reward: 27.008. Training.
[INFO] shoot_moving_target_09. Step: 5850000. Time Elapsed: 8405.011 s. Mean Reward: 101.536. Std of Reward: 27.122. Training.
[INFO] shoot_moving_target_09. Step: 5900000. Time Elapsed: 8476.745 s. Mean Reward: 97.341. Std of Reward: 23.967. Training.
[INFO] shoot_moving_target_09. Step: 5950000. Time Elapsed: 8541.224 s. Mean Reward: 95.011. Std of Reward: 29.906. Training.
[INFO] shoot_moving_target_09. Step: 6000000. Time Elapsed: 8620.050 s. Mean Reward: 89.489. Std of Reward: 28.532. Training.
[INFO] Exported results/shoot_moving_target_09/shoot_moving_target_09/shoot_moving_target_09-5999896.onnx
[INFO] shoot_moving_target_09. Step: 6050000. Time Elapsed: 8684.596 s. Mean Reward: 88.755. Std of Reward: 27.054. Training.
[INFO] shoot_moving_target_09. Step: 6100000. Time Elapsed: 8757.058 s. Mean Reward: 95.898. Std of Reward: 25.228. Training.
[INFO] shoot_moving_target_09. Step: 6150000. Time Elapsed: 8821.967 s. Mean Reward: 95.240. Std of Reward: 31.359. Training.
[INFO] shoot_moving_target_09. Step: 6200000. Time Elapsed: 8886.435 s. Mean Reward: 92.609. Std of Reward: 30.145. Training.
[INFO] shoot_moving_target_09. Step: 6250000. Time Elapsed: 8964.615 s. Mean Reward: 85.384. Std of Reward: 29.936. Training.
[INFO] shoot_moving_target_09. Step: 6300000. Time Elapsed: 9028.394 s. Mean Reward: 95.691. Std of Reward: 34.144. Training.
[INFO] shoot_moving_target_09. Step: 6350000. Time Elapsed: 9100.120 s. Mean Reward: 94.863. Std of Reward: 31.281. Training.
[INFO] shoot_moving_target_09. Step: 6400000. Time Elapsed: 9164.613 s. Mean Reward: 104.081. Std of Reward: 30.313. Training.
[INFO] shoot_moving_target_09. Step: 6450000. Time Elapsed: 9242.081 s. Mean Reward: 102.826. Std of Reward: 28.457. Training.
[INFO] shoot_moving_target_09. Step: 6500000. Time Elapsed: 9306.935 s. Mean Reward: 120.718. Std of Reward: 37.737. Training.
[INFO] Exported results/shoot_moving_target_09/shoot_moving_target_09/shoot_moving_target_09-6499992.onnx
[INFO] shoot_moving_target_09. Step: 6550000. Time Elapsed: 9378.291 s. Mean Reward: 107.560. Std of Reward: 27.226. Training.
[INFO] shoot_moving_target_09. Step: 6600000. Time Elapsed: 9442.194 s. Mean Reward: 108.350. Std of Reward: 33.622. Training.
[INFO] shoot_moving_target_09. Step: 6650000. Time Elapsed: 9520.492 s. Mean Reward: 109.286. Std of Reward: 27.882. Training.
[INFO] shoot_moving_target_09. Step: 6700000. Time Elapsed: 9584.183 s. Mean Reward: 99.433. Std of Reward: 25.463. Training.
[INFO] shoot_moving_target_09. Step: 6750000. Time Elapsed: 9649.080 s. Mean Reward: 97.543. Std of Reward: 24.441. Training.
[INFO] shoot_moving_target_09. Step: 6800000. Time Elapsed: 9720.343 s. Mean Reward: 106.423. Std of Reward: 25.376. Training.
[INFO] shoot_moving_target_09. Step: 6850000. Time Elapsed: 9784.573 s. Mean Reward: 107.552. Std of Reward: 28.092. Training.
[INFO] shoot_moving_target_09. Step: 6900000. Time Elapsed: 9862.808 s. Mean Reward: 111.138. Std of Reward: 30.369. Training.
[INFO] shoot_moving_target_09. Step: 6950000. Time Elapsed: 9926.685 s. Mean Reward: 104.583. Std of Reward: 31.305. Training.
[INFO] shoot_moving_target_09. Step: 7000000. Time Elapsed: 9998.374 s. Mean Reward: 114.652. Std of Reward: 27.459. Training.
[INFO] Exported results/shoot_moving_target_09/shoot_moving_target_09/shoot_moving_target_09-6999968.onnx
[INFO] shoot_moving_target_09. Step: 7050000. Time Elapsed: 10062.869 s. Mean Reward: 110.738. Std of Reward: 27.023. Training.
[INFO] shoot_moving_target_09. Step: 7100000. Time Elapsed: 10140.316 s. Mean Reward: 113.069. Std of Reward: 27.478. Training.
[INFO] shoot_moving_target_09. Step: 7150000. Time Elapsed: 10205.213 s. Mean Reward: 114.719. Std of Reward: 33.509. Training.
[INFO] shoot_moving_target_09. Step: 7200000. Time Elapsed: 10276.616 s. Mean Reward: 118.028. Std of Reward: 28.686. Training.
[INFO] shoot_moving_target_09. Step: 7250000. Time Elapsed: 10340.782 s. Mean Reward: 120.845. Std of Reward: 30.293. Training.
[INFO] shoot_moving_target_09. Step: 7300000. Time Elapsed: 10405.323 s. Mean Reward: 122.647. Std of Reward: 28.175. Training.
[INFO] shoot_moving_target_09. Step: 7350000. Time Elapsed: 10482.937 s. Mean Reward: 120.407. Std of Reward: 29.476. Training.
[INFO] shoot_moving_target_09. Step: 7400000. Time Elapsed: 10547.690 s. Mean Reward: 116.565. Std of Reward: 21.682. Training.
[INFO] shoot_moving_target_09. Step: 7450000. Time Elapsed: 10619.063 s. Mean Reward: 121.425. Std of Reward: 25.380. Training.
[INFO] shoot_moving_target_09. Step: 7500000. Time Elapsed: 10683.079 s. Mean Reward: 115.972. Std of Reward: 27.054. Training.
[INFO] Exported results/shoot_moving_target_09/shoot_moving_target_09/shoot_moving_target_09-7499912.onnx
[INFO] shoot_moving_target_09. Step: 7550000. Time Elapsed: 10761.339 s. Mean Reward: 117.397. Std of Reward: 26.423. Training.
[INFO] shoot_moving_target_09. Step: 7600000. Time Elapsed: 10825.175 s. Mean Reward: 106.716. Std of Reward: 28.538. Training.
[INFO] shoot_moving_target_09. Step: 7650000. Time Elapsed: 10896.914 s. Mean Reward: 121.611. Std of Reward: 33.192. Training.
[INFO] shoot_moving_target_09. Step: 7700000. Time Elapsed: 10961.363 s. Mean Reward: 118.369. Std of Reward: 28.986. Training.
[INFO] shoot_moving_target_09. Step: 7750000. Time Elapsed: 11025.526 s. Mean Reward: 122.414. Std of Reward: 28.498. Training.
[INFO] shoot_moving_target_09. Step: 7800000. Time Elapsed: 11103.895 s. Mean Reward: 118.014. Std of Reward: 19.881. Training.
[INFO] shoot_moving_target_09. Step: 7850000. Time Elapsed: 11167.676 s. Mean Reward: 122.467. Std of Reward: 22.829. Training.
[INFO] shoot_moving_target_09. Step: 7900000. Time Elapsed: 11239.333 s. Mean Reward: 127.124. Std of Reward: 28.657. Training.
[INFO] shoot_moving_target_09. Step: 7950000. Time Elapsed: 11303.797 s. Mean Reward: 124.371. Std of Reward: 26.598. Training.
[INFO] shoot_moving_target_09. Step: 8000000. Time Elapsed: 11381.372 s. Mean Reward: 120.407. Std of Reward: 25.789. Training.
[INFO] Exported results/shoot_moving_target_09/shoot_moving_target_09/shoot_moving_target_09-7999792.onnx
[INFO] shoot_moving_target_09. Step: 8050000. Time Elapsed: 11446.380 s. Mean Reward: 114.976. Std of Reward: 29.632. Training.
[INFO] shoot_moving_target_09. Step: 8100000. Time Elapsed: 11517.817 s. Mean Reward: 120.175. Std of Reward: 29.012. Training.
[INFO] shoot_moving_target_09. Step: 8150000. Time Elapsed: 11582.100 s. Mean Reward: 121.989. Std of Reward: 22.876. Training.
[INFO] shoot_moving_target_09. Step: 8200000. Time Elapsed: 11665.328 s. Mean Reward: 122.362. Std of Reward: 26.502. Training.
[INFO] shoot_moving_target_09. Step: 8250000. Time Elapsed: 11733.257 s. Mean Reward: 124.316. Std of Reward: 25.471. Training.
[INFO] shoot_moving_target_09. Step: 8300000. Time Elapsed: 11800.910 s. Mean Reward: 122.618. Std of Reward: 23.542. Training.
[INFO] shoot_moving_target_09. Step: 8350000. Time Elapsed: 11872.720 s. Mean Reward: 125.421. Std of Reward: 25.332. Training.
[INFO] shoot_moving_target_09. Step: 8400000. Time Elapsed: 11936.893 s. Mean Reward: 132.455. Std of Reward: 27.911. Training.
[INFO] shoot_moving_target_09. Step: 8450000. Time Elapsed: 12015.234 s. Mean Reward: 135.600. Std of Reward: 21.332. Training.
[INFO] shoot_moving_target_09. Step: 8500000. Time Elapsed: 12079.187 s. Mean Reward: 132.707. Std of Reward: 21.261. Training.
[INFO] Exported results/shoot_moving_target_09/shoot_moving_target_09/shoot_moving_target_09-8499888.onnx
[INFO] shoot_moving_target_09. Step: 8550000. Time Elapsed: 12151.107 s. Mean Reward: 138.737. Std of Reward: 29.133. Training.
[INFO] shoot_moving_target_09. Step: 8600000. Time Elapsed: 12215.781 s. Mean Reward: 130.916. Std of Reward: 24.010. Training.
[INFO] shoot_moving_target_09. Step: 8650000. Time Elapsed: 12293.536 s. Mean Reward: 130.014. Std of Reward: 24.985. Training.
[INFO] shoot_moving_target_09. Step: 8700000. Time Elapsed: 12358.359 s. Mean Reward: 128.746. Std of Reward: 29.066. Training.
[INFO] shoot_moving_target_09. Step: 8750000. Time Elapsed: 12429.782 s. Mean Reward: 123.269. Std of Reward: 29.172. Training.
[INFO] shoot_moving_target_09. Step: 8800000. Time Elapsed: 12493.968 s. Mean Reward: 124.451. Std of Reward: 27.880. Training.
[INFO] shoot_moving_target_09. Step: 8850000. Time Elapsed: 12558.760 s. Mean Reward: 129.013. Std of Reward: 33.373. Training.
[INFO] shoot_moving_target_09. Step: 8900000. Time Elapsed: 12636.570 s. Mean Reward: 130.715. Std of Reward: 33.605. Training.
[INFO] shoot_moving_target_09. Step: 8950000. Time Elapsed: 12701.689 s. Mean Reward: 126.362. Std of Reward: 18.038. Training.
[INFO] shoot_moving_target_09. Step: 9000000. Time Elapsed: 12773.234 s. Mean Reward: 131.802. Std of Reward: 25.736. Training.
[INFO] Exported results/shoot_moving_target_09/shoot_moving_target_09/shoot_moving_target_09-8999984.onnx
[INFO] shoot_moving_target_09. Step: 9050000. Time Elapsed: 12837.553 s. Mean Reward: 131.070. Std of Reward: 24.298. Training.
[INFO] shoot_moving_target_09. Step: 9100000. Time Elapsed: 12916.133 s. Mean Reward: 133.043. Std of Reward: 30.564. Training.
[INFO] shoot_moving_target_09. Step: 9150000. Time Elapsed: 12980.135 s. Mean Reward: 139.211. Std of Reward: 33.313. Training.
[INFO] shoot_moving_target_09. Step: 9200000. Time Elapsed: 13051.873 s. Mean Reward: 144.907. Std of Reward: 33.858. Training.
[INFO] shoot_moving_target_09. Step: 9250000. Time Elapsed: 13116.610 s. Mean Reward: 145.803. Std of Reward: 28.854. Training.
[INFO] shoot_moving_target_09. Step: 9300000. Time Elapsed: 13181.531 s. Mean Reward: 146.651. Std of Reward: 29.404. Training.
[INFO] shoot_moving_target_09. Step: 9350000. Time Elapsed: 13261.164 s. Mean Reward: 145.815. Std of Reward: 24.075. Training.
[INFO] shoot_moving_target_09. Step: 9400000. Time Elapsed: 13327.656 s. Mean Reward: 141.422. Std of Reward: 29.410. Training.
[INFO] shoot_moving_target_09. Step: 9450000. Time Elapsed: 13409.893 s. Mean Reward: 137.307. Std of Reward: 27.674. Training.
[INFO] shoot_moving_target_09. Step: 9500000. Time Elapsed: 13484.315 s. Mean Reward: 147.070. Std of Reward: 33.622. Training.
[INFO] Exported results/shoot_moving_target_09/shoot_moving_target_09/shoot_moving_target_09-9499824.onnx
[INFO] shoot_moving_target_09. Step: 9550000. Time Elapsed: 13569.125 s. Mean Reward: 144.164. Std of Reward: 35.299. Training.
[INFO] shoot_moving_target_09. Step: 9600000. Time Elapsed: 13635.806 s. Mean Reward: 143.720. Std of Reward: 25.841. Training.
[INFO] shoot_moving_target_09. Step: 9650000. Time Elapsed: 13708.822 s. Mean Reward: 136.857. Std of Reward: 26.232. Training.
[INFO] shoot_moving_target_09. Step: 9700000. Time Elapsed: 13776.128 s. Mean Reward: 132.621. Std of Reward: 27.777. Training.
[INFO] shoot_moving_target_09. Step: 9750000. Time Elapsed: 13858.852 s. Mean Reward: 134.733. Std of Reward: 22.829. Training.
[INFO] shoot_moving_target_09. Step: 9800000. Time Elapsed: 13927.485 s. Mean Reward: 132.774. Std of Reward: 23.413. Training.
[INFO] shoot_moving_target_09. Step: 9850000. Time Elapsed: 13997.897 s. Mean Reward: 137.249. Std of Reward: 28.558. Training.
[INFO] shoot_moving_target_09. Step: 9900000. Time Elapsed: 14080.675 s. Mean Reward: 142.332. Std of Reward: 35.985. Training.
[INFO] shoot_moving_target_09. Step: 9950000. Time Elapsed: 14154.169 s. Mean Reward: 140.475. Std of Reward: 28.491. Training.
[INFO] shoot_moving_target_09. Step: 10000000. Time Elapsed: 14243.172 s. Mean Reward: 139.293. Std of Reward: 31.481. Training.
[INFO] Exported results/shoot_moving_target_09/shoot_moving_target_09/shoot_moving_target_09-9999920.onnx
[INFO] Exported results/shoot_moving_target_09/shoot_moving_target_09/shoot_moving_target_09-10005808.onnx
[INFO] Copied results/shoot_moving_target_09/shoot_moving_target_09/shoot_moving_target_09-10005808.onnx to results/shoot_moving_target_09/shoot_moving_target_09.onnx.
