
            ┐  ╖
        ╓╖╬│╡  ││╬╖╖
    ╓╖╬│││││┘  ╬│││││╬╖
 ╖╬│││││╬╜        ╙╬│││││╖╖                               ╗╗╗
 ╬╬╬╬╖││╦╖        ╖╬││╗╣╣╣╬      ╟╣╣╬    ╟╣╣╣             ╜╜╜  ╟╣╣
 ╬╬╬╬╬╬╬╬╖│╬╖╖╓╬╪│╓╣╣╣╣╣╣╣╬      ╟╣╣╬    ╟╣╣╣ ╒╣╣╖╗╣╣╣╗   ╣╣╣ ╣╣╣╣╣╣ ╟╣╣╖   ╣╣╣
 ╬╬╬╬┐  ╙╬╬╬╬│╓╣╣╣╝╜  ╫╣╣╣╬      ╟╣╣╬    ╟╣╣╣ ╟╣╣╣╙ ╙╣╣╣  ╣╣╣ ╙╟╣╣╜╙  ╫╣╣  ╟╣╣
 ╬╬╬╬┐     ╙╬╬╣╣      ╫╣╣╣╬      ╟╣╣╬    ╟╣╣╣ ╟╣╣╬   ╣╣╣  ╣╣╣  ╟╣╣     ╣╣╣┌╣╣╜
 ╬╬╬╜       ╬╬╣╣      ╙╝╣╣╬      ╙╣╣╣╗╖╓╗╣╣╣╜ ╟╣╣╬   ╣╣╣  ╣╣╣  ╟╣╣╦╓    ╣╣╣╣╣
 ╙   ╓╦╖    ╬╬╣╣   ╓╗╗╖            ╙╝╣╣╣╣╝╜   ╘╝╝╜   ╝╝╝  ╝╝╝   ╙╣╣╣    ╟╣╣╣
   ╩╬╬╬╬╬╬╦╦╬╬╣╣╗╣╣╣╣╣╣╣╝                                             ╫╣╣╣╣
      ╙╬╬╬╬╬╬╬╣╣╣╣╣╣╝╜
          ╙╬╬╬╣╣╣╜
             ╙
        
 Version information:
  ml-agents: 0.30.0,
  ml-agents-envs: 0.30.0,
  Communicator API: 1.5.0,
  PyTorch: 1.13.1+cu117
[INFO] Listening on port 5004. Start training by pressing the Play button in the Unity Editor.
[INFO] Connected to Unity environment with package version 2.3.0-exp.3 and communication version 1.5.0
[INFO] Connected new brain: shoot_moving_target_13?team=0
[INFO] Hyperparameters for behavior name shoot_moving_target_13: 
	trainer_type:	ppo
	hyperparameters:	
	  batch_size:	256
	  buffer_size:	8192
	  learning_rate:	0.0003
	  beta:	0.005
	  epsilon:	0.2
	  lambd:	0.95
	  num_epoch:	3
	  shared_critic:	False
	  learning_rate_schedule:	linear
	  beta_schedule:	linear
	  epsilon_schedule:	linear
	network_settings:	
	  normalize:	False
	  hidden_units:	128
	  num_layers:	5
	  vis_encode_type:	simple
	  memory:	None
	  goal_conditioning_type:	hyper
	  deterministic:	False
	reward_signals:	
	  extrinsic:	
	    gamma:	0.9
	    strength:	1.0
	    network_settings:	
	      normalize:	False
	      hidden_units:	128
	      num_layers:	2
	      vis_encode_type:	simple
	      memory:	None
	      goal_conditioning_type:	hyper
	      deterministic:	False
	  curiosity:	
	    gamma:	0.99
	    strength:	0.02
	    network_settings:	
	      normalize:	False
	      hidden_units:	128
	      num_layers:	3
	      vis_encode_type:	simple
	      memory:	None
	      goal_conditioning_type:	hyper
	      deterministic:	False
	    learning_rate:	0.0003
	    encoding_size:	None
	init_path:	None
	keep_checkpoints:	100
	checkpoint_interval:	500000
	max_steps:	10000000
	time_horizon:	256
	summary_freq:	50000
	threaded:	False
	self_play:	None
	behavioral_cloning:	None
/home/mih/.local/share/virtualenvs/ml_agents_test-Mi5MBi39/lib/python3.10/site-packages/mlagents/trainers/torch_entities/utils.py:289: UserWarning: The use of `x.T` on tensors of dimension other than 2 to reverse their shape is deprecated and it will throw an error in a future release. Consider `x.mT` to transpose batches of matrices or `x.permute(*torch.arange(x.ndim - 1, -1, -1))` to reverse the dimensions of a tensor. (Triggered internally at ../aten/src/ATen/native/TensorShape.cpp:3277.)
  torch.nn.functional.one_hot(_act.T, action_size[i]).float()
[INFO] shoot_moving_target_13. Step: 50000. Time Elapsed: 86.385 s. Mean Reward: -75.704. Std of Reward: 20.522. Training.
[INFO] shoot_moving_target_13. Step: 100000. Time Elapsed: 153.188 s. Mean Reward: -47.616. Std of Reward: 11.516. Training.
[INFO] shoot_moving_target_13. Step: 150000. Time Elapsed: 228.024 s. Mean Reward: -35.521. Std of Reward: 9.569. Training.
[INFO] shoot_moving_target_13. Step: 200000. Time Elapsed: 295.808 s. Mean Reward: -30.069. Std of Reward: 9.523. Training.
[INFO] shoot_moving_target_13. Step: 250000. Time Elapsed: 377.403 s. Mean Reward: -23.702. Std of Reward: 9.245. Training.
[INFO] shoot_moving_target_13. Step: 300000. Time Elapsed: 442.965 s. Mean Reward: -24.468. Std of Reward: 9.313. Training.
[INFO] shoot_moving_target_13. Step: 350000. Time Elapsed: 514.850 s. Mean Reward: -18.832. Std of Reward: 10.757. Training.
[INFO] shoot_moving_target_13. Step: 400000. Time Elapsed: 580.136 s. Mean Reward: -21.931. Std of Reward: 10.830. Training.
[INFO] shoot_moving_target_13. Step: 450000. Time Elapsed: 659.679 s. Mean Reward: -21.632. Std of Reward: 11.301. Training.
[INFO] shoot_moving_target_13. Step: 500000. Time Elapsed: 723.859 s. Mean Reward: -21.757. Std of Reward: 10.644. Training.
[INFO] Exported results/shoot_moving_target_13/shoot_moving_target_13/shoot_moving_target_13-499840.onnx
[INFO] shoot_moving_target_13. Step: 550000. Time Elapsed: 789.447 s. Mean Reward: -21.019. Std of Reward: 12.024. Training.
[INFO] shoot_moving_target_13. Step: 600000. Time Elapsed: 861.240 s. Mean Reward: -23.999. Std of Reward: 9.903. Training.
[INFO] shoot_moving_target_13. Step: 650000. Time Elapsed: 926.170 s. Mean Reward: -19.943. Std of Reward: 10.800. Training.
[INFO] shoot_moving_target_13. Step: 700000. Time Elapsed: 1005.522 s. Mean Reward: -16.021. Std of Reward: 10.358. Training.
[INFO] shoot_moving_target_13. Step: 750000. Time Elapsed: 1070.468 s. Mean Reward: -19.128. Std of Reward: 11.666. Training.
[INFO] shoot_moving_target_13. Step: 800000. Time Elapsed: 1143.196 s. Mean Reward: -11.485. Std of Reward: 15.650. Training.
[INFO] shoot_moving_target_13. Step: 850000. Time Elapsed: 1208.563 s. Mean Reward: -18.636. Std of Reward: 10.637. Training.
[INFO] shoot_moving_target_13. Step: 900000. Time Elapsed: 1287.463 s. Mean Reward: -13.082. Std of Reward: 14.052. Training.
[INFO] shoot_moving_target_13. Step: 950000. Time Elapsed: 1352.893 s. Mean Reward: -10.049. Std of Reward: 14.836. Training.
[INFO] shoot_moving_target_13. Step: 1000000. Time Elapsed: 1424.634 s. Mean Reward: -13.091. Std of Reward: 14.427. Training.
[INFO] Exported results/shoot_moving_target_13/shoot_moving_target_13/shoot_moving_target_13-999936.onnx
[INFO] shoot_moving_target_13. Step: 1050000. Time Elapsed: 1489.515 s. Mean Reward: -6.763. Std of Reward: 15.497. Training.
[INFO] shoot_moving_target_13. Step: 1100000. Time Elapsed: 1554.468 s. Mean Reward: -10.203. Std of Reward: 14.334. Training.
[INFO] shoot_moving_target_13. Step: 1150000. Time Elapsed: 1633.148 s. Mean Reward: -11.055. Std of Reward: 15.256. Training.
[INFO] shoot_moving_target_13. Step: 1200000. Time Elapsed: 1698.600 s. Mean Reward: -6.904. Std of Reward: 16.392. Training.
[INFO] shoot_moving_target_13. Step: 1250000. Time Elapsed: 1770.391 s. Mean Reward: -3.161. Std of Reward: 16.499. Training.
[INFO] shoot_moving_target_13. Step: 1300000. Time Elapsed: 1835.316 s. Mean Reward: -1.899. Std of Reward: 16.274. Training.
[INFO] shoot_moving_target_13. Step: 1350000. Time Elapsed: 1914.687 s. Mean Reward: -7.989. Std of Reward: 17.209. Training.
[INFO] shoot_moving_target_13. Step: 1400000. Time Elapsed: 1979.194 s. Mean Reward: -4.572. Std of Reward: 16.461. Training.
[INFO] shoot_moving_target_13. Step: 1450000. Time Elapsed: 2051.476 s. Mean Reward: 0.406. Std of Reward: 14.398. Training.
[INFO] shoot_moving_target_13. Step: 1500000. Time Elapsed: 2116.668 s. Mean Reward: 6.297. Std of Reward: 20.098. Training.
[INFO] Exported results/shoot_moving_target_13/shoot_moving_target_13/shoot_moving_target_13-1499776.onnx
[INFO] shoot_moving_target_13. Step: 1550000. Time Elapsed: 2181.705 s. Mean Reward: 3.095. Std of Reward: 17.561. Training.
[INFO] shoot_moving_target_13. Step: 1600000. Time Elapsed: 2260.742 s. Mean Reward: 2.733. Std of Reward: 16.143. Training.
[INFO] shoot_moving_target_13. Step: 1650000. Time Elapsed: 2325.123 s. Mean Reward: 7.367. Std of Reward: 20.669. Training.
[INFO] shoot_moving_target_13. Step: 1700000. Time Elapsed: 2396.984 s. Mean Reward: 15.033. Std of Reward: 22.633. Training.
[INFO] shoot_moving_target_13. Step: 1750000. Time Elapsed: 2462.174 s. Mean Reward: 7.483. Std of Reward: 21.884. Training.
[INFO] shoot_moving_target_13. Step: 1800000. Time Elapsed: 2540.529 s. Mean Reward: 17.218. Std of Reward: 24.303. Training.
[INFO] shoot_moving_target_13. Step: 1850000. Time Elapsed: 2605.803 s. Mean Reward: 10.404. Std of Reward: 21.858. Training.
[INFO] shoot_moving_target_13. Step: 1900000. Time Elapsed: 2678.157 s. Mean Reward: 17.024. Std of Reward: 19.636. Training.
[INFO] shoot_moving_target_13. Step: 1950000. Time Elapsed: 2742.889 s. Mean Reward: 11.517. Std of Reward: 19.243. Training.
[INFO] shoot_moving_target_13. Step: 2000000. Time Elapsed: 2821.783 s. Mean Reward: 17.763. Std of Reward: 22.082. Training.
[INFO] Exported results/shoot_moving_target_13/shoot_moving_target_13/shoot_moving_target_13-1999872.onnx
[INFO] shoot_moving_target_13. Step: 2050000. Time Elapsed: 2885.996 s. Mean Reward: 16.954. Std of Reward: 20.681. Training.
[INFO] shoot_moving_target_13. Step: 2100000. Time Elapsed: 2951.271 s. Mean Reward: 17.505. Std of Reward: 18.307. Training.
[INFO] shoot_moving_target_13. Step: 2150000. Time Elapsed: 3023.267 s. Mean Reward: 27.564. Std of Reward: 21.117. Training.
[INFO] shoot_moving_target_13. Step: 2200000. Time Elapsed: 3088.084 s. Mean Reward: 28.246. Std of Reward: 23.671. Training.
[INFO] shoot_moving_target_13. Step: 2250000. Time Elapsed: 3167.162 s. Mean Reward: 34.104. Std of Reward: 18.528. Training.
[INFO] shoot_moving_target_13. Step: 2300000. Time Elapsed: 3231.317 s. Mean Reward: 28.838. Std of Reward: 24.334. Training.
[INFO] shoot_moving_target_13. Step: 2350000. Time Elapsed: 3303.422 s. Mean Reward: 25.386. Std of Reward: 19.026. Training.
[INFO] shoot_moving_target_13. Step: 2400000. Time Elapsed: 3368.792 s. Mean Reward: 28.346. Std of Reward: 24.627. Training.
[INFO] shoot_moving_target_13. Step: 2450000. Time Elapsed: 3447.618 s. Mean Reward: 35.743. Std of Reward: 23.063. Training.
[INFO] shoot_moving_target_13. Step: 2500000. Time Elapsed: 3512.992 s. Mean Reward: 34.328. Std of Reward: 25.329. Training.
[INFO] Exported results/shoot_moving_target_13/shoot_moving_target_13/shoot_moving_target_13-2499968.onnx
[INFO] shoot_moving_target_13. Step: 2550000. Time Elapsed: 3584.836 s. Mean Reward: 24.251. Std of Reward: 22.683. Training.
[INFO] shoot_moving_target_13. Step: 2600000. Time Elapsed: 3649.608 s. Mean Reward: 37.768. Std of Reward: 22.334. Training.
[INFO] shoot_moving_target_13. Step: 2650000. Time Elapsed: 3714.769 s. Mean Reward: 35.052. Std of Reward: 20.316. Training.
[INFO] shoot_moving_target_13. Step: 2700000. Time Elapsed: 3793.183 s. Mean Reward: 32.817. Std of Reward: 18.836. Training.
[INFO] shoot_moving_target_13. Step: 2750000. Time Elapsed: 3858.609 s. Mean Reward: 38.955. Std of Reward: 19.954. Training.
[INFO] shoot_moving_target_13. Step: 2800000. Time Elapsed: 3930.307 s. Mean Reward: 33.605. Std of Reward: 21.514. Training.
[INFO] shoot_moving_target_13. Step: 2850000. Time Elapsed: 3995.006 s. Mean Reward: 50.323. Std of Reward: 22.957. Training.
[INFO] shoot_moving_target_13. Step: 2900000. Time Elapsed: 4074.041 s. Mean Reward: 42.178. Std of Reward: 24.111. Training.
[INFO] shoot_moving_target_13. Step: 2950000. Time Elapsed: 4138.283 s. Mean Reward: 40.834. Std of Reward: 20.766. Training.
[INFO] shoot_moving_target_13. Step: 3000000. Time Elapsed: 4210.194 s. Mean Reward: 49.129. Std of Reward: 17.798. Training.
[INFO] Exported results/shoot_moving_target_13/shoot_moving_target_13/shoot_moving_target_13-2999808.onnx
[INFO] shoot_moving_target_13. Step: 3050000. Time Elapsed: 4275.350 s. Mean Reward: 44.054. Std of Reward: 27.999. Training.
[INFO] shoot_moving_target_13. Step: 3100000. Time Elapsed: 4340.168 s. Mean Reward: 58.098. Std of Reward: 27.284. Training.
[INFO] shoot_moving_target_13. Step: 3150000. Time Elapsed: 4419.276 s. Mean Reward: 66.591. Std of Reward: 21.759. Training.
[INFO] shoot_moving_target_13. Step: 3200000. Time Elapsed: 4483.435 s. Mean Reward: 57.508. Std of Reward: 24.216. Training.
[INFO] shoot_moving_target_13. Step: 3250000. Time Elapsed: 4555.731 s. Mean Reward: 43.916. Std of Reward: 20.234. Training.
[INFO] shoot_moving_target_13. Step: 3300000. Time Elapsed: 4620.738 s. Mean Reward: 52.729. Std of Reward: 25.190. Training.
[INFO] shoot_moving_target_13. Step: 3350000. Time Elapsed: 4699.263 s. Mean Reward: 49.597. Std of Reward: 18.539. Training.
[INFO] shoot_moving_target_13. Step: 3400000. Time Elapsed: 4764.750 s. Mean Reward: 38.891. Std of Reward: 28.719. Training.
[INFO] shoot_moving_target_13. Step: 3450000. Time Elapsed: 4836.479 s. Mean Reward: 49.118. Std of Reward: 23.413. Training.
[INFO] shoot_moving_target_13. Step: 3500000. Time Elapsed: 4901.272 s. Mean Reward: 54.705. Std of Reward: 25.772. Training.
[INFO] Exported results/shoot_moving_target_13/shoot_moving_target_13/shoot_moving_target_13-3499984.onnx
[INFO] shoot_moving_target_13. Step: 3550000. Time Elapsed: 4980.513 s. Mean Reward: 53.046. Std of Reward: 23.623. Training.
[INFO] shoot_moving_target_13. Step: 3600000. Time Elapsed: 5044.857 s. Mean Reward: 57.743. Std of Reward: 25.819. Training.
[INFO] shoot_moving_target_13. Step: 3650000. Time Elapsed: 5110.289 s. Mean Reward: 58.587. Std of Reward: 28.911. Training.
[INFO] shoot_moving_target_13. Step: 3700000. Time Elapsed: 5182.028 s. Mean Reward: 69.944. Std of Reward: 24.894. Training.
[INFO] shoot_moving_target_13. Step: 3750000. Time Elapsed: 5246.766 s. Mean Reward: 63.277. Std of Reward: 23.432. Training.
[INFO] shoot_moving_target_13. Step: 3800000. Time Elapsed: 5325.760 s. Mean Reward: 63.741. Std of Reward: 27.403. Training.
[INFO] shoot_moving_target_13. Step: 3850000. Time Elapsed: 5390.346 s. Mean Reward: 53.627. Std of Reward: 24.043. Training.
[INFO] shoot_moving_target_13. Step: 3900000. Time Elapsed: 5462.528 s. Mean Reward: 45.363. Std of Reward: 22.554. Training.
[INFO] shoot_moving_target_13. Step: 3950000. Time Elapsed: 5527.700 s. Mean Reward: 50.483. Std of Reward: 21.516. Training.
[INFO] shoot_moving_target_13. Step: 4000000. Time Elapsed: 5606.109 s. Mean Reward: 55.399. Std of Reward: 24.808. Training.
[INFO] Exported results/shoot_moving_target_13/shoot_moving_target_13/shoot_moving_target_13-3999768.onnx
[INFO] shoot_moving_target_13. Step: 4050000. Time Elapsed: 5671.636 s. Mean Reward: 62.677. Std of Reward: 33.416. Training.
[INFO] shoot_moving_target_13. Step: 4100000. Time Elapsed: 5743.345 s. Mean Reward: 59.894. Std of Reward: 22.713. Training.
[INFO] shoot_moving_target_13. Step: 4150000. Time Elapsed: 5808.102 s. Mean Reward: 55.429. Std of Reward: 22.984. Training.
[INFO] shoot_moving_target_13. Step: 4200000. Time Elapsed: 5873.241 s. Mean Reward: 61.534. Std of Reward: 21.926. Training.
[INFO] shoot_moving_target_13. Step: 4250000. Time Elapsed: 5951.656 s. Mean Reward: 67.158. Std of Reward: 27.124. Training.
[INFO] shoot_moving_target_13. Step: 4300000. Time Elapsed: 6017.016 s. Mean Reward: 62.959. Std of Reward: 25.044. Training.
[INFO] shoot_moving_target_13. Step: 4350000. Time Elapsed: 6088.961 s. Mean Reward: 65.566. Std of Reward: 23.498. Training.
[INFO] shoot_moving_target_13. Step: 4400000. Time Elapsed: 6153.686 s. Mean Reward: 67.007. Std of Reward: 28.003. Training.
[INFO] shoot_moving_target_13. Step: 4450000. Time Elapsed: 6232.844 s. Mean Reward: 72.601. Std of Reward: 28.016. Training.
[INFO] shoot_moving_target_13. Step: 4500000. Time Elapsed: 6297.369 s. Mean Reward: 71.043. Std of Reward: 27.563. Training.
[INFO] Exported results/shoot_moving_target_13/shoot_moving_target_13/shoot_moving_target_13-4499864.onnx
[INFO] shoot_moving_target_13. Step: 4550000. Time Elapsed: 6369.846 s. Mean Reward: 70.690. Std of Reward: 29.782. Training.
[INFO] shoot_moving_target_13. Step: 4600000. Time Elapsed: 6434.973 s. Mean Reward: 73.237. Std of Reward: 30.716. Training.
[INFO] shoot_moving_target_13. Step: 4650000. Time Elapsed: 6499.694 s. Mean Reward: 73.622. Std of Reward: 26.983. Training.
[INFO] shoot_moving_target_13. Step: 4700000. Time Elapsed: 6578.759 s. Mean Reward: 74.396. Std of Reward: 26.182. Training.
[INFO] shoot_moving_target_13. Step: 4750000. Time Elapsed: 6643.085 s. Mean Reward: 74.365. Std of Reward: 26.724. Training.
[INFO] shoot_moving_target_13. Step: 4800000. Time Elapsed: 6715.241 s. Mean Reward: 66.962. Std of Reward: 28.442. Training.
[INFO] shoot_moving_target_13. Step: 4850000. Time Elapsed: 6780.372 s. Mean Reward: 68.390. Std of Reward: 24.117. Training.
[INFO] shoot_moving_target_13. Step: 4900000. Time Elapsed: 6858.973 s. Mean Reward: 80.337. Std of Reward: 25.970. Training.
[INFO] shoot_moving_target_13. Step: 4950000. Time Elapsed: 6924.599 s. Mean Reward: 78.820. Std of Reward: 23.819. Training.
[INFO] shoot_moving_target_13. Step: 5000000. Time Elapsed: 6996.441 s. Mean Reward: 72.203. Std of Reward: 29.492. Training.
[INFO] Exported results/shoot_moving_target_13/shoot_moving_target_13/shoot_moving_target_13-4999960.onnx
[INFO] shoot_moving_target_13. Step: 5050000. Time Elapsed: 7061.389 s. Mean Reward: 85.948. Std of Reward: 31.060. Training.
[INFO] shoot_moving_target_13. Step: 5100000. Time Elapsed: 7140.755 s. Mean Reward: 79.916. Std of Reward: 29.152. Training.
[INFO] shoot_moving_target_13. Step: 5150000. Time Elapsed: 7205.209 s. Mean Reward: 71.102. Std of Reward: 26.421. Training.
[INFO] shoot_moving_target_13. Step: 5200000. Time Elapsed: 7270.840 s. Mean Reward: 82.206. Std of Reward: 27.286. Training.
[INFO] shoot_moving_target_13. Step: 5250000. Time Elapsed: 7342.870 s. Mean Reward: 77.504. Std of Reward: 29.555. Training.
[INFO] shoot_moving_target_13. Step: 5300000. Time Elapsed: 7407.570 s. Mean Reward: 76.356. Std of Reward: 31.788. Training.
[INFO] shoot_moving_target_13. Step: 5350000. Time Elapsed: 7487.350 s. Mean Reward: 78.327. Std of Reward: 27.501. Training.
[INFO] shoot_moving_target_13. Step: 5400000. Time Elapsed: 7551.728 s. Mean Reward: 98.248. Std of Reward: 27.140. Training.
[INFO] shoot_moving_target_13. Step: 5450000. Time Elapsed: 7623.912 s. Mean Reward: 103.816. Std of Reward: 28.122. Training.
[INFO] shoot_moving_target_13. Step: 5500000. Time Elapsed: 7689.085 s. Mean Reward: 85.045. Std of Reward: 26.769. Training.
[INFO] Exported results/shoot_moving_target_13/shoot_moving_target_13/shoot_moving_target_13-5499800.onnx
[INFO] shoot_moving_target_13. Step: 5550000. Time Elapsed: 7767.794 s. Mean Reward: 86.431. Std of Reward: 29.956. Training.
[INFO] shoot_moving_target_13. Step: 5600000. Time Elapsed: 7833.290 s. Mean Reward: 89.003. Std of Reward: 25.949. Training.
[INFO] shoot_moving_target_13. Step: 5650000. Time Elapsed: 7905.250 s. Mean Reward: 87.627. Std of Reward: 29.264. Training.
[INFO] shoot_moving_target_13. Step: 5700000. Time Elapsed: 7969.956 s. Mean Reward: 83.067. Std of Reward: 22.780. Training.
[INFO] shoot_moving_target_13. Step: 5750000. Time Elapsed: 8035.144 s. Mean Reward: 84.499. Std of Reward: 30.064. Training.
[INFO] shoot_moving_target_13. Step: 5800000. Time Elapsed: 8113.612 s. Mean Reward: 90.971. Std of Reward: 28.651. Training.
[INFO] shoot_moving_target_13. Step: 5850000. Time Elapsed: 8179.354 s. Mean Reward: 100.988. Std of Reward: 25.319. Training.
[INFO] shoot_moving_target_13. Step: 5900000. Time Elapsed: 8251.265 s. Mean Reward: 100.586. Std of Reward: 26.127. Training.
[INFO] shoot_moving_target_13. Step: 5950000. Time Elapsed: 8316.114 s. Mean Reward: 104.691. Std of Reward: 24.099. Training.
[INFO] shoot_moving_target_13. Step: 6000000. Time Elapsed: 8395.320 s. Mean Reward: 95.804. Std of Reward: 28.048. Training.
[INFO] Exported results/shoot_moving_target_13/shoot_moving_target_13/shoot_moving_target_13-5999896.onnx
[INFO] shoot_moving_target_13. Step: 6050000. Time Elapsed: 8459.869 s. Mean Reward: 88.152. Std of Reward: 22.217. Training.
[INFO] shoot_moving_target_13. Step: 6100000. Time Elapsed: 8532.112 s. Mean Reward: 80.211. Std of Reward: 22.312. Training.
[INFO] shoot_moving_target_13. Step: 6150000. Time Elapsed: 8597.272 s. Mean Reward: 85.362. Std of Reward: 26.744. Training.
[INFO] shoot_moving_target_13. Step: 6200000. Time Elapsed: 8662.297 s. Mean Reward: 95.558. Std of Reward: 31.018. Training.
[INFO] shoot_moving_target_13. Step: 6250000. Time Elapsed: 8741.544 s. Mean Reward: 80.643. Std of Reward: 28.836. Training.
[INFO] shoot_moving_target_13. Step: 6300000. Time Elapsed: 8806.069 s. Mean Reward: 86.189. Std of Reward: 28.441. Training.
[INFO] shoot_moving_target_13. Step: 6350000. Time Elapsed: 8878.353 s. Mean Reward: 88.346. Std of Reward: 31.756. Training.
[INFO] shoot_moving_target_13. Step: 6400000. Time Elapsed: 8943.632 s. Mean Reward: 90.192. Std of Reward: 31.554. Training.
[INFO] shoot_moving_target_13. Step: 6450000. Time Elapsed: 9022.320 s. Mean Reward: 95.136. Std of Reward: 30.782. Training.
[INFO] shoot_moving_target_13. Step: 6500000. Time Elapsed: 9088.035 s. Mean Reward: 104.411. Std of Reward: 27.237. Training.
[INFO] Exported results/shoot_moving_target_13/shoot_moving_target_13/shoot_moving_target_13-6499992.onnx
[INFO] shoot_moving_target_13. Step: 6550000. Time Elapsed: 9159.963 s. Mean Reward: 102.882. Std of Reward: 29.173. Training.
[INFO] shoot_moving_target_13. Step: 6600000. Time Elapsed: 9225.019 s. Mean Reward: 112.704. Std of Reward: 31.932. Training.
[INFO] shoot_moving_target_13. Step: 6650000. Time Elapsed: 9304.498 s. Mean Reward: 109.063. Std of Reward: 29.230. Training.
[INFO] shoot_moving_target_13. Step: 6700000. Time Elapsed: 9369.097 s. Mean Reward: 108.207. Std of Reward: 30.863. Training.
[INFO] shoot_moving_target_13. Step: 6750000. Time Elapsed: 9434.857 s. Mean Reward: 102.304. Std of Reward: 33.388. Training.
[INFO] shoot_moving_target_13. Step: 6800000. Time Elapsed: 9506.875 s. Mean Reward: 104.058. Std of Reward: 31.602. Training.
[INFO] shoot_moving_target_13. Step: 6850000. Time Elapsed: 9571.879 s. Mean Reward: 98.462. Std of Reward: 30.569. Training.
[INFO] shoot_moving_target_13. Step: 6900000. Time Elapsed: 9651.317 s. Mean Reward: 97.066. Std of Reward: 22.395. Training.
[INFO] shoot_moving_target_13. Step: 6950000. Time Elapsed: 9716.083 s. Mean Reward: 99.121. Std of Reward: 24.984. Training.
[INFO] shoot_moving_target_13. Step: 7000000. Time Elapsed: 9788.392 s. Mean Reward: 99.871. Std of Reward: 31.215. Training.
[INFO] Exported results/shoot_moving_target_13/shoot_moving_target_13/shoot_moving_target_13-6999968.onnx
[INFO] shoot_moving_target_13. Step: 7050000. Time Elapsed: 9854.504 s. Mean Reward: 99.846. Std of Reward: 30.302. Training.
[INFO] shoot_moving_target_13. Step: 7100000. Time Elapsed: 9932.991 s. Mean Reward: 100.984. Std of Reward: 24.585. Training.
[INFO] shoot_moving_target_13. Step: 7150000. Time Elapsed: 10001.157 s. Mean Reward: 105.424. Std of Reward: 31.644. Training.
[INFO] shoot_moving_target_13. Step: 7200000. Time Elapsed: 10076.202 s. Mean Reward: 113.028. Std of Reward: 27.779. Training.
[INFO] shoot_moving_target_13. Step: 7250000. Time Elapsed: 10145.970 s. Mean Reward: 106.916. Std of Reward: 39.702. Training.
[INFO] shoot_moving_target_13. Step: 7300000. Time Elapsed: 10216.190 s. Mean Reward: 103.888. Std of Reward: 29.070. Training.
[INFO] shoot_moving_target_13. Step: 7350000. Time Elapsed: 10300.976 s. Mean Reward: 116.116. Std of Reward: 35.025. Training.
[INFO] shoot_moving_target_13. Step: 7400000. Time Elapsed: 10371.616 s. Mean Reward: 124.822. Std of Reward: 36.558. Training.
[INFO] shoot_moving_target_13. Step: 7450000. Time Elapsed: 10448.015 s. Mean Reward: 117.845. Std of Reward: 23.117. Training.
[INFO] shoot_moving_target_13. Step: 7500000. Time Elapsed: 10517.493 s. Mean Reward: 123.194. Std of Reward: 26.116. Training.
[INFO] Exported results/shoot_moving_target_13/shoot_moving_target_13/shoot_moving_target_13-7499912.onnx
[INFO] shoot_moving_target_13. Step: 7550000. Time Elapsed: 10601.617 s. Mean Reward: 109.853. Std of Reward: 23.247. Training.
[INFO] shoot_moving_target_13. Step: 7600000. Time Elapsed: 10669.591 s. Mean Reward: 114.622. Std of Reward: 28.930. Training.
[INFO] shoot_moving_target_13. Step: 7650000. Time Elapsed: 10747.269 s. Mean Reward: 114.692. Std of Reward: 25.774. Training.
[INFO] shoot_moving_target_13. Step: 7700000. Time Elapsed: 10813.878 s. Mean Reward: 106.768. Std of Reward: 26.484. Training.
[INFO] shoot_moving_target_13. Step: 7750000. Time Elapsed: 10881.667 s. Mean Reward: 107.722. Std of Reward: 33.302. Training.
[INFO] shoot_moving_target_13. Step: 7800000. Time Elapsed: 10966.569 s. Mean Reward: 116.859. Std of Reward: 32.983. Training.
[INFO] shoot_moving_target_13. Step: 7850000. Time Elapsed: 11035.742 s. Mean Reward: 123.740. Std of Reward: 31.368. Training.
[INFO] shoot_moving_target_13. Step: 7900000. Time Elapsed: 11112.100 s. Mean Reward: 131.222. Std of Reward: 25.920. Training.
[INFO] shoot_moving_target_13. Step: 7950000. Time Elapsed: 11181.258 s. Mean Reward: 124.697. Std of Reward: 24.655. Training.
[INFO] shoot_moving_target_13. Step: 8000000. Time Elapsed: 11263.340 s. Mean Reward: 128.352. Std of Reward: 29.205. Training.
[INFO] Exported results/shoot_moving_target_13/shoot_moving_target_13/shoot_moving_target_13-7999792.onnx
[INFO] shoot_moving_target_13. Step: 8050000. Time Elapsed: 11333.567 s. Mean Reward: 130.536. Std of Reward: 27.261. Training.
[INFO] shoot_moving_target_13. Step: 8100000. Time Elapsed: 11410.395 s. Mean Reward: 125.162. Std of Reward: 27.261. Training.
[INFO] shoot_moving_target_13. Step: 8150000. Time Elapsed: 11480.317 s. Mean Reward: 113.960. Std of Reward: 31.686. Training.
[INFO] shoot_moving_target_13. Step: 8200000. Time Elapsed: 11563.734 s. Mean Reward: 120.474. Std of Reward: 28.753. Training.
[INFO] shoot_moving_target_13. Step: 8250000. Time Elapsed: 11630.938 s. Mean Reward: 123.167. Std of Reward: 28.849. Training.
[INFO] shoot_moving_target_13. Step: 8300000. Time Elapsed: 11701.146 s. Mean Reward: 119.264. Std of Reward: 31.560. Training.
[INFO] shoot_moving_target_13. Step: 8350000. Time Elapsed: 11776.988 s. Mean Reward: 126.215. Std of Reward: 30.833. Training.
[INFO] shoot_moving_target_13. Step: 8400000. Time Elapsed: 11845.882 s. Mean Reward: 126.832. Std of Reward: 24.371. Training.
[INFO] shoot_moving_target_13. Step: 8450000. Time Elapsed: 11930.469 s. Mean Reward: 112.038. Std of Reward: 30.746. Training.
[INFO] shoot_moving_target_13. Step: 8500000. Time Elapsed: 11999.088 s. Mean Reward: 125.184. Std of Reward: 29.075. Training.
[INFO] Exported results/shoot_moving_target_13/shoot_moving_target_13/shoot_moving_target_13-8499888.onnx
[INFO] shoot_moving_target_13. Step: 8550000. Time Elapsed: 12076.623 s. Mean Reward: 131.770. Std of Reward: 27.114. Training.
[INFO] shoot_moving_target_13. Step: 8600000. Time Elapsed: 12145.448 s. Mean Reward: 129.880. Std of Reward: 19.845. Training.
[INFO] shoot_moving_target_13. Step: 8650000. Time Elapsed: 12224.818 s. Mean Reward: 130.792. Std of Reward: 27.008. Training.
[INFO] shoot_moving_target_13. Step: 8700000. Time Elapsed: 12292.003 s. Mean Reward: 129.076. Std of Reward: 25.424. Training.
[INFO] shoot_moving_target_13. Step: 8750000. Time Elapsed: 12368.171 s. Mean Reward: 128.339. Std of Reward: 27.116. Training.
[INFO] shoot_moving_target_13. Step: 8800000. Time Elapsed: 12437.664 s. Mean Reward: 128.506. Std of Reward: 25.698. Training.
[INFO] shoot_moving_target_13. Step: 8850000. Time Elapsed: 12507.294 s. Mean Reward: 126.975. Std of Reward: 25.847. Training.
[INFO] shoot_moving_target_13. Step: 8900000. Time Elapsed: 12589.875 s. Mean Reward: 127.280. Std of Reward: 24.327. Training.
[INFO] shoot_moving_target_13. Step: 8950000. Time Elapsed: 12658.254 s. Mean Reward: 135.887. Std of Reward: 31.326. Training.
[INFO] shoot_moving_target_13. Step: 9000000. Time Elapsed: 12734.525 s. Mean Reward: 134.274. Std of Reward: 31.475. Training.
[INFO] Exported results/shoot_moving_target_13/shoot_moving_target_13/shoot_moving_target_13-8999984.onnx
[INFO] shoot_moving_target_13. Step: 9050000. Time Elapsed: 12803.179 s. Mean Reward: 136.708. Std of Reward: 30.388. Training.
[INFO] shoot_moving_target_13. Step: 9100000. Time Elapsed: 12887.359 s. Mean Reward: 130.732. Std of Reward: 24.025. Training.
[INFO] shoot_moving_target_13. Step: 9150000. Time Elapsed: 12957.715 s. Mean Reward: 135.612. Std of Reward: 26.667. Training.
[INFO] shoot_moving_target_13. Step: 9200000. Time Elapsed: 13040.233 s. Mean Reward: 135.763. Std of Reward: 29.599. Training.
[INFO] shoot_moving_target_13. Step: 9250000. Time Elapsed: 13113.240 s. Mean Reward: 140.533. Std of Reward: 27.750. Training.
[INFO] shoot_moving_target_13. Step: 9300000. Time Elapsed: 13186.618 s. Mean Reward: 145.350. Std of Reward: 33.832. Training.
[INFO] shoot_moving_target_13. Step: 9350000. Time Elapsed: 13275.290 s. Mean Reward: 146.134. Std of Reward: 30.791. Training.
[INFO] shoot_moving_target_13. Step: 9400000. Time Elapsed: 13348.774 s. Mean Reward: 148.887. Std of Reward: 29.062. Training.
[INFO] shoot_moving_target_13. Step: 9450000. Time Elapsed: 13426.862 s. Mean Reward: 148.946. Std of Reward: 29.045. Training.
[INFO] shoot_moving_target_13. Step: 9500000. Time Elapsed: 13496.381 s. Mean Reward: 139.803. Std of Reward: 30.596. Training.
[INFO] Exported results/shoot_moving_target_13/shoot_moving_target_13/shoot_moving_target_13-9499824.onnx
[INFO] shoot_moving_target_13. Step: 9550000. Time Elapsed: 13576.728 s. Mean Reward: 145.171. Std of Reward: 30.521. Training.
[INFO] shoot_moving_target_13. Step: 9600000. Time Elapsed: 13646.814 s. Mean Reward: 149.854. Std of Reward: 35.016. Training.
[INFO] shoot_moving_target_13. Step: 9650000. Time Elapsed: 13726.046 s. Mean Reward: 150.464. Std of Reward: 36.272. Training.
[INFO] shoot_moving_target_13. Step: 9700000. Time Elapsed: 13795.383 s. Mean Reward: 137.419. Std of Reward: 38.037. Training.
[INFO] shoot_moving_target_13. Step: 9750000. Time Elapsed: 13878.790 s. Mean Reward: 138.717. Std of Reward: 26.038. Training.
[INFO] shoot_moving_target_13. Step: 9800000. Time Elapsed: 13945.987 s. Mean Reward: 137.784. Std of Reward: 29.498. Training.
[INFO] shoot_moving_target_13. Step: 9850000. Time Elapsed: 14017.731 s. Mean Reward: 131.943. Std of Reward: 26.444. Training.
[INFO] shoot_moving_target_13. Step: 9900000. Time Elapsed: 14094.048 s. Mean Reward: 135.145. Std of Reward: 28.630. Training.
[INFO] shoot_moving_target_13. Step: 9950000. Time Elapsed: 14165.961 s. Mean Reward: 143.572. Std of Reward: 30.554. Training.
[INFO] shoot_moving_target_13. Step: 10000000. Time Elapsed: 14253.475 s. Mean Reward: 137.391. Std of Reward: 28.839. Training.
[INFO] Exported results/shoot_moving_target_13/shoot_moving_target_13/shoot_moving_target_13-9999920.onnx
[INFO] Exported results/shoot_moving_target_13/shoot_moving_target_13/shoot_moving_target_13-10005808.onnx
[INFO] Copied results/shoot_moving_target_13/shoot_moving_target_13/shoot_moving_target_13-10005808.onnx to results/shoot_moving_target_13/shoot_moving_target_13.onnx.
