
            ┐  ╖
        ╓╖╬│╡  ││╬╖╖
    ╓╖╬│││││┘  ╬│││││╬╖
 ╖╬│││││╬╜        ╙╬│││││╖╖                               ╗╗╗
 ╬╬╬╬╖││╦╖        ╖╬││╗╣╣╣╬      ╟╣╣╬    ╟╣╣╣             ╜╜╜  ╟╣╣
 ╬╬╬╬╬╬╬╬╖│╬╖╖╓╬╪│╓╣╣╣╣╣╣╣╬      ╟╣╣╬    ╟╣╣╣ ╒╣╣╖╗╣╣╣╗   ╣╣╣ ╣╣╣╣╣╣ ╟╣╣╖   ╣╣╣
 ╬╬╬╬┐  ╙╬╬╬╬│╓╣╣╣╝╜  ╫╣╣╣╬      ╟╣╣╬    ╟╣╣╣ ╟╣╣╣╙ ╙╣╣╣  ╣╣╣ ╙╟╣╣╜╙  ╫╣╣  ╟╣╣
 ╬╬╬╬┐     ╙╬╬╣╣      ╫╣╣╣╬      ╟╣╣╬    ╟╣╣╣ ╟╣╣╬   ╣╣╣  ╣╣╣  ╟╣╣     ╣╣╣┌╣╣╜
 ╬╬╬╜       ╬╬╣╣      ╙╝╣╣╬      ╙╣╣╣╗╖╓╗╣╣╣╜ ╟╣╣╬   ╣╣╣  ╣╣╣  ╟╣╣╦╓    ╣╣╣╣╣
 ╙   ╓╦╖    ╬╬╣╣   ╓╗╗╖            ╙╝╣╣╣╣╝╜   ╘╝╝╜   ╝╝╝  ╝╝╝   ╙╣╣╣    ╟╣╣╣
   ╩╬╬╬╬╬╬╦╦╬╬╣╣╗╣╣╣╣╣╣╣╝                                             ╫╣╣╣╣
      ╙╬╬╬╬╬╬╬╣╣╣╣╣╣╝╜
          ╙╬╬╬╣╣╣╜
             ╙
        
 Version information:
  ml-agents: 0.30.0,
  ml-agents-envs: 0.30.0,
  Communicator API: 1.5.0,
  PyTorch: 1.13.1+cu117
[INFO] Listening on port 5004. Start training by pressing the Play button in the Unity Editor.
[INFO] Connected to Unity environment with package version 2.3.0-exp.3 and communication version 1.5.0
[INFO] Connected new brain: shoot_moving_target_12?team=0
[INFO] Hyperparameters for behavior name shoot_moving_target_12: 
	trainer_type:	ppo
	hyperparameters:	
	  batch_size:	256
	  buffer_size:	8192
	  learning_rate:	0.0003
	  beta:	0.005
	  epsilon:	0.2
	  lambd:	0.95
	  num_epoch:	3
	  shared_critic:	False
	  learning_rate_schedule:	linear
	  beta_schedule:	linear
	  epsilon_schedule:	linear
	network_settings:	
	  normalize:	False
	  hidden_units:	128
	  num_layers:	5
	  vis_encode_type:	simple
	  memory:	None
	  goal_conditioning_type:	hyper
	  deterministic:	False
	reward_signals:	
	  extrinsic:	
	    gamma:	0.9
	    strength:	1.0
	    network_settings:	
	      normalize:	False
	      hidden_units:	128
	      num_layers:	2
	      vis_encode_type:	simple
	      memory:	None
	      goal_conditioning_type:	hyper
	      deterministic:	False
	  curiosity:	
	    gamma:	0.99
	    strength:	0.02
	    network_settings:	
	      normalize:	False
	      hidden_units:	128
	      num_layers:	3
	      vis_encode_type:	simple
	      memory:	None
	      goal_conditioning_type:	hyper
	      deterministic:	False
	    learning_rate:	0.0003
	    encoding_size:	None
	init_path:	None
	keep_checkpoints:	100
	checkpoint_interval:	500000
	max_steps:	10000000
	time_horizon:	256
	summary_freq:	50000
	threaded:	False
	self_play:	None
	behavioral_cloning:	None
/home/mih/.local/share/virtualenvs/ml_agents_test-Mi5MBi39/lib/python3.10/site-packages/mlagents/trainers/torch_entities/utils.py:289: UserWarning: The use of `x.T` on tensors of dimension other than 2 to reverse their shape is deprecated and it will throw an error in a future release. Consider `x.mT` to transpose batches of matrices or `x.permute(*torch.arange(x.ndim - 1, -1, -1))` to reverse the dimensions of a tensor. (Triggered internally at ../aten/src/ATen/native/TensorShape.cpp:3277.)
  torch.nn.functional.one_hot(_act.T, action_size[i]).float()
[INFO] shoot_moving_target_12. Step: 50000. Time Elapsed: 85.909 s. Mean Reward: -82.789. Std of Reward: 12.244. Training.
[INFO] shoot_moving_target_12. Step: 100000. Time Elapsed: 157.790 s. Mean Reward: -68.946. Std of Reward: 23.520. Training.
[INFO] shoot_moving_target_12. Step: 150000. Time Elapsed: 238.363 s. Mean Reward: -38.168. Std of Reward: 10.579. Training.
[INFO] shoot_moving_target_12. Step: 200000. Time Elapsed: 311.373 s. Mean Reward: -34.157. Std of Reward: 10.521. Training.
[INFO] shoot_moving_target_12. Step: 250000. Time Elapsed: 398.837 s. Mean Reward: -31.424. Std of Reward: 9.862. Training.
[INFO] shoot_moving_target_12. Step: 300000. Time Elapsed: 471.496 s. Mean Reward: -31.977. Std of Reward: 9.017. Training.
[INFO] shoot_moving_target_12. Step: 350000. Time Elapsed: 551.830 s. Mean Reward: -25.885. Std of Reward: 9.836. Training.
[INFO] shoot_moving_target_12. Step: 400000. Time Elapsed: 624.835 s. Mean Reward: -24.282. Std of Reward: 9.440. Training.
[INFO] shoot_moving_target_12. Step: 450000. Time Elapsed: 710.213 s. Mean Reward: -23.891. Std of Reward: 10.216. Training.
[INFO] shoot_moving_target_12. Step: 500000. Time Elapsed: 782.803 s. Mean Reward: -25.796. Std of Reward: 11.294. Training.
[INFO] Exported results/shoot_moving_target_12/shoot_moving_target_12/shoot_moving_target_12-499840.onnx
[INFO] shoot_moving_target_12. Step: 550000. Time Elapsed: 855.854 s. Mean Reward: -22.911. Std of Reward: 11.888. Training.
[INFO] shoot_moving_target_12. Step: 600000. Time Elapsed: 936.744 s. Mean Reward: -19.320. Std of Reward: 10.183. Training.
[INFO] shoot_moving_target_12. Step: 650000. Time Elapsed: 1007.719 s. Mean Reward: -18.670. Std of Reward: 11.091. Training.
[INFO] shoot_moving_target_12. Step: 700000. Time Elapsed: 1096.109 s. Mean Reward: -14.497. Std of Reward: 11.244. Training.
[INFO] shoot_moving_target_12. Step: 750000. Time Elapsed: 1170.231 s. Mean Reward: -17.396. Std of Reward: 11.616. Training.
[INFO] shoot_moving_target_12. Step: 800000. Time Elapsed: 1253.257 s. Mean Reward: -19.373. Std of Reward: 12.040. Training.
[INFO] shoot_moving_target_12. Step: 850000. Time Elapsed: 1327.372 s. Mean Reward: -18.946. Std of Reward: 8.884. Training.
[INFO] shoot_moving_target_12. Step: 900000. Time Elapsed: 1415.825 s. Mean Reward: -16.313. Std of Reward: 12.712. Training.
[INFO] shoot_moving_target_12. Step: 950000. Time Elapsed: 1489.790 s. Mean Reward: -18.275. Std of Reward: 14.357. Training.
[INFO] shoot_moving_target_12. Step: 1000000. Time Elapsed: 1570.815 s. Mean Reward: -14.060. Std of Reward: 14.673. Training.
[INFO] Exported results/shoot_moving_target_12/shoot_moving_target_12/shoot_moving_target_12-999936.onnx
[INFO] shoot_moving_target_12. Step: 1050000. Time Elapsed: 1644.269 s. Mean Reward: -9.358. Std of Reward: 15.951. Training.
[INFO] shoot_moving_target_12. Step: 1100000. Time Elapsed: 1718.268 s. Mean Reward: -8.205. Std of Reward: 14.475. Training.
[INFO] shoot_moving_target_12. Step: 1150000. Time Elapsed: 1811.899 s. Mean Reward: -7.137. Std of Reward: 15.028. Training.
[INFO] shoot_moving_target_12. Step: 1200000. Time Elapsed: 1887.790 s. Mean Reward: -2.406. Std of Reward: 16.727. Training.
[INFO] shoot_moving_target_12. Step: 1250000. Time Elapsed: 1970.237 s. Mean Reward: -3.981. Std of Reward: 13.664. Training.
[INFO] shoot_moving_target_12. Step: 1300000. Time Elapsed: 2045.721 s. Mean Reward: 2.662. Std of Reward: 17.959. Training.
[INFO] shoot_moving_target_12. Step: 1350000. Time Elapsed: 2140.796 s. Mean Reward: -5.291. Std of Reward: 16.349. Training.
[INFO] shoot_moving_target_12. Step: 1400000. Time Elapsed: 2217.948 s. Mean Reward: 4.344. Std of Reward: 18.201. Training.
[INFO] shoot_moving_target_12. Step: 1450000. Time Elapsed: 2304.647 s. Mean Reward: 3.106. Std of Reward: 16.450. Training.
[INFO] shoot_moving_target_12. Step: 1500000. Time Elapsed: 2381.055 s. Mean Reward: 11.778. Std of Reward: 18.880. Training.
[INFO] Exported results/shoot_moving_target_12/shoot_moving_target_12/shoot_moving_target_12-1499776.onnx
[INFO] shoot_moving_target_12. Step: 1550000. Time Elapsed: 2460.702 s. Mean Reward: 12.336. Std of Reward: 18.802. Training.
[INFO] shoot_moving_target_12. Step: 1600000. Time Elapsed: 2556.582 s. Mean Reward: 15.357. Std of Reward: 18.064. Training.
[INFO] shoot_moving_target_12. Step: 1650000. Time Elapsed: 2630.616 s. Mean Reward: 16.006. Std of Reward: 23.173. Training.
[INFO] shoot_moving_target_12. Step: 1700000. Time Elapsed: 2712.749 s. Mean Reward: 16.412. Std of Reward: 20.183. Training.
[INFO] shoot_moving_target_12. Step: 1750000. Time Elapsed: 2785.105 s. Mean Reward: 21.837. Std of Reward: 23.118. Training.
[INFO] shoot_moving_target_12. Step: 1800000. Time Elapsed: 2873.706 s. Mean Reward: 17.798. Std of Reward: 22.826. Training.
[INFO] shoot_moving_target_12. Step: 1850000. Time Elapsed: 2948.471 s. Mean Reward: 13.123. Std of Reward: 18.984. Training.
[INFO] shoot_moving_target_12. Step: 1900000. Time Elapsed: 3032.230 s. Mean Reward: 19.899. Std of Reward: 18.604. Training.
[INFO] shoot_moving_target_12. Step: 1950000. Time Elapsed: 3109.397 s. Mean Reward: 23.940. Std of Reward: 23.606. Training.
[INFO] shoot_moving_target_12. Step: 2000000. Time Elapsed: 3200.902 s. Mean Reward: 20.009. Std of Reward: 23.607. Training.
[INFO] Exported results/shoot_moving_target_12/shoot_moving_target_12/shoot_moving_target_12-1999872.onnx
[INFO] shoot_moving_target_12. Step: 2050000. Time Elapsed: 3276.552 s. Mean Reward: 26.141. Std of Reward: 23.669. Training.
[INFO] shoot_moving_target_12. Step: 2100000. Time Elapsed: 3355.752 s. Mean Reward: 35.738. Std of Reward: 22.312. Training.
[INFO] shoot_moving_target_12. Step: 2150000. Time Elapsed: 3437.709 s. Mean Reward: 30.481. Std of Reward: 23.731. Training.
[INFO] shoot_moving_target_12. Step: 2200000. Time Elapsed: 3511.924 s. Mean Reward: 44.385. Std of Reward: 25.605. Training.
[INFO] shoot_moving_target_12. Step: 2250000. Time Elapsed: 3604.737 s. Mean Reward: 30.213. Std of Reward: 21.427. Training.
[INFO] shoot_moving_target_12. Step: 2300000. Time Elapsed: 3684.499 s. Mean Reward: 25.301. Std of Reward: 21.508. Training.
[INFO] shoot_moving_target_12. Step: 2350000. Time Elapsed: 3770.094 s. Mean Reward: 28.833. Std of Reward: 25.746. Training.
[INFO] shoot_moving_target_12. Step: 2400000. Time Elapsed: 3846.097 s. Mean Reward: 34.410. Std of Reward: 22.262. Training.
[INFO] shoot_moving_target_12. Step: 2450000. Time Elapsed: 3937.597 s. Mean Reward: 32.024. Std of Reward: 23.532. Training.
[INFO] shoot_moving_target_12. Step: 2500000. Time Elapsed: 4013.903 s. Mean Reward: 26.306. Std of Reward: 22.388. Training.
[INFO] Exported results/shoot_moving_target_12/shoot_moving_target_12/shoot_moving_target_12-2499968.onnx
[INFO] shoot_moving_target_12. Step: 2550000. Time Elapsed: 4097.484 s. Mean Reward: 34.095. Std of Reward: 23.075. Training.
[INFO] shoot_moving_target_12. Step: 2600000. Time Elapsed: 4170.661 s. Mean Reward: 32.999. Std of Reward: 19.430. Training.
[INFO] shoot_moving_target_12. Step: 2650000. Time Elapsed: 4243.605 s. Mean Reward: 28.843. Std of Reward: 23.189. Training.
[INFO] shoot_moving_target_12. Step: 2700000. Time Elapsed: 4331.282 s. Mean Reward: 29.837. Std of Reward: 19.479. Training.
[INFO] shoot_moving_target_12. Step: 2750000. Time Elapsed: 4404.687 s. Mean Reward: 33.063. Std of Reward: 23.669. Training.
[INFO] shoot_moving_target_12. Step: 2800000. Time Elapsed: 4484.985 s. Mean Reward: 40.102. Std of Reward: 22.012. Training.
[INFO] shoot_moving_target_12. Step: 2850000. Time Elapsed: 4557.747 s. Mean Reward: 43.880. Std of Reward: 26.870. Training.
[INFO] shoot_moving_target_12. Step: 2900000. Time Elapsed: 4646.938 s. Mean Reward: 45.302. Std of Reward: 21.523. Training.
[INFO] shoot_moving_target_12. Step: 2950000. Time Elapsed: 4720.392 s. Mean Reward: 40.819. Std of Reward: 20.849. Training.
[INFO] shoot_moving_target_12. Step: 3000000. Time Elapsed: 4801.926 s. Mean Reward: 50.246. Std of Reward: 30.109. Training.
[INFO] Exported results/shoot_moving_target_12/shoot_moving_target_12/shoot_moving_target_12-2999808.onnx
[INFO] shoot_moving_target_12. Step: 3050000. Time Elapsed: 4876.846 s. Mean Reward: 50.383. Std of Reward: 27.881. Training.
[INFO] shoot_moving_target_12. Step: 3100000. Time Elapsed: 4948.964 s. Mean Reward: 55.786. Std of Reward: 27.466. Training.
[INFO] shoot_moving_target_12. Step: 3150000. Time Elapsed: 5037.918 s. Mean Reward: 49.750. Std of Reward: 22.490. Training.
[INFO] shoot_moving_target_12. Step: 3200000. Time Elapsed: 5110.230 s. Mean Reward: 52.352. Std of Reward: 27.096. Training.
[INFO] shoot_moving_target_12. Step: 3250000. Time Elapsed: 5191.462 s. Mean Reward: 43.291. Std of Reward: 21.671. Training.
[INFO] shoot_moving_target_12. Step: 3300000. Time Elapsed: 5267.692 s. Mean Reward: 47.525. Std of Reward: 23.330. Training.
[INFO] shoot_moving_target_12. Step: 3350000. Time Elapsed: 5354.859 s. Mean Reward: 46.307. Std of Reward: 22.017. Training.
[INFO] shoot_moving_target_12. Step: 3400000. Time Elapsed: 5428.424 s. Mean Reward: 59.274. Std of Reward: 26.331. Training.
[INFO] shoot_moving_target_12. Step: 3450000. Time Elapsed: 5508.872 s. Mean Reward: 57.322. Std of Reward: 25.923. Training.
[INFO] shoot_moving_target_12. Step: 3500000. Time Elapsed: 5581.257 s. Mean Reward: 58.684. Std of Reward: 21.978. Training.
[INFO] Exported results/shoot_moving_target_12/shoot_moving_target_12/shoot_moving_target_12-3499984.onnx
[INFO] shoot_moving_target_12. Step: 3550000. Time Elapsed: 5672.479 s. Mean Reward: 65.211. Std of Reward: 26.996. Training.
[INFO] shoot_moving_target_12. Step: 3600000. Time Elapsed: 5745.723 s. Mean Reward: 67.062. Std of Reward: 25.168. Training.
[INFO] shoot_moving_target_12. Step: 3650000. Time Elapsed: 5818.221 s. Mean Reward: 67.571. Std of Reward: 28.296. Training.
[INFO] shoot_moving_target_12. Step: 3700000. Time Elapsed: 5898.674 s. Mean Reward: 72.017. Std of Reward: 30.632. Training.
[INFO] shoot_moving_target_12. Step: 3750000. Time Elapsed: 5972.413 s. Mean Reward: 59.576. Std of Reward: 28.833. Training.
[INFO] shoot_moving_target_12. Step: 3800000. Time Elapsed: 6058.678 s. Mean Reward: 51.024. Std of Reward: 26.789. Training.
[INFO] shoot_moving_target_12. Step: 3850000. Time Elapsed: 6130.259 s. Mean Reward: 62.619. Std of Reward: 27.035. Training.
[INFO] shoot_moving_target_12. Step: 3900000. Time Elapsed: 6210.270 s. Mean Reward: 63.656. Std of Reward: 26.002. Training.
[INFO] shoot_moving_target_12. Step: 3950000. Time Elapsed: 6283.716 s. Mean Reward: 72.121. Std of Reward: 26.327. Training.
[INFO] shoot_moving_target_12. Step: 4000000. Time Elapsed: 6371.321 s. Mean Reward: 76.251. Std of Reward: 26.740. Training.
[INFO] Exported results/shoot_moving_target_12/shoot_moving_target_12/shoot_moving_target_12-3999768.onnx
[INFO] shoot_moving_target_12. Step: 4050000. Time Elapsed: 6446.753 s. Mean Reward: 82.695. Std of Reward: 22.062. Training.
[INFO] shoot_moving_target_12. Step: 4100000. Time Elapsed: 6531.379 s. Mean Reward: 77.042. Std of Reward: 24.270. Training.
[INFO] shoot_moving_target_12. Step: 4150000. Time Elapsed: 6606.834 s. Mean Reward: 74.023. Std of Reward: 28.048. Training.
[INFO] shoot_moving_target_12. Step: 4200000. Time Elapsed: 6679.974 s. Mean Reward: 67.002. Std of Reward: 26.471. Training.
[INFO] shoot_moving_target_12. Step: 4250000. Time Elapsed: 6767.290 s. Mean Reward: 70.773. Std of Reward: 25.395. Training.
[INFO] shoot_moving_target_12. Step: 4300000. Time Elapsed: 6842.561 s. Mean Reward: 75.547. Std of Reward: 27.170. Training.
[INFO] shoot_moving_target_12. Step: 4350000. Time Elapsed: 6925.623 s. Mean Reward: 80.032. Std of Reward: 29.899. Training.
[INFO] shoot_moving_target_12. Step: 4400000. Time Elapsed: 7000.242 s. Mean Reward: 85.338. Std of Reward: 29.304. Training.
[INFO] shoot_moving_target_12. Step: 4450000. Time Elapsed: 7091.055 s. Mean Reward: 76.501. Std of Reward: 29.843. Training.
[INFO] shoot_moving_target_12. Step: 4500000. Time Elapsed: 7166.092 s. Mean Reward: 81.172. Std of Reward: 30.686. Training.
[INFO] Exported results/shoot_moving_target_12/shoot_moving_target_12/shoot_moving_target_12-4499864.onnx
[INFO] shoot_moving_target_12. Step: 4550000. Time Elapsed: 7250.257 s. Mean Reward: 76.483. Std of Reward: 29.737. Training.
[INFO] shoot_moving_target_12. Step: 4600000. Time Elapsed: 7326.165 s. Mean Reward: 83.407. Std of Reward: 24.744. Training.
[INFO] shoot_moving_target_12. Step: 4650000. Time Elapsed: 7401.692 s. Mean Reward: 78.517. Std of Reward: 26.333. Training.
[INFO] shoot_moving_target_12. Step: 4700000. Time Elapsed: 7494.545 s. Mean Reward: 86.777. Std of Reward: 30.689. Training.
[INFO] shoot_moving_target_12. Step: 4750000. Time Elapsed: 7570.290 s. Mean Reward: 80.188. Std of Reward: 29.593. Training.
[INFO] shoot_moving_target_12. Step: 4800000. Time Elapsed: 7655.222 s. Mean Reward: 89.146. Std of Reward: 26.594. Training.
[INFO] shoot_moving_target_12. Step: 4850000. Time Elapsed: 7730.408 s. Mean Reward: 87.523. Std of Reward: 26.546. Training.
[INFO] shoot_moving_target_12. Step: 4900000. Time Elapsed: 7821.788 s. Mean Reward: 87.027. Std of Reward: 29.982. Training.
[INFO] shoot_moving_target_12. Step: 4950000. Time Elapsed: 7897.976 s. Mean Reward: 75.284. Std of Reward: 26.523. Training.
[INFO] shoot_moving_target_12. Step: 5000000. Time Elapsed: 7981.045 s. Mean Reward: 78.098. Std of Reward: 19.582. Training.
[INFO] Exported results/shoot_moving_target_12/shoot_moving_target_12/shoot_moving_target_12-4999960.onnx
[INFO] shoot_moving_target_12. Step: 5050000. Time Elapsed: 8056.572 s. Mean Reward: 85.247. Std of Reward: 30.661. Training.
[INFO] shoot_moving_target_12. Step: 5100000. Time Elapsed: 8144.638 s. Mean Reward: 85.811. Std of Reward: 26.190. Training.
[INFO] shoot_moving_target_12. Step: 5150000. Time Elapsed: 8211.917 s. Mean Reward: 91.641. Std of Reward: 27.293. Training.
[INFO] shoot_moving_target_12. Step: 5200000. Time Elapsed: 8280.219 s. Mean Reward: 94.284. Std of Reward: 24.998. Training.
[INFO] shoot_moving_target_12. Step: 5250000. Time Elapsed: 8361.173 s. Mean Reward: 97.074. Std of Reward: 31.758. Training.
[INFO] shoot_moving_target_12. Step: 5300000. Time Elapsed: 8433.132 s. Mean Reward: 100.657. Std of Reward: 25.769. Training.
[INFO] shoot_moving_target_12. Step: 5350000. Time Elapsed: 8522.450 s. Mean Reward: 87.628. Std of Reward: 22.620. Training.
[INFO] shoot_moving_target_12. Step: 5400000. Time Elapsed: 8594.323 s. Mean Reward: 91.519. Std of Reward: 24.156. Training.
[INFO] shoot_moving_target_12. Step: 5450000. Time Elapsed: 8674.941 s. Mean Reward: 105.996. Std of Reward: 25.260. Training.
[INFO] shoot_moving_target_12. Step: 5500000. Time Elapsed: 8747.445 s. Mean Reward: 91.151. Std of Reward: 24.806. Training.
[INFO] Exported results/shoot_moving_target_12/shoot_moving_target_12/shoot_moving_target_12-5499800.onnx
[INFO] shoot_moving_target_12. Step: 5550000. Time Elapsed: 8834.508 s. Mean Reward: 90.639. Std of Reward: 29.664. Training.
[INFO] shoot_moving_target_12. Step: 5600000. Time Elapsed: 8906.826 s. Mean Reward: 97.967. Std of Reward: 30.044. Training.
[INFO] shoot_moving_target_12. Step: 5650000. Time Elapsed: 8987.406 s. Mean Reward: 95.390. Std of Reward: 29.449. Training.
[INFO] shoot_moving_target_12. Step: 5700000. Time Elapsed: 9059.754 s. Mean Reward: 106.212. Std of Reward: 28.731. Training.
[INFO] shoot_moving_target_12. Step: 5750000. Time Elapsed: 9132.111 s. Mean Reward: 107.007. Std of Reward: 24.280. Training.
[INFO] shoot_moving_target_12. Step: 5800000. Time Elapsed: 9219.183 s. Mean Reward: 112.428. Std of Reward: 29.594. Training.
[INFO] shoot_moving_target_12. Step: 5850000. Time Elapsed: 9290.708 s. Mean Reward: 108.775. Std of Reward: 25.524. Training.
[INFO] shoot_moving_target_12. Step: 5900000. Time Elapsed: 9372.532 s. Mean Reward: 99.837. Std of Reward: 27.529. Training.
[INFO] shoot_moving_target_12. Step: 5950000. Time Elapsed: 9442.211 s. Mean Reward: 99.238. Std of Reward: 28.685. Training.
[INFO] shoot_moving_target_12. Step: 6000000. Time Elapsed: 9526.417 s. Mean Reward: 98.355. Std of Reward: 28.021. Training.
[INFO] Exported results/shoot_moving_target_12/shoot_moving_target_12/shoot_moving_target_12-5999896.onnx
[INFO] shoot_moving_target_12. Step: 6050000. Time Elapsed: 9600.677 s. Mean Reward: 98.789. Std of Reward: 36.113. Training.
[INFO] shoot_moving_target_12. Step: 6100000. Time Elapsed: 9684.139 s. Mean Reward: 101.207. Std of Reward: 32.291. Training.
[INFO] shoot_moving_target_12. Step: 6150000. Time Elapsed: 9759.592 s. Mean Reward: 103.564. Std of Reward: 36.050. Training.
[INFO] shoot_moving_target_12. Step: 6200000. Time Elapsed: 9829.159 s. Mean Reward: 105.533. Std of Reward: 32.778. Training.
[INFO] shoot_moving_target_12. Step: 6250000. Time Elapsed: 9912.431 s. Mean Reward: 110.210. Std of Reward: 32.151. Training.
[INFO] shoot_moving_target_12. Step: 6300000. Time Elapsed: 9980.233 s. Mean Reward: 120.602. Std of Reward: 30.231. Training.
[INFO] shoot_moving_target_12. Step: 6350000. Time Elapsed: 10056.369 s. Mean Reward: 120.214. Std of Reward: 22.222. Training.
[INFO] shoot_moving_target_12. Step: 6400000. Time Elapsed: 10125.219 s. Mean Reward: 121.904. Std of Reward: 28.533. Training.
[INFO] shoot_moving_target_12. Step: 6450000. Time Elapsed: 10207.983 s. Mean Reward: 115.443. Std of Reward: 32.391. Training.
[INFO] shoot_moving_target_12. Step: 6500000. Time Elapsed: 10277.050 s. Mean Reward: 113.589. Std of Reward: 23.432. Training.
[INFO] Exported results/shoot_moving_target_12/shoot_moving_target_12/shoot_moving_target_12-6499992.onnx
[INFO] shoot_moving_target_12. Step: 6550000. Time Elapsed: 10352.812 s. Mean Reward: 108.161. Std of Reward: 30.023. Training.
[INFO] shoot_moving_target_12. Step: 6600000. Time Elapsed: 10420.703 s. Mean Reward: 107.708. Std of Reward: 28.040. Training.
[INFO] shoot_moving_target_12. Step: 6650000. Time Elapsed: 10504.046 s. Mean Reward: 99.280. Std of Reward: 29.769. Training.
[INFO] shoot_moving_target_12. Step: 6700000. Time Elapsed: 10571.829 s. Mean Reward: 104.975. Std of Reward: 29.633. Training.
[INFO] shoot_moving_target_12. Step: 6750000. Time Elapsed: 10640.906 s. Mean Reward: 103.016. Std of Reward: 26.174. Training.
[INFO] shoot_moving_target_12. Step: 6800000. Time Elapsed: 10717.002 s. Mean Reward: 108.082. Std of Reward: 31.052. Training.
[INFO] shoot_moving_target_12. Step: 6850000. Time Elapsed: 10785.037 s. Mean Reward: 104.728. Std of Reward: 27.522. Training.
[INFO] shoot_moving_target_12. Step: 6900000. Time Elapsed: 10868.308 s. Mean Reward: 109.267. Std of Reward: 25.418. Training.
[INFO] shoot_moving_target_12. Step: 6950000. Time Elapsed: 10935.937 s. Mean Reward: 117.173. Std of Reward: 32.711. Training.
[INFO] shoot_moving_target_12. Step: 7000000. Time Elapsed: 11011.492 s. Mean Reward: 113.445. Std of Reward: 24.973. Training.
[INFO] Exported results/shoot_moving_target_12/shoot_moving_target_12/shoot_moving_target_12-6999968.onnx
[INFO] shoot_moving_target_12. Step: 7050000. Time Elapsed: 11080.312 s. Mean Reward: 117.529. Std of Reward: 33.546. Training.
[INFO] shoot_moving_target_12. Step: 7100000. Time Elapsed: 11162.707 s. Mean Reward: 125.709. Std of Reward: 33.915. Training.
[INFO] shoot_moving_target_12. Step: 7150000. Time Elapsed: 11231.384 s. Mean Reward: 115.991. Std of Reward: 24.054. Training.
[INFO] shoot_moving_target_12. Step: 7200000. Time Elapsed: 11306.554 s. Mean Reward: 124.169. Std of Reward: 26.226. Training.
[INFO] shoot_moving_target_12. Step: 7250000. Time Elapsed: 11374.683 s. Mean Reward: 126.634. Std of Reward: 24.775. Training.
[INFO] shoot_moving_target_12. Step: 7300000. Time Elapsed: 11443.165 s. Mean Reward: 125.677. Std of Reward: 26.544. Training.
[INFO] shoot_moving_target_12. Step: 7350000. Time Elapsed: 11525.411 s. Mean Reward: 122.806. Std of Reward: 23.960. Training.
[INFO] shoot_moving_target_12. Step: 7400000. Time Elapsed: 11594.819 s. Mean Reward: 117.108. Std of Reward: 29.652. Training.
[INFO] shoot_moving_target_12. Step: 7450000. Time Elapsed: 11670.180 s. Mean Reward: 123.300. Std of Reward: 25.410. Training.
[INFO] shoot_moving_target_12. Step: 7500000. Time Elapsed: 11738.753 s. Mean Reward: 117.572. Std of Reward: 21.374. Training.
[INFO] Exported results/shoot_moving_target_12/shoot_moving_target_12/shoot_moving_target_12-7499912.onnx
[INFO] shoot_moving_target_12. Step: 7550000. Time Elapsed: 11822.280 s. Mean Reward: 120.546. Std of Reward: 21.266. Training.
[INFO] shoot_moving_target_12. Step: 7600000. Time Elapsed: 11890.043 s. Mean Reward: 129.792. Std of Reward: 28.420. Training.
[INFO] shoot_moving_target_12. Step: 7650000. Time Elapsed: 11967.608 s. Mean Reward: 125.058. Std of Reward: 23.480. Training.
[INFO] shoot_moving_target_12. Step: 7700000. Time Elapsed: 12034.388 s. Mean Reward: 128.581. Std of Reward: 25.721. Training.
[INFO] shoot_moving_target_12. Step: 7750000. Time Elapsed: 12100.379 s. Mean Reward: 128.785. Std of Reward: 26.435. Training.
[INFO] shoot_moving_target_12. Step: 7800000. Time Elapsed: 12181.131 s. Mean Reward: 132.157. Std of Reward: 24.858. Training.
[INFO] shoot_moving_target_12. Step: 7850000. Time Elapsed: 12246.822 s. Mean Reward: 126.585. Std of Reward: 26.457. Training.
[INFO] shoot_moving_target_12. Step: 7900000. Time Elapsed: 12320.749 s. Mean Reward: 127.229. Std of Reward: 35.806. Training.
[INFO] shoot_moving_target_12. Step: 7950000. Time Elapsed: 12387.007 s. Mean Reward: 123.044. Std of Reward: 29.592. Training.
[INFO] shoot_moving_target_12. Step: 8000000. Time Elapsed: 12466.813 s. Mean Reward: 128.736. Std of Reward: 27.921. Training.
[INFO] Exported results/shoot_moving_target_12/shoot_moving_target_12/shoot_moving_target_12-7999792.onnx
[INFO] shoot_moving_target_12. Step: 8050000. Time Elapsed: 12533.196 s. Mean Reward: 135.150. Std of Reward: 33.132. Training.
[INFO] shoot_moving_target_12. Step: 8100000. Time Elapsed: 12606.264 s. Mean Reward: 132.685. Std of Reward: 27.659. Training.
[INFO] shoot_moving_target_12. Step: 8150000. Time Elapsed: 12672.128 s. Mean Reward: 129.680. Std of Reward: 28.348. Training.
[INFO] shoot_moving_target_12. Step: 8200000. Time Elapsed: 12752.636 s. Mean Reward: 132.580. Std of Reward: 28.634. Training.
[INFO] shoot_moving_target_12. Step: 8250000. Time Elapsed: 12818.097 s. Mean Reward: 133.675. Std of Reward: 29.509. Training.
[INFO] shoot_moving_target_12. Step: 8300000. Time Elapsed: 12884.609 s. Mean Reward: 145.394. Std of Reward: 23.215. Training.
[INFO] shoot_moving_target_12. Step: 8350000. Time Elapsed: 12957.493 s. Mean Reward: 141.226. Std of Reward: 28.909. Training.
[INFO] shoot_moving_target_12. Step: 8400000. Time Elapsed: 13023.248 s. Mean Reward: 135.078. Std of Reward: 26.327. Training.
[INFO] shoot_moving_target_12. Step: 8450000. Time Elapsed: 13103.601 s. Mean Reward: 137.069. Std of Reward: 27.740. Training.
[INFO] shoot_moving_target_12. Step: 8500000. Time Elapsed: 13168.933 s. Mean Reward: 136.889. Std of Reward: 27.680. Training.
[INFO] Exported results/shoot_moving_target_12/shoot_moving_target_12/shoot_moving_target_12-8499888.onnx
[INFO] shoot_moving_target_12. Step: 8550000. Time Elapsed: 13242.155 s. Mean Reward: 121.821. Std of Reward: 22.020. Training.
[INFO] shoot_moving_target_12. Step: 8600000. Time Elapsed: 13308.310 s. Mean Reward: 134.785. Std of Reward: 27.994. Training.
[INFO] shoot_moving_target_12. Step: 8650000. Time Elapsed: 13387.948 s. Mean Reward: 134.235. Std of Reward: 29.964. Training.
[INFO] shoot_moving_target_12. Step: 8700000. Time Elapsed: 13454.349 s. Mean Reward: 128.955. Std of Reward: 33.127. Training.
[INFO] shoot_moving_target_12. Step: 8750000. Time Elapsed: 13527.146 s. Mean Reward: 143.394. Std of Reward: 23.915. Training.
[INFO] shoot_moving_target_12. Step: 8800000. Time Elapsed: 13592.837 s. Mean Reward: 143.623. Std of Reward: 25.616. Training.
[INFO] shoot_moving_target_12. Step: 8850000. Time Elapsed: 13658.869 s. Mean Reward: 137.166. Std of Reward: 30.115. Training.
[INFO] shoot_moving_target_12. Step: 8900000. Time Elapsed: 13738.648 s. Mean Reward: 146.440. Std of Reward: 24.484. Training.
[INFO] shoot_moving_target_12. Step: 8950000. Time Elapsed: 13805.091 s. Mean Reward: 136.055. Std of Reward: 27.522. Training.
[INFO] shoot_moving_target_12. Step: 9000000. Time Elapsed: 13877.960 s. Mean Reward: 152.802. Std of Reward: 36.310. Training.
[INFO] Exported results/shoot_moving_target_12/shoot_moving_target_12/shoot_moving_target_12-8999984.onnx
[INFO] shoot_moving_target_12. Step: 9050000. Time Elapsed: 13943.780 s. Mean Reward: 151.689. Std of Reward: 26.740. Training.
[INFO] shoot_moving_target_12. Step: 9100000. Time Elapsed: 14024.216 s. Mean Reward: 149.953. Std of Reward: 26.351. Training.
[INFO] shoot_moving_target_12. Step: 9150000. Time Elapsed: 14089.476 s. Mean Reward: 141.720. Std of Reward: 30.192. Training.
[INFO] shoot_moving_target_12. Step: 9200000. Time Elapsed: 14162.506 s. Mean Reward: 153.106. Std of Reward: 39.440. Training.
[INFO] shoot_moving_target_12. Step: 9250000. Time Elapsed: 14228.651 s. Mean Reward: 152.315. Std of Reward: 31.796. Training.
[INFO] shoot_moving_target_12. Step: 9300000. Time Elapsed: 14294.282 s. Mean Reward: 148.995. Std of Reward: 35.749. Training.
[INFO] shoot_moving_target_12. Step: 9350000. Time Elapsed: 14374.535 s. Mean Reward: 152.962. Std of Reward: 29.376. Training.
[INFO] shoot_moving_target_12. Step: 9400000. Time Elapsed: 14439.779 s. Mean Reward: 143.910. Std of Reward: 30.959. Training.
[INFO] shoot_moving_target_12. Step: 9450000. Time Elapsed: 14512.829 s. Mean Reward: 148.433. Std of Reward: 27.901. Training.
[INFO] shoot_moving_target_12. Step: 9500000. Time Elapsed: 14578.858 s. Mean Reward: 144.570. Std of Reward: 27.970. Training.
[INFO] Exported results/shoot_moving_target_12/shoot_moving_target_12/shoot_moving_target_12-9499824.onnx
[INFO] shoot_moving_target_12. Step: 9550000. Time Elapsed: 14658.704 s. Mean Reward: 149.377. Std of Reward: 28.281. Training.
[INFO] shoot_moving_target_12. Step: 9600000. Time Elapsed: 14725.092 s. Mean Reward: 148.663. Std of Reward: 25.002. Training.
[INFO] shoot_moving_target_12. Step: 9650000. Time Elapsed: 14797.988 s. Mean Reward: 155.142. Std of Reward: 28.134. Training.
[INFO] shoot_moving_target_12. Step: 9700000. Time Elapsed: 14863.783 s. Mean Reward: 159.232. Std of Reward: 30.587. Training.
[INFO] shoot_moving_target_12. Step: 9750000. Time Elapsed: 14943.963 s. Mean Reward: 158.131. Std of Reward: 32.152. Training.
[INFO] shoot_moving_target_12. Step: 9800000. Time Elapsed: 15009.279 s. Mean Reward: 154.338. Std of Reward: 29.309. Training.
[INFO] shoot_moving_target_12. Step: 9850000. Time Elapsed: 15075.658 s. Mean Reward: 155.578. Std of Reward: 27.108. Training.
[INFO] shoot_moving_target_12. Step: 9900000. Time Elapsed: 15148.362 s. Mean Reward: 149.268. Std of Reward: 26.260. Training.
[INFO] shoot_moving_target_12. Step: 9950000. Time Elapsed: 15213.884 s. Mean Reward: 156.231. Std of Reward: 28.601. Training.
[INFO] shoot_moving_target_12. Step: 10000000. Time Elapsed: 15294.029 s. Mean Reward: 153.460. Std of Reward: 27.303. Training.
[INFO] Exported results/shoot_moving_target_12/shoot_moving_target_12/shoot_moving_target_12-9999920.onnx
[INFO] Exported results/shoot_moving_target_12/shoot_moving_target_12/shoot_moving_target_12-10005808.onnx
[INFO] Copied results/shoot_moving_target_12/shoot_moving_target_12/shoot_moving_target_12-10005808.onnx to results/shoot_moving_target_12/shoot_moving_target_12.onnx.
