
            ┐  ╖
        ╓╖╬│╡  ││╬╖╖
    ╓╖╬│││││┘  ╬│││││╬╖
 ╖╬│││││╬╜        ╙╬│││││╖╖                               ╗╗╗
 ╬╬╬╬╖││╦╖        ╖╬││╗╣╣╣╬      ╟╣╣╬    ╟╣╣╣             ╜╜╜  ╟╣╣
 ╬╬╬╬╬╬╬╬╖│╬╖╖╓╬╪│╓╣╣╣╣╣╣╣╬      ╟╣╣╬    ╟╣╣╣ ╒╣╣╖╗╣╣╣╗   ╣╣╣ ╣╣╣╣╣╣ ╟╣╣╖   ╣╣╣
 ╬╬╬╬┐  ╙╬╬╬╬│╓╣╣╣╝╜  ╫╣╣╣╬      ╟╣╣╬    ╟╣╣╣ ╟╣╣╣╙ ╙╣╣╣  ╣╣╣ ╙╟╣╣╜╙  ╫╣╣  ╟╣╣
 ╬╬╬╬┐     ╙╬╬╣╣      ╫╣╣╣╬      ╟╣╣╬    ╟╣╣╣ ╟╣╣╬   ╣╣╣  ╣╣╣  ╟╣╣     ╣╣╣┌╣╣╜
 ╬╬╬╜       ╬╬╣╣      ╙╝╣╣╬      ╙╣╣╣╗╖╓╗╣╣╣╜ ╟╣╣╬   ╣╣╣  ╣╣╣  ╟╣╣╦╓    ╣╣╣╣╣
 ╙   ╓╦╖    ╬╬╣╣   ╓╗╗╖            ╙╝╣╣╣╣╝╜   ╘╝╝╜   ╝╝╝  ╝╝╝   ╙╣╣╣    ╟╣╣╣
   ╩╬╬╬╬╬╬╦╦╬╬╣╣╗╣╣╣╣╣╣╣╝                                             ╫╣╣╣╣
      ╙╬╬╬╬╬╬╬╣╣╣╣╣╣╝╜
          ╙╬╬╬╣╣╣╜
             ╙
        
 Version information:
  ml-agents: 0.30.0,
  ml-agents-envs: 0.30.0,
  Communicator API: 1.5.0,
  PyTorch: 1.13.1+cu117
[INFO] Listening on port 5004. Start training by pressing the Play button in the Unity Editor.
[INFO] Connected to Unity environment with package version 2.3.0-exp.3 and communication version 1.5.0
[INFO] Connected new brain: move_to_static_target_10?team=0
[INFO] Hyperparameters for behavior name move_to_static_target_10: 
	trainer_type:	ppo
	hyperparameters:	
	  batch_size:	256
	  buffer_size:	8192
	  learning_rate:	0.0001
	  beta:	0.005
	  epsilon:	0.2
	  lambd:	0.95
	  num_epoch:	3
	  shared_critic:	False
	  learning_rate_schedule:	linear
	  beta_schedule:	linear
	  epsilon_schedule:	linear
	network_settings:	
	  normalize:	False
	  hidden_units:	128
	  num_layers:	3
	  vis_encode_type:	simple
	  memory:	None
	  goal_conditioning_type:	hyper
	  deterministic:	False
	reward_signals:	
	  extrinsic:	
	    gamma:	0.9
	    strength:	1.0
	    network_settings:	
	      normalize:	False
	      hidden_units:	128
	      num_layers:	2
	      vis_encode_type:	simple
	      memory:	None
	      goal_conditioning_type:	hyper
	      deterministic:	False
	  curiosity:	
	    gamma:	0.99
	    strength:	0.02
	    network_settings:	
	      normalize:	False
	      hidden_units:	128
	      num_layers:	3
	      vis_encode_type:	simple
	      memory:	None
	      goal_conditioning_type:	hyper
	      deterministic:	False
	    learning_rate:	0.0003
	    encoding_size:	None
	init_path:	None
	keep_checkpoints:	100
	checkpoint_interval:	500000
	max_steps:	10000000
	time_horizon:	256
	summary_freq:	50000
	threaded:	False
	self_play:	None
	behavioral_cloning:	None
/home/mih/.local/share/virtualenvs/ml_agents_test-Mi5MBi39/lib/python3.10/site-packages/mlagents/trainers/torch_entities/utils.py:289: UserWarning: The use of `x.T` on tensors of dimension other than 2 to reverse their shape is deprecated and it will throw an error in a future release. Consider `x.mT` to transpose batches of matrices or `x.permute(*torch.arange(x.ndim - 1, -1, -1))` to reverse the dimensions of a tensor. (Triggered internally at ../aten/src/ATen/native/TensorShape.cpp:3277.)
  torch.nn.functional.one_hot(_act.T, action_size[i]).float()
[INFO] move_to_static_target_10. Step: 50000. Time Elapsed: 77.102 s. Mean Reward: -73.527. Std of Reward: 24.817. Training.
[INFO] move_to_static_target_10. Step: 100000. Time Elapsed: 138.043 s. Mean Reward: -70.042. Std of Reward: 27.502. Training.
[INFO] move_to_static_target_10. Step: 150000. Time Elapsed: 205.055 s. Mean Reward: -67.267. Std of Reward: 26.148. Training.
[INFO] move_to_static_target_10. Step: 200000. Time Elapsed: 267.892 s. Mean Reward: -64.139. Std of Reward: 22.822. Training.
[INFO] move_to_static_target_10. Step: 250000. Time Elapsed: 334.926 s. Mean Reward: -55.493. Std of Reward: 12.924. Training.
[INFO] move_to_static_target_10. Step: 300000. Time Elapsed: 398.590 s. Mean Reward: -51.990. Std of Reward: 15.897. Training.
[INFO] move_to_static_target_10. Step: 350000. Time Elapsed: 467.669 s. Mean Reward: -47.076. Std of Reward: 5.471. Training.
[INFO] move_to_static_target_10. Step: 400000. Time Elapsed: 528.725 s. Mean Reward: -46.928. Std of Reward: 11.730. Training.
[INFO] move_to_static_target_10. Step: 450000. Time Elapsed: 595.740 s. Mean Reward: -46.763. Std of Reward: 11.978. Training.
[INFO] move_to_static_target_10. Step: 500000. Time Elapsed: 661.298 s. Mean Reward: -43.609. Std of Reward: 5.787. Training.
[INFO] Exported results/move_to_static_target_10/move_to_static_target_10/move_to_static_target_10-499783.onnx
[INFO] move_to_static_target_10. Step: 550000. Time Elapsed: 722.527 s. Mean Reward: -41.308. Std of Reward: 9.037. Training.
[INFO] move_to_static_target_10. Step: 600000. Time Elapsed: 792.386 s. Mean Reward: -42.917. Std of Reward: 8.817. Training.
[INFO] move_to_static_target_10. Step: 650000. Time Elapsed: 855.900 s. Mean Reward: -42.617. Std of Reward: 10.680. Training.
[INFO] move_to_static_target_10. Step: 700000. Time Elapsed: 928.185 s. Mean Reward: -38.523. Std of Reward: 8.942. Training.
[INFO] move_to_static_target_10. Step: 750000. Time Elapsed: 989.009 s. Mean Reward: -41.071. Std of Reward: 8.477. Training.
[INFO] move_to_static_target_10. Step: 800000. Time Elapsed: 1058.985 s. Mean Reward: -38.578. Std of Reward: 6.028. Training.
[INFO] move_to_static_target_10. Step: 850000. Time Elapsed: 1119.587 s. Mean Reward: -40.418. Std of Reward: 13.911. Training.
[INFO] move_to_static_target_10. Step: 900000. Time Elapsed: 1183.794 s. Mean Reward: -37.629. Std of Reward: 9.603. Training.
[INFO] move_to_static_target_10. Step: 950000. Time Elapsed: 1249.998 s. Mean Reward: -36.215. Std of Reward: 13.206. Training.
[INFO] move_to_static_target_10. Step: 1000000. Time Elapsed: 1313.507 s. Mean Reward: -35.646. Std of Reward: 7.297. Training.
[INFO] Exported results/move_to_static_target_10/move_to_static_target_10/move_to_static_target_10-999871.onnx
[INFO] move_to_static_target_10. Step: 1050000. Time Elapsed: 1377.450 s. Mean Reward: -34.330. Std of Reward: 6.692. Training.
[INFO] move_to_static_target_10. Step: 1100000. Time Elapsed: 1445.047 s. Mean Reward: -31.286. Std of Reward: 5.268. Training.
[INFO] move_to_static_target_10. Step: 1150000. Time Elapsed: 1509.829 s. Mean Reward: -30.925. Std of Reward: 4.265. Training.
[INFO] move_to_static_target_10. Step: 1200000. Time Elapsed: 1568.800 s. Mean Reward: -34.843. Std of Reward: 27.002. Training.
[INFO] move_to_static_target_10. Step: 1250000. Time Elapsed: 1640.636 s. Mean Reward: -29.013. Std of Reward: 6.391. Training.
[INFO] move_to_static_target_10. Step: 1300000. Time Elapsed: 1698.849 s. Mean Reward: -29.825. Std of Reward: 4.167. Training.
[INFO] move_to_static_target_10. Step: 1350000. Time Elapsed: 1768.979 s. Mean Reward: -29.592. Std of Reward: 3.428. Training.
[INFO] move_to_static_target_10. Step: 1400000. Time Elapsed: 1832.035 s. Mean Reward: -29.244. Std of Reward: 3.081. Training.
[INFO] move_to_static_target_10. Step: 1450000. Time Elapsed: 1898.729 s. Mean Reward: -28.185. Std of Reward: 5.275. Training.
[INFO] move_to_static_target_10. Step: 1500000. Time Elapsed: 1961.926 s. Mean Reward: -28.801. Std of Reward: 2.257. Training.
[INFO] Exported results/move_to_static_target_10/move_to_static_target_10/move_to_static_target_10-1499810.onnx
[INFO] move_to_static_target_10. Step: 1550000. Time Elapsed: 2027.612 s. Mean Reward: -28.594. Std of Reward: 2.954. Training.
[INFO] move_to_static_target_10. Step: 1600000. Time Elapsed: 2093.994 s. Mean Reward: -29.696. Std of Reward: 7.166. Training.
[INFO] move_to_static_target_10. Step: 1650000. Time Elapsed: 2154.957 s. Mean Reward: -29.473. Std of Reward: 5.023. Training.
[INFO] move_to_static_target_10. Step: 1700000. Time Elapsed: 2223.383 s. Mean Reward: -28.998. Std of Reward: 4.669. Training.
[INFO] move_to_static_target_10. Step: 1750000. Time Elapsed: 2283.847 s. Mean Reward: -28.663. Std of Reward: 2.500. Training.
[INFO] move_to_static_target_10. Step: 1800000. Time Elapsed: 2353.472 s. Mean Reward: -28.302. Std of Reward: 2.065. Training.
[INFO] move_to_static_target_10. Step: 1850000. Time Elapsed: 2415.649 s. Mean Reward: -27.812. Std of Reward: 7.263. Training.
[INFO] move_to_static_target_10. Step: 1900000. Time Elapsed: 2483.957 s. Mean Reward: -28.130. Std of Reward: 2.731. Training.
[INFO] move_to_static_target_10. Step: 1950000. Time Elapsed: 2545.100 s. Mean Reward: -28.648. Std of Reward: 3.113. Training.
[INFO] move_to_static_target_10. Step: 2000000. Time Elapsed: 2611.706 s. Mean Reward: -28.224. Std of Reward: 2.200. Training.
[INFO] Exported results/move_to_static_target_10/move_to_static_target_10/move_to_static_target_10-1999832.onnx
[INFO] move_to_static_target_10. Step: 2050000. Time Elapsed: 2673.808 s. Mean Reward: -27.722. Std of Reward: 4.924. Training.
[INFO] move_to_static_target_10. Step: 2100000. Time Elapsed: 2739.642 s. Mean Reward: -28.250. Std of Reward: 2.261. Training.
[INFO] move_to_static_target_10. Step: 2150000. Time Elapsed: 2807.307 s. Mean Reward: -27.782. Std of Reward: 1.794. Training.
[INFO] move_to_static_target_10. Step: 2200000. Time Elapsed: 2868.619 s. Mean Reward: -27.857. Std of Reward: 1.921. Training.
[INFO] move_to_static_target_10. Step: 2250000. Time Elapsed: 2937.489 s. Mean Reward: -28.003. Std of Reward: 2.191. Training.
[INFO] move_to_static_target_10. Step: 2300000. Time Elapsed: 2999.551 s. Mean Reward: -27.486. Std of Reward: 1.374. Training.
[INFO] move_to_static_target_10. Step: 2350000. Time Elapsed: 3067.904 s. Mean Reward: -27.756. Std of Reward: 1.921. Training.
[INFO] move_to_static_target_10. Step: 2400000. Time Elapsed: 3129.260 s. Mean Reward: -27.361. Std of Reward: 1.309. Training.
[INFO] move_to_static_target_10. Step: 2450000. Time Elapsed: 3196.705 s. Mean Reward: -27.248. Std of Reward: 1.103. Training.
[INFO] move_to_static_target_10. Step: 2500000. Time Elapsed: 3259.374 s. Mean Reward: -27.570. Std of Reward: 2.526. Training.
[INFO] Exported results/move_to_static_target_10/move_to_static_target_10/move_to_static_target_10-2499972.onnx
[INFO] move_to_static_target_10. Step: 2550000. Time Elapsed: 3324.632 s. Mean Reward: -27.287. Std of Reward: 1.413. Training.
[INFO] move_to_static_target_10. Step: 2600000. Time Elapsed: 3390.400 s. Mean Reward: -27.110. Std of Reward: 4.334. Training.
[INFO] move_to_static_target_10. Step: 2650000. Time Elapsed: 3452.244 s. Mean Reward: -26.599. Std of Reward: 2.739. Training.
[INFO] move_to_static_target_10. Step: 2700000. Time Elapsed: 3519.785 s. Mean Reward: -26.509. Std of Reward: 5.946. Training.
[INFO] move_to_static_target_10. Step: 2750000. Time Elapsed: 3582.035 s. Mean Reward: -27.780. Std of Reward: 2.136. Training.
[INFO] move_to_static_target_10. Step: 2800000. Time Elapsed: 3650.915 s. Mean Reward: -25.928. Std of Reward: 4.217. Training.
[INFO] move_to_static_target_10. Step: 2850000. Time Elapsed: 3711.382 s. Mean Reward: -26.661. Std of Reward: 5.252. Training.
[INFO] move_to_static_target_10. Step: 2900000. Time Elapsed: 3778.240 s. Mean Reward: -27.426. Std of Reward: 1.614. Training.
[INFO] move_to_static_target_10. Step: 2950000. Time Elapsed: 3841.709 s. Mean Reward: -27.849. Std of Reward: 2.516. Training.
[INFO] move_to_static_target_10. Step: 3000000. Time Elapsed: 3907.144 s. Mean Reward: -27.580. Std of Reward: 2.290. Training.
[INFO] Exported results/move_to_static_target_10/move_to_static_target_10/move_to_static_target_10-2999913.onnx
[INFO] move_to_static_target_10. Step: 3050000. Time Elapsed: 3972.529 s. Mean Reward: -25.891. Std of Reward: 6.456. Training.
[INFO] move_to_static_target_10. Step: 3100000. Time Elapsed: 4037.819 s. Mean Reward: -26.125. Std of Reward: 6.950. Training.
[INFO] move_to_static_target_10. Step: 3150000. Time Elapsed: 4104.051 s. Mean Reward: -26.789. Std of Reward: 3.243. Training.
[INFO] move_to_static_target_10. Step: 3200000. Time Elapsed: 4165.561 s. Mean Reward: -27.093. Std of Reward: 1.338. Training.
[INFO] move_to_static_target_10. Step: 3250000. Time Elapsed: 4231.386 s. Mean Reward: -27.200. Std of Reward: 3.687. Training.
[INFO] move_to_static_target_10. Step: 3300000. Time Elapsed: 4294.818 s. Mean Reward: -25.413. Std of Reward: 6.041. Training.
[INFO] move_to_static_target_10. Step: 3350000. Time Elapsed: 4361.621 s. Mean Reward: -25.263. Std of Reward: 7.210. Training.
[INFO] move_to_static_target_10. Step: 3400000. Time Elapsed: 4425.002 s. Mean Reward: -23.059. Std of Reward: 10.587. Training.
[INFO] move_to_static_target_10. Step: 3450000. Time Elapsed: 4493.035 s. Mean Reward: -21.330. Std of Reward: 11.925. Training.
[INFO] move_to_static_target_10. Step: 3500000. Time Elapsed: 4556.569 s. Mean Reward: -23.043. Std of Reward: 10.329. Training.
[INFO] Exported results/move_to_static_target_10/move_to_static_target_10/move_to_static_target_10-3499784.onnx
[INFO] move_to_static_target_10. Step: 3550000. Time Elapsed: 4623.062 s. Mean Reward: -20.849. Std of Reward: 12.257. Training.
[INFO] move_to_static_target_10. Step: 3600000. Time Elapsed: 4689.997 s. Mean Reward: -17.535. Std of Reward: 13.081. Training.
[INFO] move_to_static_target_10. Step: 3650000. Time Elapsed: 4760.769 s. Mean Reward: -19.364. Std of Reward: 12.679. Training.
[INFO] move_to_static_target_10. Step: 3700000. Time Elapsed: 4832.504 s. Mean Reward: -19.786. Std of Reward: 12.748. Training.
[INFO] move_to_static_target_10. Step: 3750000. Time Elapsed: 4899.785 s. Mean Reward: -17.941. Std of Reward: 14.017. Training.
[INFO] move_to_static_target_10. Step: 3800000. Time Elapsed: 4968.351 s. Mean Reward: -17.972. Std of Reward: 13.703. Training.
[INFO] move_to_static_target_10. Step: 3850000. Time Elapsed: 5036.235 s. Mean Reward: -17.030. Std of Reward: 14.376. Training.
[INFO] move_to_static_target_10. Step: 3900000. Time Elapsed: 5104.238 s. Mean Reward: -11.471. Std of Reward: 14.777. Training.
[INFO] move_to_static_target_10. Step: 3950000. Time Elapsed: 5176.059 s. Mean Reward: -14.645. Std of Reward: 14.872. Training.
[INFO] move_to_static_target_10. Step: 4000000. Time Elapsed: 5242.427 s. Mean Reward: -11.127. Std of Reward: 16.019. Training.
[INFO] Exported results/move_to_static_target_10/move_to_static_target_10/move_to_static_target_10-3999875.onnx
[INFO] move_to_static_target_10. Step: 4050000. Time Elapsed: 5311.902 s. Mean Reward: -8.169. Std of Reward: 14.248. Training.
[INFO] move_to_static_target_10. Step: 4100000. Time Elapsed: 5381.699 s. Mean Reward: -9.947. Std of Reward: 14.807. Training.
[INFO] move_to_static_target_10. Step: 4150000. Time Elapsed: 5455.861 s. Mean Reward: -11.365. Std of Reward: 14.822. Training.
[INFO] move_to_static_target_10. Step: 4200000. Time Elapsed: 5526.646 s. Mean Reward: -11.828. Std of Reward: 15.365. Training.
[INFO] move_to_static_target_10. Step: 4250000. Time Elapsed: 5593.496 s. Mean Reward: -18.692. Std of Reward: 13.295. Training.
[INFO] move_to_static_target_10. Step: 4300000. Time Elapsed: 5661.164 s. Mean Reward: -21.580. Std of Reward: 12.501. Training.
[INFO] move_to_static_target_10. Step: 4350000. Time Elapsed: 5728.063 s. Mean Reward: -23.810. Std of Reward: 10.336. Training.
[INFO] move_to_static_target_10. Step: 4400000. Time Elapsed: 5795.957 s. Mean Reward: -24.912. Std of Reward: 8.041. Training.
[INFO] move_to_static_target_10. Step: 4450000. Time Elapsed: 5864.600 s. Mean Reward: -26.438. Std of Reward: 4.921. Training.
[INFO] move_to_static_target_10. Step: 4500000. Time Elapsed: 5934.767 s. Mean Reward: -27.098. Std of Reward: 1.859. Training.
[INFO] Exported results/move_to_static_target_10/move_to_static_target_10/move_to_static_target_10-4499867.onnx
[INFO] move_to_static_target_10. Step: 4550000. Time Elapsed: 6002.054 s. Mean Reward: -26.737. Std of Reward: 4.634. Training.
[INFO] move_to_static_target_10. Step: 4600000. Time Elapsed: 6069.277 s. Mean Reward: -26.028. Std of Reward: 6.221. Training.
[INFO] move_to_static_target_10. Step: 4650000. Time Elapsed: 6138.838 s. Mean Reward: -26.243. Std of Reward: 3.871. Training.
[INFO] move_to_static_target_10. Step: 4700000. Time Elapsed: 6205.588 s. Mean Reward: -26.560. Std of Reward: 1.133. Training.
[INFO] move_to_static_target_10. Step: 4750000. Time Elapsed: 6272.409 s. Mean Reward: -27.059. Std of Reward: 1.233. Training.
[INFO] move_to_static_target_10. Step: 4800000. Time Elapsed: 6338.070 s. Mean Reward: -26.246. Std of Reward: 3.916. Training.
[INFO] move_to_static_target_10. Step: 4850000. Time Elapsed: 6404.440 s. Mean Reward: -26.595. Std of Reward: 0.757. Training.
[INFO] move_to_static_target_10. Step: 4900000. Time Elapsed: 6471.059 s. Mean Reward: -26.519. Std of Reward: 1.512. Training.
[INFO] move_to_static_target_10. Step: 4950000. Time Elapsed: 6537.526 s. Mean Reward: -25.716. Std of Reward: 5.225. Training.
[INFO] move_to_static_target_10. Step: 5000000. Time Elapsed: 6603.509 s. Mean Reward: -25.749. Std of Reward: 5.672. Training.
[INFO] Exported results/move_to_static_target_10/move_to_static_target_10/move_to_static_target_10-4999757.onnx
[INFO] move_to_static_target_10. Step: 5050000. Time Elapsed: 6668.391 s. Mean Reward: -25.867. Std of Reward: 3.503. Training.
[INFO] move_to_static_target_10. Step: 5100000. Time Elapsed: 6736.364 s. Mean Reward: -25.415. Std of Reward: 5.808. Training.
[INFO] move_to_static_target_10. Step: 5150000. Time Elapsed: 6803.534 s. Mean Reward: -25.490. Std of Reward: 5.274. Training.
[INFO] move_to_static_target_10. Step: 5200000. Time Elapsed: 6869.567 s. Mean Reward: -25.744. Std of Reward: 5.292. Training.
[INFO] move_to_static_target_10. Step: 5250000. Time Elapsed: 6936.966 s. Mean Reward: -25.013. Std of Reward: 5.870. Training.
[INFO] move_to_static_target_10. Step: 5300000. Time Elapsed: 7008.377 s. Mean Reward: -26.007. Std of Reward: 5.322. Training.
[INFO] move_to_static_target_10. Step: 5350000. Time Elapsed: 7078.447 s. Mean Reward: -24.014. Std of Reward: 8.364. Training.
[INFO] move_to_static_target_10. Step: 5400000. Time Elapsed: 7150.512 s. Mean Reward: -26.716. Std of Reward: 2.729. Training.
[INFO] move_to_static_target_10. Step: 5450000. Time Elapsed: 7221.524 s. Mean Reward: -25.063. Std of Reward: 6.865. Training.
[INFO] move_to_static_target_10. Step: 5500000. Time Elapsed: 7289.775 s. Mean Reward: -25.950. Std of Reward: 4.664. Training.
[INFO] Exported results/move_to_static_target_10/move_to_static_target_10/move_to_static_target_10-5499878.onnx
[INFO] move_to_static_target_10. Step: 5550000. Time Elapsed: 7356.673 s. Mean Reward: -25.692. Std of Reward: 4.896. Training.
[INFO] move_to_static_target_10. Step: 5600000. Time Elapsed: 7424.133 s. Mean Reward: -23.926. Std of Reward: 8.030. Training.
[INFO] move_to_static_target_10. Step: 5650000. Time Elapsed: 7492.967 s. Mean Reward: -24.533. Std of Reward: 12.314. Training.
[INFO] move_to_static_target_10. Step: 5700000. Time Elapsed: 7561.600 s. Mean Reward: -23.132. Std of Reward: 8.774. Training.
[INFO] move_to_static_target_10. Step: 5750000. Time Elapsed: 7630.394 s. Mean Reward: -22.186. Std of Reward: 10.686. Training.
[INFO] move_to_static_target_10. Step: 5800000. Time Elapsed: 7700.508 s. Mean Reward: -23.452. Std of Reward: 8.602. Training.
[INFO] move_to_static_target_10. Step: 5850000. Time Elapsed: 7767.784 s. Mean Reward: -21.210. Std of Reward: 10.980. Training.
[INFO] move_to_static_target_10. Step: 5900000. Time Elapsed: 7833.767 s. Mean Reward: -18.294. Std of Reward: 12.719. Training.
[INFO] move_to_static_target_10. Step: 5950000. Time Elapsed: 7900.337 s. Mean Reward: -18.960. Std of Reward: 12.320. Training.
[INFO] move_to_static_target_10. Step: 6000000. Time Elapsed: 7967.263 s. Mean Reward: -20.452. Std of Reward: 10.918. Training.
[INFO] Exported results/move_to_static_target_10/move_to_static_target_10/move_to_static_target_10-5999978.onnx
[INFO] move_to_static_target_10. Step: 6050000. Time Elapsed: 8036.504 s. Mean Reward: -26.441. Std of Reward: 0.739. Training.
[INFO] move_to_static_target_10. Step: 6100000. Time Elapsed: 8104.835 s. Mean Reward: -25.795. Std of Reward: 4.121. Training.
[INFO] move_to_static_target_10. Step: 6150000. Time Elapsed: 8171.105 s. Mean Reward: -26.397. Std of Reward: 1.243. Training.
[INFO] move_to_static_target_10. Step: 6200000. Time Elapsed: 8239.385 s. Mean Reward: -25.579. Std of Reward: 3.146. Training.
[INFO] move_to_static_target_10. Step: 6250000. Time Elapsed: 8306.022 s. Mean Reward: -24.929. Std of Reward: 5.916. Training.
[INFO] move_to_static_target_10. Step: 6300000. Time Elapsed: 8373.929 s. Mean Reward: -25.281. Std of Reward: 5.744. Training.
[INFO] move_to_static_target_10. Step: 6350000. Time Elapsed: 8441.175 s. Mean Reward: -22.651. Std of Reward: 9.803. Training.
[INFO] move_to_static_target_10. Step: 6400000. Time Elapsed: 8513.281 s. Mean Reward: -20.159. Std of Reward: 12.130. Training.
[INFO] move_to_static_target_10. Step: 6450000. Time Elapsed: 8584.124 s. Mean Reward: -22.032. Std of Reward: 10.372. Training.
[INFO] move_to_static_target_10. Step: 6500000. Time Elapsed: 8651.403 s. Mean Reward: -19.127. Std of Reward: 12.829. Training.
[INFO] Exported results/move_to_static_target_10/move_to_static_target_10/move_to_static_target_10-6499819.onnx
[INFO] move_to_static_target_10. Step: 6550000. Time Elapsed: 8719.500 s. Mean Reward: -25.652. Std of Reward: 2.598. Training.
[INFO] move_to_static_target_10. Step: 6600000. Time Elapsed: 8784.562 s. Mean Reward: -26.291. Std of Reward: 1.443. Training.
[INFO] move_to_static_target_10. Step: 6650000. Time Elapsed: 8850.421 s. Mean Reward: -26.397. Std of Reward: 0.685. Training.
[INFO] move_to_static_target_10. Step: 6700000. Time Elapsed: 8916.413 s. Mean Reward: -26.180. Std of Reward: 1.431. Training.
[INFO] move_to_static_target_10. Step: 6750000. Time Elapsed: 8985.173 s. Mean Reward: -25.997. Std of Reward: 2.441. Training.
[INFO] move_to_static_target_10. Step: 6800000. Time Elapsed: 9052.780 s. Mean Reward: -26.283. Std of Reward: 0.456. Training.
[INFO] move_to_static_target_10. Step: 6850000. Time Elapsed: 9120.581 s. Mean Reward: -25.961. Std of Reward: 1.403. Training.
[INFO] move_to_static_target_10. Step: 6900000. Time Elapsed: 9188.996 s. Mean Reward: -26.386. Std of Reward: 0.672. Training.
[INFO] move_to_static_target_10. Step: 6950000. Time Elapsed: 9256.151 s. Mean Reward: -26.127. Std of Reward: 3.186. Training.
[INFO] move_to_static_target_10. Step: 7000000. Time Elapsed: 9324.214 s. Mean Reward: -25.679. Std of Reward: 2.910. Training.
[INFO] Exported results/move_to_static_target_10/move_to_static_target_10/move_to_static_target_10-6999843.onnx
[INFO] move_to_static_target_10. Step: 7050000. Time Elapsed: 9391.641 s. Mean Reward: -26.350. Std of Reward: 0.658. Training.
[INFO] move_to_static_target_10. Step: 7100000. Time Elapsed: 9459.300 s. Mean Reward: -25.868. Std of Reward: 2.778. Training.
[INFO] move_to_static_target_10. Step: 7150000. Time Elapsed: 9526.463 s. Mean Reward: -26.173. Std of Reward: 0.333. Training.
[INFO] move_to_static_target_10. Step: 7200000. Time Elapsed: 9595.268 s. Mean Reward: -26.148. Std of Reward: 1.194. Training.
[INFO] move_to_static_target_10. Step: 7250000. Time Elapsed: 9661.311 s. Mean Reward: -26.440. Std of Reward: 0.875. Training.
[INFO] move_to_static_target_10. Step: 7300000. Time Elapsed: 9729.576 s. Mean Reward: -26.151. Std of Reward: 0.358. Training.
[INFO] move_to_static_target_10. Step: 7350000. Time Elapsed: 9796.592 s. Mean Reward: -25.711. Std of Reward: 2.230. Training.
[INFO] move_to_static_target_10. Step: 7400000. Time Elapsed: 9863.983 s. Mean Reward: -26.127. Std of Reward: 2.187. Training.
[INFO] move_to_static_target_10. Step: 7450000. Time Elapsed: 9931.801 s. Mean Reward: -25.656. Std of Reward: 3.235. Training.
[INFO] move_to_static_target_10. Step: 7500000. Time Elapsed: 9999.011 s. Mean Reward: -26.191. Std of Reward: 1.237. Training.
[INFO] Exported results/move_to_static_target_10/move_to_static_target_10/move_to_static_target_10-7499939.onnx
[INFO] move_to_static_target_10. Step: 7550000. Time Elapsed: 10066.907 s. Mean Reward: -25.901. Std of Reward: 2.850. Training.
[INFO] move_to_static_target_10. Step: 7600000. Time Elapsed: 10134.783 s. Mean Reward: -26.237. Std of Reward: 0.531. Training.
[INFO] move_to_static_target_10. Step: 7650000. Time Elapsed: 10203.223 s. Mean Reward: -25.148. Std of Reward: 4.642. Training.
[INFO] move_to_static_target_10. Step: 7700000. Time Elapsed: 10269.959 s. Mean Reward: -25.641. Std of Reward: 4.043. Training.
[INFO] move_to_static_target_10. Step: 7750000. Time Elapsed: 10338.852 s. Mean Reward: -25.997. Std of Reward: 1.063. Training.
[INFO] move_to_static_target_10. Step: 7800000. Time Elapsed: 10405.237 s. Mean Reward: -26.004. Std of Reward: 1.244. Training.
[INFO] move_to_static_target_10. Step: 7850000. Time Elapsed: 10473.710 s. Mean Reward: -25.908. Std of Reward: 1.298. Training.
[INFO] move_to_static_target_10. Step: 7900000. Time Elapsed: 10541.227 s. Mean Reward: -25.730. Std of Reward: 2.732. Training.
[INFO] move_to_static_target_10. Step: 7950000. Time Elapsed: 10608.328 s. Mean Reward: -26.199. Std of Reward: 0.803. Training.
[INFO] move_to_static_target_10. Step: 8000000. Time Elapsed: 10676.811 s. Mean Reward: -26.131. Std of Reward: 0.450. Training.
[INFO] Exported results/move_to_static_target_10/move_to_static_target_10/move_to_static_target_10-7999939.onnx
[INFO] move_to_static_target_10. Step: 8050000. Time Elapsed: 10743.931 s. Mean Reward: -26.260. Std of Reward: 0.728. Training.
[INFO] move_to_static_target_10. Step: 8100000. Time Elapsed: 10812.147 s. Mean Reward: -25.277. Std of Reward: 3.752. Training.
[INFO] move_to_static_target_10. Step: 8150000. Time Elapsed: 10879.645 s. Mean Reward: -25.888. Std of Reward: 2.587. Training.
[INFO] move_to_static_target_10. Step: 8200000. Time Elapsed: 10948.257 s. Mean Reward: -25.939. Std of Reward: 2.025. Training.
[INFO] move_to_static_target_10. Step: 8250000. Time Elapsed: 11017.972 s. Mean Reward: -25.089. Std of Reward: 4.762. Training.
[INFO] move_to_static_target_10. Step: 8300000. Time Elapsed: 11086.305 s. Mean Reward: -25.210. Std of Reward: 4.829. Training.
[INFO] move_to_static_target_10. Step: 8350000. Time Elapsed: 11153.505 s. Mean Reward: -25.967. Std of Reward: 2.605. Training.
[INFO] move_to_static_target_10. Step: 8400000. Time Elapsed: 11220.883 s. Mean Reward: -25.097. Std of Reward: 5.248. Training.
[INFO] move_to_static_target_10. Step: 8450000. Time Elapsed: 11289.346 s. Mean Reward: -24.710. Std of Reward: 4.277. Training.
[INFO] move_to_static_target_10. Step: 8500000. Time Elapsed: 11359.387 s. Mean Reward: -24.405. Std of Reward: 5.995. Training.
[INFO] Exported results/move_to_static_target_10/move_to_static_target_10/move_to_static_target_10-8499915.onnx
[INFO] move_to_static_target_10. Step: 8550000. Time Elapsed: 11427.772 s. Mean Reward: -26.292. Std of Reward: 2.076. Training.
[INFO] move_to_static_target_10. Step: 8600000. Time Elapsed: 11494.710 s. Mean Reward: -24.678. Std of Reward: 6.633. Training.
[INFO] move_to_static_target_10. Step: 8650000. Time Elapsed: 11565.216 s. Mean Reward: -25.986. Std of Reward: 2.375. Training.
[INFO] move_to_static_target_10. Step: 8700000. Time Elapsed: 11632.320 s. Mean Reward: -26.328. Std of Reward: 1.239. Training.
[INFO] move_to_static_target_10. Step: 8750000. Time Elapsed: 11701.210 s. Mean Reward: -25.437. Std of Reward: 4.515. Training.
[INFO] move_to_static_target_10. Step: 8800000. Time Elapsed: 11767.744 s. Mean Reward: -26.231. Std of Reward: 2.962. Training.
[INFO] move_to_static_target_10. Step: 8850000. Time Elapsed: 11836.011 s. Mean Reward: -25.590. Std of Reward: 4.164. Training.
[INFO] move_to_static_target_10. Step: 8900000. Time Elapsed: 11903.726 s. Mean Reward: -25.904. Std of Reward: 2.257. Training.
[INFO] move_to_static_target_10. Step: 8950000. Time Elapsed: 11971.576 s. Mean Reward: -26.358. Std of Reward: 0.768. Training.
[INFO] move_to_static_target_10. Step: 9000000. Time Elapsed: 12040.207 s. Mean Reward: -26.176. Std of Reward: 1.607. Training.
[INFO] Exported results/move_to_static_target_10/move_to_static_target_10/move_to_static_target_10-8999963.onnx
[INFO] move_to_static_target_10. Step: 9050000. Time Elapsed: 12108.140 s. Mean Reward: -26.166. Std of Reward: 1.207. Training.
[INFO] move_to_static_target_10. Step: 9100000. Time Elapsed: 12175.123 s. Mean Reward: -26.316. Std of Reward: 0.972. Training.
[INFO] move_to_static_target_10. Step: 9150000. Time Elapsed: 12240.340 s. Mean Reward: -25.700. Std of Reward: 3.146. Training.
[INFO] move_to_static_target_10. Step: 9200000. Time Elapsed: 12306.779 s. Mean Reward: -26.294. Std of Reward: 1.523. Training.
[INFO] move_to_static_target_10. Step: 9250000. Time Elapsed: 12372.825 s. Mean Reward: -25.378. Std of Reward: 3.316. Training.
[INFO] move_to_static_target_10. Step: 9300000. Time Elapsed: 12441.885 s. Mean Reward: -25.908. Std of Reward: 2.947. Training.
[INFO] move_to_static_target_10. Step: 9350000. Time Elapsed: 12508.216 s. Mean Reward: -25.881. Std of Reward: 2.418. Training.
[INFO] move_to_static_target_10. Step: 9400000. Time Elapsed: 12578.766 s. Mean Reward: -25.286. Std of Reward: 4.216. Training.
[INFO] move_to_static_target_10. Step: 9450000. Time Elapsed: 12647.753 s. Mean Reward: -25.053. Std of Reward: 6.820. Training.
[INFO] move_to_static_target_10. Step: 9500000. Time Elapsed: 12715.760 s. Mean Reward: -25.860. Std of Reward: 3.050. Training.
[INFO] Exported results/move_to_static_target_10/move_to_static_target_10/move_to_static_target_10-9499915.onnx
[INFO] move_to_static_target_10. Step: 9550000. Time Elapsed: 12782.947 s. Mean Reward: -25.966. Std of Reward: 1.766. Training.
[INFO] move_to_static_target_10. Step: 9600000. Time Elapsed: 12849.405 s. Mean Reward: -26.300. Std of Reward: 1.332. Training.
[INFO] move_to_static_target_10. Step: 9650000. Time Elapsed: 12915.864 s. Mean Reward: -25.525. Std of Reward: 3.177. Training.
[INFO] move_to_static_target_10. Step: 9700000. Time Elapsed: 12980.989 s. Mean Reward: -25.221. Std of Reward: 3.565. Training.
[INFO] move_to_static_target_10. Step: 9750000. Time Elapsed: 13049.923 s. Mean Reward: -25.421. Std of Reward: 2.566. Training.
[INFO] move_to_static_target_10. Step: 9800000. Time Elapsed: 13116.313 s. Mean Reward: -25.750. Std of Reward: 3.073. Training.
[INFO] move_to_static_target_10. Step: 9850000. Time Elapsed: 13184.707 s. Mean Reward: -26.491. Std of Reward: 0.807. Training.
[INFO] move_to_static_target_10. Step: 9900000. Time Elapsed: 13251.434 s. Mean Reward: -25.331. Std of Reward: 3.253. Training.
[INFO] move_to_static_target_10. Step: 9950000. Time Elapsed: 13318.485 s. Mean Reward: -26.501. Std of Reward: 1.561. Training.
[INFO] move_to_static_target_10. Step: 10000000. Time Elapsed: 13385.196 s. Mean Reward: -25.802. Std of Reward: 2.459. Training.
[INFO] Exported results/move_to_static_target_10/move_to_static_target_10/move_to_static_target_10-9999867.onnx
[INFO] Exported results/move_to_static_target_10/move_to_static_target_10/move_to_static_target_10-10000123.onnx
[INFO] Copied results/move_to_static_target_10/move_to_static_target_10/move_to_static_target_10-10000123.onnx to results/move_to_static_target_10/move_to_static_target_10.onnx.
