
            ┐  ╖
        ╓╖╬│╡  ││╬╖╖
    ╓╖╬│││││┘  ╬│││││╬╖
 ╖╬│││││╬╜        ╙╬│││││╖╖                               ╗╗╗
 ╬╬╬╬╖││╦╖        ╖╬││╗╣╣╣╬      ╟╣╣╬    ╟╣╣╣             ╜╜╜  ╟╣╣
 ╬╬╬╬╬╬╬╬╖│╬╖╖╓╬╪│╓╣╣╣╣╣╣╣╬      ╟╣╣╬    ╟╣╣╣ ╒╣╣╖╗╣╣╣╗   ╣╣╣ ╣╣╣╣╣╣ ╟╣╣╖   ╣╣╣
 ╬╬╬╬┐  ╙╬╬╬╬│╓╣╣╣╝╜  ╫╣╣╣╬      ╟╣╣╬    ╟╣╣╣ ╟╣╣╣╙ ╙╣╣╣  ╣╣╣ ╙╟╣╣╜╙  ╫╣╣  ╟╣╣
 ╬╬╬╬┐     ╙╬╬╣╣      ╫╣╣╣╬      ╟╣╣╬    ╟╣╣╣ ╟╣╣╬   ╣╣╣  ╣╣╣  ╟╣╣     ╣╣╣┌╣╣╜
 ╬╬╬╜       ╬╬╣╣      ╙╝╣╣╬      ╙╣╣╣╗╖╓╗╣╣╣╜ ╟╣╣╬   ╣╣╣  ╣╣╣  ╟╣╣╦╓    ╣╣╣╣╣
 ╙   ╓╦╖    ╬╬╣╣   ╓╗╗╖            ╙╝╣╣╣╣╝╜   ╘╝╝╜   ╝╝╝  ╝╝╝   ╙╣╣╣    ╟╣╣╣
   ╩╬╬╬╬╬╬╦╦╬╬╣╣╗╣╣╣╣╣╣╣╝                                             ╫╣╣╣╣
      ╙╬╬╬╬╬╬╬╣╣╣╣╣╣╝╜
          ╙╬╬╬╣╣╣╜
             ╙
        
 Version information:
  ml-agents: 0.30.0,
  ml-agents-envs: 0.30.0,
  Communicator API: 1.5.0,
  PyTorch: 1.13.1+cu117
[INFO] Listening on port 5004. Start training by pressing the Play button in the Unity Editor.
[INFO] Connected to Unity environment with package version 2.3.0-exp.3 and communication version 1.5.0
[INFO] Connected new brain: move_to_static_target_12?team=0
[INFO] Hyperparameters for behavior name move_to_static_target_12: 
	trainer_type:	ppo
	hyperparameters:	
	  batch_size:	256
	  buffer_size:	8192
	  learning_rate:	0.0003
	  beta:	0.005
	  epsilon:	0.2
	  lambd:	0.95
	  num_epoch:	3
	  shared_critic:	False
	  learning_rate_schedule:	linear
	  beta_schedule:	linear
	  epsilon_schedule:	linear
	network_settings:	
	  normalize:	False
	  hidden_units:	128
	  num_layers:	3
	  vis_encode_type:	simple
	  memory:	None
	  goal_conditioning_type:	hyper
	  deterministic:	False
	reward_signals:	
	  extrinsic:	
	    gamma:	0.9
	    strength:	1.0
	    network_settings:	
	      normalize:	False
	      hidden_units:	128
	      num_layers:	2
	      vis_encode_type:	simple
	      memory:	None
	      goal_conditioning_type:	hyper
	      deterministic:	False
	  curiosity:	
	    gamma:	0.99
	    strength:	0.02
	    network_settings:	
	      normalize:	False
	      hidden_units:	128
	      num_layers:	3
	      vis_encode_type:	simple
	      memory:	None
	      goal_conditioning_type:	hyper
	      deterministic:	False
	    learning_rate:	0.0003
	    encoding_size:	None
	init_path:	None
	keep_checkpoints:	100
	checkpoint_interval:	500000
	max_steps:	10000000
	time_horizon:	256
	summary_freq:	50000
	threaded:	False
	self_play:	None
	behavioral_cloning:	None
/home/mih/.local/share/virtualenvs/ml_agents_test-Mi5MBi39/lib/python3.10/site-packages/mlagents/trainers/torch_entities/utils.py:289: UserWarning: The use of `x.T` on tensors of dimension other than 2 to reverse their shape is deprecated and it will throw an error in a future release. Consider `x.mT` to transpose batches of matrices or `x.permute(*torch.arange(x.ndim - 1, -1, -1))` to reverse the dimensions of a tensor. (Triggered internally at ../aten/src/ATen/native/TensorShape.cpp:3277.)
  torch.nn.functional.one_hot(_act.T, action_size[i]).float()
[INFO] move_to_static_target_12. Step: 50000. Time Elapsed: 77.956 s. Mean Reward: -115.734. Std of Reward: 21.975. Training.
[INFO] move_to_static_target_12. Step: 100000. Time Elapsed: 139.664 s. Mean Reward: -111.958. Std of Reward: 30.385. Training.
[INFO] move_to_static_target_12. Step: 150000. Time Elapsed: 211.163 s. Mean Reward: -49.865. Std of Reward: 18.485. Training.
[INFO] move_to_static_target_12. Step: 200000. Time Elapsed: 272.660 s. Mean Reward: -34.727. Std of Reward: 17.958. Training.
[INFO] move_to_static_target_12. Step: 250000. Time Elapsed: 340.892 s. Mean Reward: -26.226. Std of Reward: 17.381. Training.
[INFO] move_to_static_target_12. Step: 300000. Time Elapsed: 411.914 s. Mean Reward: -21.909. Std of Reward: 15.874. Training.
[INFO] move_to_static_target_12. Step: 350000. Time Elapsed: 480.410 s. Mean Reward: -25.413. Std of Reward: 19.157. Training.
[INFO] move_to_static_target_12. Step: 400000. Time Elapsed: 548.148 s. Mean Reward: -36.027. Std of Reward: 10.942. Training.
[INFO] move_to_static_target_12. Step: 450000. Time Elapsed: 616.272 s. Mean Reward: -37.850. Std of Reward: 8.498. Training.
[INFO] move_to_static_target_12. Step: 500000. Time Elapsed: 684.602 s. Mean Reward: -34.667. Std of Reward: 11.133. Training.
[INFO] Exported results/move_to_static_target_12/move_to_static_target_12/move_to_static_target_12-499822.onnx
[INFO] move_to_static_target_12. Step: 550000. Time Elapsed: 752.222 s. Mean Reward: -18.462. Std of Reward: 17.102. Training.
[INFO] move_to_static_target_12. Step: 600000. Time Elapsed: 819.197 s. Mean Reward: -20.528. Std of Reward: 17.724. Training.
[INFO] move_to_static_target_12. Step: 650000. Time Elapsed: 884.808 s. Mean Reward: -12.463. Std of Reward: 15.774. Training.
[INFO] move_to_static_target_12. Step: 700000. Time Elapsed: 950.130 s. Mean Reward: 1.736. Std of Reward: 8.067. Training.
[INFO] move_to_static_target_12. Step: 750000. Time Elapsed: 1018.810 s. Mean Reward: 5.387. Std of Reward: 2.350. Training.
[INFO] move_to_static_target_12. Step: 800000. Time Elapsed: 1089.955 s. Mean Reward: -0.922. Std of Reward: 13.068. Training.
[INFO] move_to_static_target_12. Step: 850000. Time Elapsed: 1163.624 s. Mean Reward: -27.316. Std of Reward: 2.007. Training.
[INFO] move_to_static_target_12. Step: 900000. Time Elapsed: 1233.411 s. Mean Reward: -26.499. Std of Reward: 0.424. Training.
[INFO] move_to_static_target_12. Step: 950000. Time Elapsed: 1305.345 s. Mean Reward: -26.459. Std of Reward: 0.913. Training.
[INFO] move_to_static_target_12. Step: 1000000. Time Elapsed: 1377.708 s. Mean Reward: -26.254. Std of Reward: 0.426. Training.
[INFO] Exported results/move_to_static_target_12/move_to_static_target_12/move_to_static_target_12-999830.onnx
[INFO] move_to_static_target_12. Step: 1050000. Time Elapsed: 1452.049 s. Mean Reward: -27.088. Std of Reward: 3.048. Training.
[INFO] move_to_static_target_12. Step: 1100000. Time Elapsed: 1526.891 s. Mean Reward: -32.752. Std of Reward: 7.057. Training.
[INFO] move_to_static_target_12. Step: 1150000. Time Elapsed: 1599.346 s. Mean Reward: -26.361. Std of Reward: 7.959. Training.
[INFO] move_to_static_target_12. Step: 1200000. Time Elapsed: 1670.310 s. Mean Reward: -28.153. Std of Reward: 4.975. Training.
[INFO] move_to_static_target_12. Step: 1250000. Time Elapsed: 1743.205 s. Mean Reward: -29.789. Std of Reward: 3.893. Training.
[INFO] move_to_static_target_12. Step: 1300000. Time Elapsed: 1815.969 s. Mean Reward: -27.578. Std of Reward: 5.278. Training.
[INFO] move_to_static_target_12. Step: 1350000. Time Elapsed: 1886.154 s. Mean Reward: -25.950. Std of Reward: 7.030. Training.
[INFO] move_to_static_target_12. Step: 1400000. Time Elapsed: 1959.102 s. Mean Reward: -23.767. Std of Reward: 9.708. Training.
[INFO] move_to_static_target_12. Step: 1450000. Time Elapsed: 2028.900 s. Mean Reward: -15.407. Std of Reward: 13.005. Training.
[INFO] move_to_static_target_12. Step: 1500000. Time Elapsed: 2097.503 s. Mean Reward: -5.694. Std of Reward: 12.919. Training.
[INFO] Exported results/move_to_static_target_12/move_to_static_target_12/move_to_static_target_12-1499758.onnx
[INFO] move_to_static_target_12. Step: 1550000. Time Elapsed: 2165.659 s. Mean Reward: -6.161. Std of Reward: 17.010. Training.
[INFO] move_to_static_target_12. Step: 1600000. Time Elapsed: 2234.091 s. Mean Reward: 6.727. Std of Reward: 19.444. Training.
[INFO] move_to_static_target_12. Step: 1650000. Time Elapsed: 2300.006 s. Mean Reward: 13.456. Std of Reward: 22.515. Training.
[INFO] move_to_static_target_12. Step: 1700000. Time Elapsed: 2367.432 s. Mean Reward: 27.169. Std of Reward: 20.406. Training.
[INFO] move_to_static_target_12. Step: 1750000. Time Elapsed: 2433.788 s. Mean Reward: 30.703. Std of Reward: 18.355. Training.
[INFO] move_to_static_target_12. Step: 1800000. Time Elapsed: 2500.610 s. Mean Reward: 32.310. Std of Reward: 18.976. Training.
[INFO] move_to_static_target_12. Step: 1850000. Time Elapsed: 2567.720 s. Mean Reward: 52.182. Std of Reward: 30.684. Training.
[INFO] move_to_static_target_12. Step: 1900000. Time Elapsed: 2634.592 s. Mean Reward: 26.819. Std of Reward: 28.108. Training.
[INFO] move_to_static_target_12. Step: 1950000. Time Elapsed: 2702.283 s. Mean Reward: 34.980. Std of Reward: 31.638. Training.
[INFO] move_to_static_target_12. Step: 2000000. Time Elapsed: 2768.087 s. Mean Reward: 29.543. Std of Reward: 28.969. Training.
[INFO] Exported results/move_to_static_target_12/move_to_static_target_12/move_to_static_target_12-1999758.onnx
[INFO] move_to_static_target_12. Step: 2050000. Time Elapsed: 2836.329 s. Mean Reward: 44.658. Std of Reward: 26.247. Training.
[INFO] move_to_static_target_12. Step: 2100000. Time Elapsed: 2902.707 s. Mean Reward: 49.015. Std of Reward: 30.031. Training.
[INFO] move_to_static_target_12. Step: 2150000. Time Elapsed: 2970.523 s. Mean Reward: 47.646. Std of Reward: 29.070. Training.
[INFO] move_to_static_target_12. Step: 2200000. Time Elapsed: 3040.305 s. Mean Reward: 55.634. Std of Reward: 30.550. Training.
[INFO] move_to_static_target_12. Step: 2250000. Time Elapsed: 3107.805 s. Mean Reward: 58.300. Std of Reward: 22.985. Training.
[INFO] move_to_static_target_12. Step: 2300000. Time Elapsed: 3176.455 s. Mean Reward: 63.024. Std of Reward: 24.424. Training.
[INFO] move_to_static_target_12. Step: 2350000. Time Elapsed: 3247.899 s. Mean Reward: 65.021. Std of Reward: 23.976. Training.
[INFO] move_to_static_target_12. Step: 2400000. Time Elapsed: 3317.906 s. Mean Reward: 65.621. Std of Reward: 19.817. Training.
[INFO] move_to_static_target_12. Step: 2450000. Time Elapsed: 3387.378 s. Mean Reward: 66.627. Std of Reward: 21.193. Training.
[INFO] move_to_static_target_12. Step: 2500000. Time Elapsed: 3457.779 s. Mean Reward: 72.528. Std of Reward: 19.740. Training.
[INFO] Exported results/move_to_static_target_12/move_to_static_target_12/move_to_static_target_12-2499806.onnx
[INFO] move_to_static_target_12. Step: 2550000. Time Elapsed: 3526.064 s. Mean Reward: 50.572. Std of Reward: 167.289. Training.
[INFO] move_to_static_target_12. Step: 2600000. Time Elapsed: 3596.311 s. Mean Reward: 66.818. Std of Reward: 26.958. Training.
[INFO] move_to_static_target_12. Step: 2650000. Time Elapsed: 3664.809 s. Mean Reward: 61.365. Std of Reward: 21.750. Training.
[INFO] move_to_static_target_12. Step: 2700000. Time Elapsed: 3735.581 s. Mean Reward: 66.852. Std of Reward: 17.198. Training.
[INFO] move_to_static_target_12. Step: 2750000. Time Elapsed: 3805.888 s. Mean Reward: 55.224. Std of Reward: 19.760. Training.
[INFO] move_to_static_target_12. Step: 2800000. Time Elapsed: 3877.645 s. Mean Reward: 62.153. Std of Reward: 17.791. Training.
[INFO] move_to_static_target_12. Step: 2850000. Time Elapsed: 3947.280 s. Mean Reward: 68.931. Std of Reward: 31.565. Training.
[INFO] move_to_static_target_12. Step: 2900000. Time Elapsed: 4017.931 s. Mean Reward: 73.518. Std of Reward: 18.122. Training.
[INFO] move_to_static_target_12. Step: 2950000. Time Elapsed: 4087.191 s. Mean Reward: 70.496. Std of Reward: 17.632. Training.
[INFO] move_to_static_target_12. Step: 3000000. Time Elapsed: 4157.052 s. Mean Reward: 78.554. Std of Reward: 24.403. Training.
[INFO] Exported results/move_to_static_target_12/move_to_static_target_12/move_to_static_target_12-2999806.onnx
[INFO] move_to_static_target_12. Step: 3050000. Time Elapsed: 4226.682 s. Mean Reward: 90.857. Std of Reward: 25.707. Training.
[INFO] move_to_static_target_12. Step: 3100000. Time Elapsed: 4295.077 s. Mean Reward: 90.215. Std of Reward: 29.871. Training.
[INFO] move_to_static_target_12. Step: 3150000. Time Elapsed: 4366.107 s. Mean Reward: 85.404. Std of Reward: 22.701. Training.
[INFO] move_to_static_target_12. Step: 3200000. Time Elapsed: 4434.735 s. Mean Reward: 80.372. Std of Reward: 21.520. Training.
[INFO] move_to_static_target_12. Step: 3250000. Time Elapsed: 4507.912 s. Mean Reward: 82.178. Std of Reward: 22.203. Training.
[INFO] move_to_static_target_12. Step: 3300000. Time Elapsed: 4577.507 s. Mean Reward: 89.344. Std of Reward: 19.455. Training.
[INFO] move_to_static_target_12. Step: 3350000. Time Elapsed: 4647.332 s. Mean Reward: 89.384. Std of Reward: 29.194. Training.
[INFO] move_to_static_target_12. Step: 3400000. Time Elapsed: 4714.962 s. Mean Reward: 85.458. Std of Reward: 20.963. Training.
[INFO] move_to_static_target_12. Step: 3450000. Time Elapsed: 4782.687 s. Mean Reward: 82.862. Std of Reward: 24.203. Training.
[INFO] move_to_static_target_12. Step: 3500000. Time Elapsed: 4851.247 s. Mean Reward: 103.631. Std of Reward: 27.694. Training.
[INFO] Exported results/move_to_static_target_12/move_to_static_target_12/move_to_static_target_12-3499830.onnx
[INFO] move_to_static_target_12. Step: 3550000. Time Elapsed: 4918.104 s. Mean Reward: 100.185. Std of Reward: 22.566. Training.
[INFO] move_to_static_target_12. Step: 3600000. Time Elapsed: 4987.624 s. Mean Reward: 98.420. Std of Reward: 17.932. Training.
[INFO] move_to_static_target_12. Step: 3650000. Time Elapsed: 5055.108 s. Mean Reward: 95.609. Std of Reward: 15.038. Training.
[INFO] move_to_static_target_12. Step: 3700000. Time Elapsed: 5124.431 s. Mean Reward: 96.441. Std of Reward: 18.480. Training.
[INFO] move_to_static_target_12. Step: 3750000. Time Elapsed: 5191.457 s. Mean Reward: 98.207. Std of Reward: 19.943. Training.
[INFO] move_to_static_target_12. Step: 3800000. Time Elapsed: 5260.190 s. Mean Reward: 110.917. Std of Reward: 18.278. Training.
[INFO] move_to_static_target_12. Step: 3850000. Time Elapsed: 5329.033 s. Mean Reward: 99.633. Std of Reward: 21.562. Training.
[INFO] move_to_static_target_12. Step: 3900000. Time Elapsed: 5398.040 s. Mean Reward: 93.015. Std of Reward: 16.510. Training.
[INFO] move_to_static_target_12. Step: 3950000. Time Elapsed: 5466.866 s. Mean Reward: 107.868. Std of Reward: 17.891. Training.
[INFO] move_to_static_target_12. Step: 4000000. Time Elapsed: 5535.206 s. Mean Reward: 115.623. Std of Reward: 20.561. Training.
[INFO] Exported results/move_to_static_target_12/move_to_static_target_12/move_to_static_target_12-3999830.onnx
[INFO] move_to_static_target_12. Step: 4050000. Time Elapsed: 5603.803 s. Mean Reward: 110.304. Std of Reward: 15.087. Training.
[INFO] move_to_static_target_12. Step: 4100000. Time Elapsed: 5671.625 s. Mean Reward: 114.297. Std of Reward: 13.468. Training.
[INFO] move_to_static_target_12. Step: 4150000. Time Elapsed: 5741.652 s. Mean Reward: 116.393. Std of Reward: 18.275. Training.
[INFO] move_to_static_target_12. Step: 4200000. Time Elapsed: 5809.177 s. Mean Reward: 119.946. Std of Reward: 15.519. Training.
[INFO] move_to_static_target_12. Step: 4250000. Time Elapsed: 5881.805 s. Mean Reward: 109.939. Std of Reward: 20.107. Training.
[INFO] move_to_static_target_12. Step: 4300000. Time Elapsed: 5949.722 s. Mean Reward: 105.792. Std of Reward: 17.707. Training.
[INFO] move_to_static_target_12. Step: 4350000. Time Elapsed: 6018.749 s. Mean Reward: 98.024. Std of Reward: 15.208. Training.
[INFO] move_to_static_target_12. Step: 4400000. Time Elapsed: 6087.384 s. Mean Reward: 115.411. Std of Reward: 16.326. Training.
[INFO] move_to_static_target_12. Step: 4450000. Time Elapsed: 6156.580 s. Mean Reward: 117.739. Std of Reward: 14.208. Training.
[INFO] move_to_static_target_12. Step: 4500000. Time Elapsed: 6224.848 s. Mean Reward: 123.203. Std of Reward: 13.109. Training.
[INFO] Exported results/move_to_static_target_12/move_to_static_target_12/move_to_static_target_12-4499806.onnx
[INFO] move_to_static_target_12. Step: 4550000. Time Elapsed: 6293.142 s. Mean Reward: 109.148. Std of Reward: 16.968. Training.
[INFO] move_to_static_target_12. Step: 4600000. Time Elapsed: 6361.864 s. Mean Reward: 119.147. Std of Reward: 27.071. Training.
[INFO] move_to_static_target_12. Step: 4650000. Time Elapsed: 6431.039 s. Mean Reward: 117.716. Std of Reward: 24.537. Training.
[INFO] move_to_static_target_12. Step: 4700000. Time Elapsed: 6500.893 s. Mean Reward: 115.800. Std of Reward: 22.437. Training.
[INFO] move_to_static_target_12. Step: 4750000. Time Elapsed: 6566.316 s. Mean Reward: 114.744. Std of Reward: 17.789. Training.
[INFO] move_to_static_target_12. Step: 4800000. Time Elapsed: 6633.163 s. Mean Reward: 122.718. Std of Reward: 16.268. Training.
[INFO] move_to_static_target_12. Step: 4850000. Time Elapsed: 6699.727 s. Mean Reward: 122.480. Std of Reward: 16.851. Training.
[INFO] move_to_static_target_12. Step: 4900000. Time Elapsed: 6768.458 s. Mean Reward: 118.245. Std of Reward: 12.782. Training.
[INFO] move_to_static_target_12. Step: 4950000. Time Elapsed: 6835.317 s. Mean Reward: 119.815. Std of Reward: 15.480. Training.
[INFO] move_to_static_target_12. Step: 5000000. Time Elapsed: 6902.439 s. Mean Reward: 121.771. Std of Reward: 15.665. Training.
[INFO] Exported results/move_to_static_target_12/move_to_static_target_12/move_to_static_target_12-4999806.onnx
[INFO] move_to_static_target_12. Step: 5050000. Time Elapsed: 6970.370 s. Mean Reward: 118.146. Std of Reward: 19.607. Training.
[INFO] move_to_static_target_12. Step: 5100000. Time Elapsed: 7036.241 s. Mean Reward: 133.473. Std of Reward: 20.782. Training.
[INFO] move_to_static_target_12. Step: 5150000. Time Elapsed: 7103.251 s. Mean Reward: 117.886. Std of Reward: 16.780. Training.
[INFO] move_to_static_target_12. Step: 5200000. Time Elapsed: 7169.076 s. Mean Reward: 120.355. Std of Reward: 16.078. Training.
[INFO] move_to_static_target_12. Step: 5250000. Time Elapsed: 7236.035 s. Mean Reward: 123.205. Std of Reward: 16.310. Training.
[INFO] move_to_static_target_12. Step: 5300000. Time Elapsed: 7304.895 s. Mean Reward: 137.776. Std of Reward: 20.883. Training.
[INFO] move_to_static_target_12. Step: 5350000. Time Elapsed: 7371.638 s. Mean Reward: 133.159. Std of Reward: 17.064. Training.
[INFO] move_to_static_target_12. Step: 5400000. Time Elapsed: 7438.293 s. Mean Reward: 125.564. Std of Reward: 19.469. Training.
[INFO] move_to_static_target_12. Step: 5450000. Time Elapsed: 7504.767 s. Mean Reward: 125.517. Std of Reward: 10.365. Training.
[INFO] move_to_static_target_12. Step: 5500000. Time Elapsed: 7571.532 s. Mean Reward: 131.486. Std of Reward: 13.984. Training.
[INFO] Exported results/move_to_static_target_12/move_to_static_target_12/move_to_static_target_12-5499758.onnx
[INFO] move_to_static_target_12. Step: 5550000. Time Elapsed: 7637.905 s. Mean Reward: 133.088. Std of Reward: 15.110. Training.
[INFO] move_to_static_target_12. Step: 5600000. Time Elapsed: 7704.501 s. Mean Reward: 134.550. Std of Reward: 17.166. Training.
[INFO] move_to_static_target_12. Step: 5650000. Time Elapsed: 7769.840 s. Mean Reward: 132.007. Std of Reward: 16.342. Training.
[INFO] move_to_static_target_12. Step: 5700000. Time Elapsed: 7836.760 s. Mean Reward: 128.152. Std of Reward: 13.091. Training.
[INFO] move_to_static_target_12. Step: 5750000. Time Elapsed: 7903.043 s. Mean Reward: 122.344. Std of Reward: 14.625. Training.
[INFO] move_to_static_target_12. Step: 5800000. Time Elapsed: 7971.468 s. Mean Reward: 110.338. Std of Reward: 8.506. Training.
[INFO] move_to_static_target_12. Step: 5850000. Time Elapsed: 8039.611 s. Mean Reward: 116.362. Std of Reward: 12.804. Training.
[INFO] move_to_static_target_12. Step: 5900000. Time Elapsed: 8107.759 s. Mean Reward: 120.791. Std of Reward: 14.751. Training.
[INFO] move_to_static_target_12. Step: 5950000. Time Elapsed: 8173.643 s. Mean Reward: 114.448. Std of Reward: 14.857. Training.
[INFO] move_to_static_target_12. Step: 6000000. Time Elapsed: 8240.382 s. Mean Reward: 123.915. Std of Reward: 13.528. Training.
[INFO] Exported results/move_to_static_target_12/move_to_static_target_12/move_to_static_target_12-5999782.onnx
[INFO] move_to_static_target_12. Step: 6050000. Time Elapsed: 8306.191 s. Mean Reward: 119.268. Std of Reward: 13.163. Training.
[INFO] move_to_static_target_12. Step: 6100000. Time Elapsed: 8372.587 s. Mean Reward: 127.123. Std of Reward: 11.545. Training.
[INFO] move_to_static_target_12. Step: 6150000. Time Elapsed: 8438.804 s. Mean Reward: 150.011. Std of Reward: 23.117. Training.
[INFO] move_to_static_target_12. Step: 6200000. Time Elapsed: 8504.604 s. Mean Reward: 139.576. Std of Reward: 29.494. Training.
[INFO] move_to_static_target_12. Step: 6250000. Time Elapsed: 8571.918 s. Mean Reward: 125.171. Std of Reward: 18.322. Training.
[INFO] move_to_static_target_12. Step: 6300000. Time Elapsed: 8637.841 s. Mean Reward: 126.108. Std of Reward: 13.524. Training.
[INFO] move_to_static_target_12. Step: 6350000. Time Elapsed: 8707.744 s. Mean Reward: 117.161. Std of Reward: 13.586. Training.
[INFO] move_to_static_target_12. Step: 6400000. Time Elapsed: 8773.206 s. Mean Reward: 117.476. Std of Reward: 15.951. Training.
[INFO] move_to_static_target_12. Step: 6450000. Time Elapsed: 8839.953 s. Mean Reward: 121.639. Std of Reward: 18.778. Training.
[INFO] move_to_static_target_12. Step: 6500000. Time Elapsed: 8906.006 s. Mean Reward: 131.012. Std of Reward: 13.827. Training.
[INFO] Exported results/move_to_static_target_12/move_to_static_target_12/move_to_static_target_12-6499758.onnx
[INFO] move_to_static_target_12. Step: 6550000. Time Elapsed: 8972.720 s. Mean Reward: 156.086. Std of Reward: 29.528. Training.
[INFO] move_to_static_target_12. Step: 6600000. Time Elapsed: 9039.164 s. Mean Reward: 155.473. Std of Reward: 23.782. Training.
[INFO] move_to_static_target_12. Step: 6650000. Time Elapsed: 9103.902 s. Mean Reward: 152.388. Std of Reward: 18.996. Training.
[INFO] move_to_static_target_12. Step: 6700000. Time Elapsed: 9170.782 s. Mean Reward: 151.843. Std of Reward: 26.613. Training.
[INFO] move_to_static_target_12. Step: 6750000. Time Elapsed: 9236.085 s. Mean Reward: 126.839. Std of Reward: 20.701. Training.
[INFO] move_to_static_target_12. Step: 6800000. Time Elapsed: 9302.653 s. Mean Reward: 127.438. Std of Reward: 15.218. Training.
[INFO] move_to_static_target_12. Step: 6850000. Time Elapsed: 9368.067 s. Mean Reward: 136.531. Std of Reward: 17.418. Training.
[INFO] move_to_static_target_12. Step: 6900000. Time Elapsed: 9434.179 s. Mean Reward: 139.807. Std of Reward: 11.656. Training.
[INFO] move_to_static_target_12. Step: 6950000. Time Elapsed: 9500.023 s. Mean Reward: 134.741. Std of Reward: 16.510. Training.
[INFO] move_to_static_target_12. Step: 7000000. Time Elapsed: 9566.272 s. Mean Reward: 134.412. Std of Reward: 13.326. Training.
[INFO] Exported results/move_to_static_target_12/move_to_static_target_12/move_to_static_target_12-6999806.onnx
[INFO] move_to_static_target_12. Step: 7050000. Time Elapsed: 9632.436 s. Mean Reward: 138.776. Std of Reward: 16.268. Training.
[INFO] move_to_static_target_12. Step: 7100000. Time Elapsed: 9698.159 s. Mean Reward: 143.161. Std of Reward: 15.949. Training.
[INFO] move_to_static_target_12. Step: 7150000. Time Elapsed: 9764.064 s. Mean Reward: 151.429. Std of Reward: 15.036. Training.
[INFO] move_to_static_target_12. Step: 7200000. Time Elapsed: 9828.903 s. Mean Reward: 162.202. Std of Reward: 13.998. Training.
[INFO] move_to_static_target_12. Step: 7250000. Time Elapsed: 9895.835 s. Mean Reward: 146.142. Std of Reward: 19.112. Training.
[INFO] move_to_static_target_12. Step: 7300000. Time Elapsed: 9961.129 s. Mean Reward: 140.126. Std of Reward: 12.040. Training.
[INFO] move_to_static_target_12. Step: 7350000. Time Elapsed: 10030.929 s. Mean Reward: 140.938. Std of Reward: 15.462. Training.
[INFO] move_to_static_target_12. Step: 7400000. Time Elapsed: 10096.330 s. Mean Reward: 141.316. Std of Reward: 13.405. Training.
[INFO] move_to_static_target_12. Step: 7450000. Time Elapsed: 10162.295 s. Mean Reward: 142.313. Std of Reward: 37.173. Training.
[INFO] move_to_static_target_12. Step: 7500000. Time Elapsed: 10228.052 s. Mean Reward: 169.005. Std of Reward: 19.688. Training.
[INFO] Exported results/move_to_static_target_12/move_to_static_target_12/move_to_static_target_12-7499830.onnx
[INFO] move_to_static_target_12. Step: 7550000. Time Elapsed: 10294.210 s. Mean Reward: 162.598. Std of Reward: 25.454. Training.
[INFO] move_to_static_target_12. Step: 7600000. Time Elapsed: 10360.512 s. Mean Reward: 131.467. Std of Reward: 21.364. Training.
[INFO] move_to_static_target_12. Step: 7650000. Time Elapsed: 10426.283 s. Mean Reward: 130.797. Std of Reward: 17.512. Training.
[INFO] move_to_static_target_12. Step: 7700000. Time Elapsed: 10492.761 s. Mean Reward: 127.523. Std of Reward: 14.365. Training.
[INFO] move_to_static_target_12. Step: 7750000. Time Elapsed: 10557.547 s. Mean Reward: 132.496. Std of Reward: 15.766. Training.
[INFO] move_to_static_target_12. Step: 7800000. Time Elapsed: 10624.821 s. Mean Reward: 146.797. Std of Reward: 15.384. Training.
[INFO] move_to_static_target_12. Step: 7850000. Time Elapsed: 10689.906 s. Mean Reward: 143.177. Std of Reward: 13.501. Training.
[INFO] move_to_static_target_12. Step: 7900000. Time Elapsed: 10756.576 s. Mean Reward: 128.318. Std of Reward: 13.403. Training.
[INFO] move_to_static_target_12. Step: 7950000. Time Elapsed: 10821.964 s. Mean Reward: 123.493. Std of Reward: 13.225. Training.
[INFO] move_to_static_target_12. Step: 8000000. Time Elapsed: 10888.651 s. Mean Reward: 133.541. Std of Reward: 18.798. Training.
[INFO] Exported results/move_to_static_target_12/move_to_static_target_12/move_to_static_target_12-7999854.onnx
[INFO] move_to_static_target_12. Step: 8050000. Time Elapsed: 10954.097 s. Mean Reward: 127.209. Std of Reward: 19.893. Training.
[INFO] move_to_static_target_12. Step: 8100000. Time Elapsed: 11020.412 s. Mean Reward: 141.769. Std of Reward: 16.277. Training.
[INFO] move_to_static_target_12. Step: 8150000. Time Elapsed: 11086.540 s. Mean Reward: 147.055. Std of Reward: 8.237. Training.
[INFO] move_to_static_target_12. Step: 8200000. Time Elapsed: 11151.645 s. Mean Reward: 143.721. Std of Reward: 9.975. Training.
[INFO] move_to_static_target_12. Step: 8250000. Time Elapsed: 11218.265 s. Mean Reward: 134.568. Std of Reward: 13.035. Training.
[INFO] move_to_static_target_12. Step: 8300000. Time Elapsed: 11283.528 s. Mean Reward: 139.653. Std of Reward: 17.626. Training.
[INFO] move_to_static_target_12. Step: 8350000. Time Elapsed: 11350.322 s. Mean Reward: 139.653. Std of Reward: 19.085. Training.
[INFO] move_to_static_target_12. Step: 8400000. Time Elapsed: 11419.223 s. Mean Reward: 141.214. Std of Reward: 21.681. Training.
[INFO] move_to_static_target_12. Step: 8450000. Time Elapsed: 11485.294 s. Mean Reward: 136.620. Std of Reward: 17.670. Training.
[INFO] move_to_static_target_12. Step: 8500000. Time Elapsed: 11551.365 s. Mean Reward: 147.032. Std of Reward: 18.969. Training.
[INFO] Exported results/move_to_static_target_12/move_to_static_target_12/move_to_static_target_12-8499806.onnx
[INFO] move_to_static_target_12. Step: 8550000. Time Elapsed: 11617.483 s. Mean Reward: 166.664. Std of Reward: 29.098. Training.
[INFO] move_to_static_target_12. Step: 8600000. Time Elapsed: 11684.229 s. Mean Reward: 176.353. Std of Reward: 24.145. Training.
[INFO] move_to_static_target_12. Step: 8650000. Time Elapsed: 11749.936 s. Mean Reward: 149.396. Std of Reward: 20.814. Training.
[INFO] move_to_static_target_12. Step: 8700000. Time Elapsed: 11816.353 s. Mean Reward: 129.339. Std of Reward: 14.187. Training.
[INFO] move_to_static_target_12. Step: 8750000. Time Elapsed: 11881.260 s. Mean Reward: 124.927. Std of Reward: 12.004. Training.
[INFO] move_to_static_target_12. Step: 8800000. Time Elapsed: 11948.602 s. Mean Reward: 154.927. Std of Reward: 16.852. Training.
[INFO] move_to_static_target_12. Step: 8850000. Time Elapsed: 12013.787 s. Mean Reward: 156.716. Std of Reward: 15.465. Training.
[INFO] move_to_static_target_12. Step: 8900000. Time Elapsed: 12080.720 s. Mean Reward: 149.367. Std of Reward: 15.339. Training.
[INFO] move_to_static_target_12. Step: 8950000. Time Elapsed: 12146.291 s. Mean Reward: 146.558. Std of Reward: 16.112. Training.
[INFO] move_to_static_target_12. Step: 9000000. Time Elapsed: 12212.990 s. Mean Reward: 156.546. Std of Reward: 16.676. Training.
[INFO] Exported results/move_to_static_target_12/move_to_static_target_12/move_to_static_target_12-8999782.onnx
[INFO] move_to_static_target_12. Step: 9050000. Time Elapsed: 12279.707 s. Mean Reward: 160.578. Std of Reward: 16.454. Training.
[INFO] move_to_static_target_12. Step: 9100000. Time Elapsed: 12346.240 s. Mean Reward: 140.273. Std of Reward: 28.774. Training.
[INFO] move_to_static_target_12. Step: 9150000. Time Elapsed: 12412.560 s. Mean Reward: 145.559. Std of Reward: 29.171. Training.
[INFO] move_to_static_target_12. Step: 9200000. Time Elapsed: 12478.254 s. Mean Reward: 160.921. Std of Reward: 28.829. Training.
[INFO] move_to_static_target_12. Step: 9250000. Time Elapsed: 12545.192 s. Mean Reward: 150.626. Std of Reward: 27.915. Training.
[INFO] move_to_static_target_12. Step: 9300000. Time Elapsed: 12610.151 s. Mean Reward: 156.504. Std of Reward: 16.797. Training.
[INFO] move_to_static_target_12. Step: 9350000. Time Elapsed: 12677.686 s. Mean Reward: 150.039. Std of Reward: 33.212. Training.
[INFO] move_to_static_target_12. Step: 9400000. Time Elapsed: 12742.572 s. Mean Reward: 163.132. Std of Reward: 24.179. Training.
[INFO] move_to_static_target_12. Step: 9450000. Time Elapsed: 12812.852 s. Mean Reward: 148.245. Std of Reward: 16.619. Training.
[INFO] move_to_static_target_12. Step: 9500000. Time Elapsed: 12878.579 s. Mean Reward: 142.795. Std of Reward: 14.923. Training.
[INFO] Exported results/move_to_static_target_12/move_to_static_target_12/move_to_static_target_12-9499758.onnx
[INFO] move_to_static_target_12. Step: 9550000. Time Elapsed: 12945.348 s. Mean Reward: 141.381. Std of Reward: 14.439. Training.
[INFO] move_to_static_target_12. Step: 9600000. Time Elapsed: 13011.208 s. Mean Reward: 134.197. Std of Reward: 20.960. Training.
[INFO] move_to_static_target_12. Step: 9650000. Time Elapsed: 13077.650 s. Mean Reward: 135.067. Std of Reward: 21.628. Training.
[INFO] move_to_static_target_12. Step: 9700000. Time Elapsed: 13144.171 s. Mean Reward: 146.917. Std of Reward: 15.282. Training.
[INFO] move_to_static_target_12. Step: 9750000. Time Elapsed: 13209.182 s. Mean Reward: 158.609. Std of Reward: 21.147. Training.
[INFO] move_to_static_target_12. Step: 9800000. Time Elapsed: 13276.054 s. Mean Reward: 152.490. Std of Reward: 20.061. Training.
[INFO] move_to_static_target_12. Step: 9850000. Time Elapsed: 13341.535 s. Mean Reward: 148.971. Std of Reward: 21.217. Training.
[INFO] move_to_static_target_12. Step: 9900000. Time Elapsed: 13408.525 s. Mean Reward: 156.882. Std of Reward: 23.959. Training.
[INFO] move_to_static_target_12. Step: 9950000. Time Elapsed: 13473.926 s. Mean Reward: 149.797. Std of Reward: 21.116. Training.
[INFO] move_to_static_target_12. Step: 10000000. Time Elapsed: 13540.591 s. Mean Reward: 148.136. Std of Reward: 10.889. Training.
[INFO] Exported results/move_to_static_target_12/move_to_static_target_12/move_to_static_target_12-9999782.onnx
[INFO] Exported results/move_to_static_target_12/move_to_static_target_12/move_to_static_target_12-10000014.onnx
[INFO] Copied results/move_to_static_target_12/move_to_static_target_12/move_to_static_target_12-10000014.onnx to results/move_to_static_target_12/move_to_static_target_12.onnx.
