
            ┐  ╖
        ╓╖╬│╡  ││╬╖╖
    ╓╖╬│││││┘  ╬│││││╬╖
 ╖╬│││││╬╜        ╙╬│││││╖╖                               ╗╗╗
 ╬╬╬╬╖││╦╖        ╖╬││╗╣╣╣╬      ╟╣╣╬    ╟╣╣╣             ╜╜╜  ╟╣╣
 ╬╬╬╬╬╬╬╬╖│╬╖╖╓╬╪│╓╣╣╣╣╣╣╣╬      ╟╣╣╬    ╟╣╣╣ ╒╣╣╖╗╣╣╣╗   ╣╣╣ ╣╣╣╣╣╣ ╟╣╣╖   ╣╣╣
 ╬╬╬╬┐  ╙╬╬╬╬│╓╣╣╣╝╜  ╫╣╣╣╬      ╟╣╣╬    ╟╣╣╣ ╟╣╣╣╙ ╙╣╣╣  ╣╣╣ ╙╟╣╣╜╙  ╫╣╣  ╟╣╣
 ╬╬╬╬┐     ╙╬╬╣╣      ╫╣╣╣╬      ╟╣╣╬    ╟╣╣╣ ╟╣╣╬   ╣╣╣  ╣╣╣  ╟╣╣     ╣╣╣┌╣╣╜
 ╬╬╬╜       ╬╬╣╣      ╙╝╣╣╬      ╙╣╣╣╗╖╓╗╣╣╣╜ ╟╣╣╬   ╣╣╣  ╣╣╣  ╟╣╣╦╓    ╣╣╣╣╣
 ╙   ╓╦╖    ╬╬╣╣   ╓╗╗╖            ╙╝╣╣╣╣╝╜   ╘╝╝╜   ╝╝╝  ╝╝╝   ╙╣╣╣    ╟╣╣╣
   ╩╬╬╬╬╬╬╦╦╬╬╣╣╗╣╣╣╣╣╣╣╝                                             ╫╣╣╣╣
      ╙╬╬╬╬╬╬╬╣╣╣╣╣╣╝╜
          ╙╬╬╬╣╣╣╜
             ╙
        
 Version information:
  ml-agents: 0.30.0,
  ml-agents-envs: 0.30.0,
  Communicator API: 1.5.0,
  PyTorch: 1.13.1+cu117
[INFO] Listening on port 5004. Start training by pressing the Play button in the Unity Editor.
[INFO] Connected to Unity environment with package version 2.3.0-exp.3 and communication version 1.5.0
[INFO] Connected new brain: shoot_moving_target_v2_10?team=0
[INFO] Hyperparameters for behavior name shoot_moving_target_v2_10: 
	trainer_type:	ppo
	hyperparameters:	
	  batch_size:	256
	  buffer_size:	8192
	  learning_rate:	0.0003
	  beta:	0.005
	  epsilon:	0.2
	  lambd:	0.95
	  num_epoch:	3
	  shared_critic:	False
	  learning_rate_schedule:	linear
	  beta_schedule:	linear
	  epsilon_schedule:	linear
	network_settings:	
	  normalize:	False
	  hidden_units:	128
	  num_layers:	7
	  vis_encode_type:	simple
	  memory:	None
	  goal_conditioning_type:	hyper
	  deterministic:	False
	reward_signals:	
	  extrinsic:	
	    gamma:	0.9
	    strength:	1.0
	    network_settings:	
	      normalize:	False
	      hidden_units:	128
	      num_layers:	2
	      vis_encode_type:	simple
	      memory:	None
	      goal_conditioning_type:	hyper
	      deterministic:	False
	  curiosity:	
	    gamma:	0.99
	    strength:	0.02
	    network_settings:	
	      normalize:	False
	      hidden_units:	128
	      num_layers:	3
	      vis_encode_type:	simple
	      memory:	None
	      goal_conditioning_type:	hyper
	      deterministic:	False
	    learning_rate:	0.0003
	    encoding_size:	None
	init_path:	None
	keep_checkpoints:	100
	checkpoint_interval:	500000
	max_steps:	10000000
	time_horizon:	256
	summary_freq:	50000
	threaded:	False
	self_play:	None
	behavioral_cloning:	None
/home/mih/.local/share/virtualenvs/ml_agents_test-Mi5MBi39/lib/python3.10/site-packages/mlagents/trainers/torch_entities/utils.py:289: UserWarning: The use of `x.T` on tensors of dimension other than 2 to reverse their shape is deprecated and it will throw an error in a future release. Consider `x.mT` to transpose batches of matrices or `x.permute(*torch.arange(x.ndim - 1, -1, -1))` to reverse the dimensions of a tensor. (Triggered internally at ../aten/src/ATen/native/TensorShape.cpp:3277.)
  torch.nn.functional.one_hot(_act.T, action_size[i]).float()
[INFO] shoot_moving_target_v2_10. Step: 50000. Time Elapsed: 82.042 s. Mean Reward: -221.605. Std of Reward: 15.067. Training.
[INFO] shoot_moving_target_v2_10. Step: 100000. Time Elapsed: 149.203 s. Mean Reward: -208.031. Std of Reward: 22.631. Training.
[INFO] shoot_moving_target_v2_10. Step: 150000. Time Elapsed: 224.328 s. Mean Reward: -185.242. Std of Reward: 9.551. Training.
[INFO] shoot_moving_target_v2_10. Step: 200000. Time Elapsed: 292.426 s. Mean Reward: -176.870. Std of Reward: 11.507. Training.
[INFO] shoot_moving_target_v2_10. Step: 250000. Time Elapsed: 374.531 s. Mean Reward: -170.103. Std of Reward: 10.603. Training.
[INFO] shoot_moving_target_v2_10. Step: 300000. Time Elapsed: 443.188 s. Mean Reward: -165.113. Std of Reward: 11.866. Training.
[INFO] shoot_moving_target_v2_10. Step: 350000. Time Elapsed: 518.110 s. Mean Reward: -165.593. Std of Reward: 11.156. Training.
[INFO] shoot_moving_target_v2_10. Step: 400000. Time Elapsed: 585.824 s. Mean Reward: -163.097. Std of Reward: 10.582. Training.
[INFO] shoot_moving_target_v2_10. Step: 450000. Time Elapsed: 669.086 s. Mean Reward: -158.875. Std of Reward: 13.170. Training.
[INFO] shoot_moving_target_v2_10. Step: 500000. Time Elapsed: 736.406 s. Mean Reward: -159.068. Std of Reward: 11.003. Training.
[INFO] Exported results/shoot_moving_target_v2_10/shoot_moving_target_v2_10/shoot_moving_target_v2_10-499840.onnx
[INFO] shoot_moving_target_v2_10. Step: 550000. Time Elapsed: 804.943 s. Mean Reward: -160.711. Std of Reward: 10.978. Training.
[INFO] shoot_moving_target_v2_10. Step: 600000. Time Elapsed: 879.884 s. Mean Reward: -160.202. Std of Reward: 12.091. Training.
[INFO] shoot_moving_target_v2_10. Step: 650000. Time Elapsed: 948.027 s. Mean Reward: -155.377. Std of Reward: 11.472. Training.
[INFO] shoot_moving_target_v2_10. Step: 700000. Time Elapsed: 1030.800 s. Mean Reward: -161.059. Std of Reward: 14.538. Training.
[INFO] shoot_moving_target_v2_10. Step: 750000. Time Elapsed: 1097.899 s. Mean Reward: -155.481. Std of Reward: 15.496. Training.
[INFO] shoot_moving_target_v2_10. Step: 800000. Time Elapsed: 1172.829 s. Mean Reward: -157.342. Std of Reward: 13.395. Training.
[INFO] shoot_moving_target_v2_10. Step: 850000. Time Elapsed: 1240.700 s. Mean Reward: -152.142. Std of Reward: 13.672. Training.
[INFO] shoot_moving_target_v2_10. Step: 900000. Time Elapsed: 1322.815 s. Mean Reward: -154.515. Std of Reward: 14.696. Training.
[INFO] shoot_moving_target_v2_10. Step: 950000. Time Elapsed: 1391.039 s. Mean Reward: -150.768. Std of Reward: 13.477. Training.
[INFO] shoot_moving_target_v2_10. Step: 1000000. Time Elapsed: 1465.654 s. Mean Reward: -150.688. Std of Reward: 13.087. Training.
[INFO] Exported results/shoot_moving_target_v2_10/shoot_moving_target_v2_10/shoot_moving_target_v2_10-999936.onnx
[INFO] shoot_moving_target_v2_10. Step: 1050000. Time Elapsed: 1533.233 s. Mean Reward: -150.738. Std of Reward: 14.569. Training.
[INFO] shoot_moving_target_v2_10. Step: 1100000. Time Elapsed: 1601.155 s. Mean Reward: -146.612. Std of Reward: 17.425. Training.
[INFO] shoot_moving_target_v2_10. Step: 1150000. Time Elapsed: 1683.146 s. Mean Reward: -148.136. Std of Reward: 14.007. Training.
[INFO] shoot_moving_target_v2_10. Step: 1200000. Time Elapsed: 1751.426 s. Mean Reward: -146.311. Std of Reward: 16.908. Training.
[INFO] shoot_moving_target_v2_10. Step: 1250000. Time Elapsed: 1826.014 s. Mean Reward: -141.908. Std of Reward: 15.070. Training.
[INFO] shoot_moving_target_v2_10. Step: 1300000. Time Elapsed: 1893.730 s. Mean Reward: -136.397. Std of Reward: 18.304. Training.
[INFO] shoot_moving_target_v2_10. Step: 1350000. Time Elapsed: 1976.313 s. Mean Reward: -142.699. Std of Reward: 14.635. Training.
[INFO] shoot_moving_target_v2_10. Step: 1400000. Time Elapsed: 2043.331 s. Mean Reward: -145.449. Std of Reward: 17.669. Training.
[INFO] shoot_moving_target_v2_10. Step: 1450000. Time Elapsed: 2118.285 s. Mean Reward: -148.341. Std of Reward: 14.563. Training.
[INFO] shoot_moving_target_v2_10. Step: 1500000. Time Elapsed: 2186.215 s. Mean Reward: -142.586. Std of Reward: 14.760. Training.
[INFO] Exported results/shoot_moving_target_v2_10/shoot_moving_target_v2_10/shoot_moving_target_v2_10-1499776.onnx
[INFO] shoot_moving_target_v2_10. Step: 1550000. Time Elapsed: 2254.152 s. Mean Reward: -141.578. Std of Reward: 16.856. Training.
[INFO] shoot_moving_target_v2_10. Step: 1600000. Time Elapsed: 2336.819 s. Mean Reward: -138.881. Std of Reward: 17.118. Training.
[INFO] shoot_moving_target_v2_10. Step: 1650000. Time Elapsed: 2404.048 s. Mean Reward: -131.714. Std of Reward: 19.800. Training.
[INFO] shoot_moving_target_v2_10. Step: 1700000. Time Elapsed: 2478.762 s. Mean Reward: -142.972. Std of Reward: 15.891. Training.
[INFO] shoot_moving_target_v2_10. Step: 1750000. Time Elapsed: 2546.724 s. Mean Reward: -131.175. Std of Reward: 21.758. Training.
[INFO] shoot_moving_target_v2_10. Step: 1800000. Time Elapsed: 2628.353 s. Mean Reward: -136.356. Std of Reward: 23.182. Training.
[INFO] shoot_moving_target_v2_10. Step: 1850000. Time Elapsed: 2696.296 s. Mean Reward: -133.652. Std of Reward: 25.479. Training.
[INFO] shoot_moving_target_v2_10. Step: 1900000. Time Elapsed: 2770.885 s. Mean Reward: -131.466. Std of Reward: 19.909. Training.
[INFO] shoot_moving_target_v2_10. Step: 1950000. Time Elapsed: 2838.114 s. Mean Reward: -142.126. Std of Reward: 19.171. Training.
[INFO] shoot_moving_target_v2_10. Step: 2000000. Time Elapsed: 2920.254 s. Mean Reward: -138.706. Std of Reward: 17.086. Training.
[INFO] Exported results/shoot_moving_target_v2_10/shoot_moving_target_v2_10/shoot_moving_target_v2_10-1999872.onnx
[INFO] shoot_moving_target_v2_10. Step: 2050000. Time Elapsed: 2987.160 s. Mean Reward: -139.143. Std of Reward: 28.672. Training.
[INFO] shoot_moving_target_v2_10. Step: 2100000. Time Elapsed: 3055.167 s. Mean Reward: -125.955. Std of Reward: 17.883. Training.
[INFO] shoot_moving_target_v2_10. Step: 2150000. Time Elapsed: 3129.778 s. Mean Reward: -129.048. Std of Reward: 23.704. Training.
[INFO] shoot_moving_target_v2_10. Step: 2200000. Time Elapsed: 3197.879 s. Mean Reward: -117.192. Std of Reward: 25.513. Training.
[INFO] shoot_moving_target_v2_10. Step: 2250000. Time Elapsed: 3280.231 s. Mean Reward: -120.054. Std of Reward: 19.429. Training.
[INFO] shoot_moving_target_v2_10. Step: 2300000. Time Elapsed: 3346.792 s. Mean Reward: -124.719. Std of Reward: 19.821. Training.
[INFO] shoot_moving_target_v2_10. Step: 2350000. Time Elapsed: 3421.274 s. Mean Reward: -129.173. Std of Reward: 18.270. Training.
[INFO] shoot_moving_target_v2_10. Step: 2400000. Time Elapsed: 3488.663 s. Mean Reward: -123.222. Std of Reward: 19.427. Training.
[INFO] shoot_moving_target_v2_10. Step: 2450000. Time Elapsed: 3570.531 s. Mean Reward: -119.062. Std of Reward: 24.216. Training.
[INFO] shoot_moving_target_v2_10. Step: 2500000. Time Elapsed: 3638.192 s. Mean Reward: -118.167. Std of Reward: 22.367. Training.
[INFO] Exported results/shoot_moving_target_v2_10/shoot_moving_target_v2_10/shoot_moving_target_v2_10-2499968.onnx
[INFO] shoot_moving_target_v2_10. Step: 2550000. Time Elapsed: 3712.488 s. Mean Reward: -120.832. Std of Reward: 21.012. Training.
[INFO] shoot_moving_target_v2_10. Step: 2600000. Time Elapsed: 3779.433 s. Mean Reward: -120.887. Std of Reward: 23.034. Training.
[INFO] shoot_moving_target_v2_10. Step: 2650000. Time Elapsed: 3846.709 s. Mean Reward: -114.283. Std of Reward: 20.954. Training.
[INFO] shoot_moving_target_v2_10. Step: 2700000. Time Elapsed: 3927.858 s. Mean Reward: -116.667. Std of Reward: 18.929. Training.
[INFO] shoot_moving_target_v2_10. Step: 2750000. Time Elapsed: 3995.406 s. Mean Reward: -120.484. Std of Reward: 19.802. Training.
[INFO] shoot_moving_target_v2_10. Step: 2800000. Time Elapsed: 4069.741 s. Mean Reward: -115.373. Std of Reward: 22.074. Training.
[INFO] shoot_moving_target_v2_10. Step: 2850000. Time Elapsed: 4136.665 s. Mean Reward: -109.158. Std of Reward: 23.698. Training.
[INFO] shoot_moving_target_v2_10. Step: 2900000. Time Elapsed: 4218.497 s. Mean Reward: -109.462. Std of Reward: 24.984. Training.
[INFO] shoot_moving_target_v2_10. Step: 2950000. Time Elapsed: 4285.127 s. Mean Reward: -102.989. Std of Reward: 21.261. Training.
[INFO] shoot_moving_target_v2_10. Step: 3000000. Time Elapsed: 4359.600 s. Mean Reward: -103.990. Std of Reward: 23.875. Training.
[INFO] Exported results/shoot_moving_target_v2_10/shoot_moving_target_v2_10/shoot_moving_target_v2_10-2999808.onnx
[INFO] shoot_moving_target_v2_10. Step: 3050000. Time Elapsed: 4427.069 s. Mean Reward: -113.622. Std of Reward: 17.381. Training.
[INFO] shoot_moving_target_v2_10. Step: 3100000. Time Elapsed: 4493.975 s. Mean Reward: -115.048. Std of Reward: 19.777. Training.
[INFO] shoot_moving_target_v2_10. Step: 3150000. Time Elapsed: 4576.012 s. Mean Reward: -99.765. Std of Reward: 21.462. Training.
[INFO] shoot_moving_target_v2_10. Step: 3200000. Time Elapsed: 4642.715 s. Mean Reward: -93.146. Std of Reward: 21.651. Training.
[INFO] shoot_moving_target_v2_10. Step: 3250000. Time Elapsed: 4717.227 s. Mean Reward: -98.491. Std of Reward: 27.630. Training.
[INFO] shoot_moving_target_v2_10. Step: 3300000. Time Elapsed: 4784.589 s. Mean Reward: -93.208. Std of Reward: 25.939. Training.
[INFO] shoot_moving_target_v2_10. Step: 3350000. Time Elapsed: 4866.083 s. Mean Reward: -96.052. Std of Reward: 22.794. Training.
[INFO] shoot_moving_target_v2_10. Step: 3400000. Time Elapsed: 4934.044 s. Mean Reward: -99.765. Std of Reward: 24.887. Training.
[INFO] shoot_moving_target_v2_10. Step: 3450000. Time Elapsed: 5008.193 s. Mean Reward: -99.544. Std of Reward: 24.827. Training.
[INFO] shoot_moving_target_v2_10. Step: 3500000. Time Elapsed: 5075.279 s. Mean Reward: -101.092. Std of Reward: 20.578. Training.
[INFO] Exported results/shoot_moving_target_v2_10/shoot_moving_target_v2_10/shoot_moving_target_v2_10-3499984.onnx
[INFO] shoot_moving_target_v2_10. Step: 3550000. Time Elapsed: 5157.547 s. Mean Reward: -98.257. Std of Reward: 17.498. Training.
[INFO] shoot_moving_target_v2_10. Step: 3600000. Time Elapsed: 5224.316 s. Mean Reward: -98.431. Std of Reward: 19.599. Training.
[INFO] shoot_moving_target_v2_10. Step: 3650000. Time Elapsed: 5292.239 s. Mean Reward: -92.133. Std of Reward: 19.345. Training.
[INFO] shoot_moving_target_v2_10. Step: 3700000. Time Elapsed: 5366.247 s. Mean Reward: -85.453. Std of Reward: 21.498. Training.
[INFO] shoot_moving_target_v2_10. Step: 3750000. Time Elapsed: 5434.694 s. Mean Reward: -87.163. Std of Reward: 21.027. Training.
[INFO] shoot_moving_target_v2_10. Step: 3800000. Time Elapsed: 5518.942 s. Mean Reward: -75.327. Std of Reward: 27.302. Training.
[INFO] shoot_moving_target_v2_10. Step: 3850000. Time Elapsed: 5587.641 s. Mean Reward: -73.898. Std of Reward: 23.885. Training.
[INFO] shoot_moving_target_v2_10. Step: 3900000. Time Elapsed: 5662.946 s. Mean Reward: -79.390. Std of Reward: 21.155. Training.
[INFO] shoot_moving_target_v2_10. Step: 3950000. Time Elapsed: 5731.814 s. Mean Reward: -89.526. Std of Reward: 19.981. Training.
[INFO] shoot_moving_target_v2_10. Step: 4000000. Time Elapsed: 5814.621 s. Mean Reward: -86.889. Std of Reward: 21.490. Training.
[INFO] Exported results/shoot_moving_target_v2_10/shoot_moving_target_v2_10/shoot_moving_target_v2_10-3999768.onnx
[INFO] shoot_moving_target_v2_10. Step: 4050000. Time Elapsed: 5884.320 s. Mean Reward: -79.657. Std of Reward: 24.607. Training.
[INFO] shoot_moving_target_v2_10. Step: 4100000. Time Elapsed: 5961.607 s. Mean Reward: -72.267. Std of Reward: 25.864. Training.
[INFO] shoot_moving_target_v2_10. Step: 4150000. Time Elapsed: 6031.185 s. Mean Reward: -78.131. Std of Reward: 28.988. Training.
[INFO] shoot_moving_target_v2_10. Step: 4200000. Time Elapsed: 6100.452 s. Mean Reward: -72.821. Std of Reward: 29.526. Training.
[INFO] shoot_moving_target_v2_10. Step: 4250000. Time Elapsed: 6184.006 s. Mean Reward: -78.836. Std of Reward: 23.392. Training.
[INFO] shoot_moving_target_v2_10. Step: 4300000. Time Elapsed: 6252.549 s. Mean Reward: -73.175. Std of Reward: 22.726. Training.
[INFO] shoot_moving_target_v2_10. Step: 4350000. Time Elapsed: 6329.347 s. Mean Reward: -77.750. Std of Reward: 24.907. Training.
[INFO] shoot_moving_target_v2_10. Step: 4400000. Time Elapsed: 6397.843 s. Mean Reward: -79.702. Std of Reward: 20.643. Training.
[INFO] shoot_moving_target_v2_10. Step: 4450000. Time Elapsed: 6482.500 s. Mean Reward: -72.412. Std of Reward: 30.057. Training.
[INFO] shoot_moving_target_v2_10. Step: 4500000. Time Elapsed: 6551.323 s. Mean Reward: -75.865. Std of Reward: 27.130. Training.
[INFO] Exported results/shoot_moving_target_v2_10/shoot_moving_target_v2_10/shoot_moving_target_v2_10-4499864.onnx
[INFO] shoot_moving_target_v2_10. Step: 4550000. Time Elapsed: 6629.047 s. Mean Reward: -75.833. Std of Reward: 29.600. Training.
[INFO] shoot_moving_target_v2_10. Step: 4600000. Time Elapsed: 6698.961 s. Mean Reward: -68.430. Std of Reward: 31.587. Training.
[INFO] shoot_moving_target_v2_10. Step: 4650000. Time Elapsed: 6769.168 s. Mean Reward: -68.651. Std of Reward: 31.270. Training.
[INFO] shoot_moving_target_v2_10. Step: 4700000. Time Elapsed: 6853.091 s. Mean Reward: -59.980. Std of Reward: 30.698. Training.
[INFO] shoot_moving_target_v2_10. Step: 4750000. Time Elapsed: 6922.216 s. Mean Reward: -61.745. Std of Reward: 25.652. Training.
[INFO] shoot_moving_target_v2_10. Step: 4800000. Time Elapsed: 6999.022 s. Mean Reward: -75.985. Std of Reward: 27.951. Training.
[INFO] shoot_moving_target_v2_10. Step: 4850000. Time Elapsed: 7067.808 s. Mean Reward: -74.740. Std of Reward: 20.659. Training.
[INFO] shoot_moving_target_v2_10. Step: 4900000. Time Elapsed: 7150.311 s. Mean Reward: -65.305. Std of Reward: 25.588. Training.
[INFO] shoot_moving_target_v2_10. Step: 4950000. Time Elapsed: 7219.450 s. Mean Reward: -53.963. Std of Reward: 28.239. Training.
[INFO] shoot_moving_target_v2_10. Step: 5000000. Time Elapsed: 7296.871 s. Mean Reward: -67.065. Std of Reward: 22.723. Training.
[INFO] Exported results/shoot_moving_target_v2_10/shoot_moving_target_v2_10/shoot_moving_target_v2_10-4999960.onnx
[INFO] shoot_moving_target_v2_10. Step: 5050000. Time Elapsed: 7365.092 s. Mean Reward: -56.687. Std of Reward: 26.209. Training.
[INFO] shoot_moving_target_v2_10. Step: 5100000. Time Elapsed: 7449.171 s. Mean Reward: -62.655. Std of Reward: 24.155. Training.
[INFO] shoot_moving_target_v2_10. Step: 5150000. Time Elapsed: 7518.295 s. Mean Reward: -55.863. Std of Reward: 22.096. Training.
[INFO] shoot_moving_target_v2_10. Step: 5200000. Time Elapsed: 7588.219 s. Mean Reward: -60.910. Std of Reward: 21.523. Training.
[INFO] shoot_moving_target_v2_10. Step: 5250000. Time Elapsed: 7666.019 s. Mean Reward: -61.214. Std of Reward: 27.236. Training.
[INFO] shoot_moving_target_v2_10. Step: 5300000. Time Elapsed: 7734.601 s. Mean Reward: -54.304. Std of Reward: 22.262. Training.
[INFO] shoot_moving_target_v2_10. Step: 5350000. Time Elapsed: 7818.577 s. Mean Reward: -50.626. Std of Reward: 26.233. Training.
[INFO] shoot_moving_target_v2_10. Step: 5400000. Time Elapsed: 7889.789 s. Mean Reward: -43.515. Std of Reward: 23.719. Training.
[INFO] shoot_moving_target_v2_10. Step: 5450000. Time Elapsed: 7967.829 s. Mean Reward: -48.242. Std of Reward: 23.516. Training.
[INFO] shoot_moving_target_v2_10. Step: 5500000. Time Elapsed: 8036.612 s. Mean Reward: -49.104. Std of Reward: 22.818. Training.
[INFO] Exported results/shoot_moving_target_v2_10/shoot_moving_target_v2_10/shoot_moving_target_v2_10-5499800.onnx
[INFO] shoot_moving_target_v2_10. Step: 5550000. Time Elapsed: 8119.666 s. Mean Reward: -52.094. Std of Reward: 22.577. Training.
[INFO] shoot_moving_target_v2_10. Step: 5600000. Time Elapsed: 8190.248 s. Mean Reward: -57.483. Std of Reward: 24.135. Training.
[INFO] shoot_moving_target_v2_10. Step: 5650000. Time Elapsed: 8266.941 s. Mean Reward: -53.951. Std of Reward: 27.019. Training.
[INFO] shoot_moving_target_v2_10. Step: 5700000. Time Elapsed: 8336.415 s. Mean Reward: -56.456. Std of Reward: 25.842. Training.
[INFO] shoot_moving_target_v2_10. Step: 5750000. Time Elapsed: 8404.770 s. Mean Reward: -53.913. Std of Reward: 32.848. Training.
[INFO] shoot_moving_target_v2_10. Step: 5800000. Time Elapsed: 8486.891 s. Mean Reward: -46.573. Std of Reward: 25.482. Training.
[INFO] shoot_moving_target_v2_10. Step: 5850000. Time Elapsed: 8557.182 s. Mean Reward: -60.890. Std of Reward: 26.960. Training.
[INFO] shoot_moving_target_v2_10. Step: 5900000. Time Elapsed: 8634.732 s. Mean Reward: -50.758. Std of Reward: 27.687. Training.
[INFO] shoot_moving_target_v2_10. Step: 5950000. Time Elapsed: 8704.746 s. Mean Reward: -50.676. Std of Reward: 28.337. Training.
[INFO] shoot_moving_target_v2_10. Step: 6000000. Time Elapsed: 8788.310 s. Mean Reward: -56.625. Std of Reward: 28.468. Training.
[INFO] Exported results/shoot_moving_target_v2_10/shoot_moving_target_v2_10/shoot_moving_target_v2_10-5999896.onnx
[INFO] shoot_moving_target_v2_10. Step: 6050000. Time Elapsed: 8855.595 s. Mean Reward: -65.310. Std of Reward: 29.323. Training.
[INFO] shoot_moving_target_v2_10. Step: 6100000. Time Elapsed: 8931.133 s. Mean Reward: -62.570. Std of Reward: 30.553. Training.
[INFO] shoot_moving_target_v2_10. Step: 6150000. Time Elapsed: 8999.193 s. Mean Reward: -57.603. Std of Reward: 33.192. Training.
[INFO] shoot_moving_target_v2_10. Step: 6200000. Time Elapsed: 9066.988 s. Mean Reward: -59.568. Std of Reward: 36.488. Training.
[INFO] shoot_moving_target_v2_10. Step: 6250000. Time Elapsed: 9150.429 s. Mean Reward: -59.431. Std of Reward: 27.957. Training.
[INFO] shoot_moving_target_v2_10. Step: 6300000. Time Elapsed: 9218.426 s. Mean Reward: -60.616. Std of Reward: 34.507. Training.
[INFO] shoot_moving_target_v2_10. Step: 6350000. Time Elapsed: 9294.307 s. Mean Reward: -49.919. Std of Reward: 30.769. Training.
[INFO] shoot_moving_target_v2_10. Step: 6400000. Time Elapsed: 9365.305 s. Mean Reward: -55.197. Std of Reward: 34.362. Training.
[INFO] shoot_moving_target_v2_10. Step: 6450000. Time Elapsed: 9448.991 s. Mean Reward: -46.643. Std of Reward: 32.946. Training.
[INFO] shoot_moving_target_v2_10. Step: 6500000. Time Elapsed: 9517.918 s. Mean Reward: -49.111. Std of Reward: 27.777. Training.
[INFO] Exported results/shoot_moving_target_v2_10/shoot_moving_target_v2_10/shoot_moving_target_v2_10-6499992.onnx
[INFO] shoot_moving_target_v2_10. Step: 6550000. Time Elapsed: 9593.471 s. Mean Reward: -38.626. Std of Reward: 28.321. Training.
[INFO] shoot_moving_target_v2_10. Step: 6600000. Time Elapsed: 9661.585 s. Mean Reward: -43.972. Std of Reward: 22.230. Training.
[INFO] shoot_moving_target_v2_10. Step: 6650000. Time Elapsed: 9744.513 s. Mean Reward: -43.236. Std of Reward: 20.421. Training.
[INFO] shoot_moving_target_v2_10. Step: 6700000. Time Elapsed: 9812.509 s. Mean Reward: -41.111. Std of Reward: 26.430. Training.
[INFO] shoot_moving_target_v2_10. Step: 6750000. Time Elapsed: 9881.300 s. Mean Reward: -46.668. Std of Reward: 26.394. Training.
[INFO] shoot_moving_target_v2_10. Step: 6800000. Time Elapsed: 9956.649 s. Mean Reward: -48.234. Std of Reward: 24.306. Training.
[INFO] shoot_moving_target_v2_10. Step: 6850000. Time Elapsed: 10025.527 s. Mean Reward: -52.584. Std of Reward: 26.652. Training.
[INFO] shoot_moving_target_v2_10. Step: 6900000. Time Elapsed: 10111.876 s. Mean Reward: -51.937. Std of Reward: 34.568. Training.
[INFO] shoot_moving_target_v2_10. Step: 6950000. Time Elapsed: 10180.616 s. Mean Reward: -45.551. Std of Reward: 31.506. Training.
[INFO] shoot_moving_target_v2_10. Step: 7000000. Time Elapsed: 10256.915 s. Mean Reward: -48.256. Std of Reward: 34.246. Training.
[INFO] Exported results/shoot_moving_target_v2_10/shoot_moving_target_v2_10/shoot_moving_target_v2_10-6999968.onnx
[INFO] shoot_moving_target_v2_10. Step: 7050000. Time Elapsed: 10325.408 s. Mean Reward: -54.594. Std of Reward: 28.480. Training.
[INFO] shoot_moving_target_v2_10. Step: 7100000. Time Elapsed: 10407.788 s. Mean Reward: -51.565. Std of Reward: 29.895. Training.
[INFO] shoot_moving_target_v2_10. Step: 7150000. Time Elapsed: 10476.116 s. Mean Reward: -40.691. Std of Reward: 31.193. Training.
[INFO] shoot_moving_target_v2_10. Step: 7200000. Time Elapsed: 10551.648 s. Mean Reward: -40.250. Std of Reward: 32.196. Training.
[INFO] shoot_moving_target_v2_10. Step: 7250000. Time Elapsed: 10620.040 s. Mean Reward: -47.474. Std of Reward: 38.401. Training.
[INFO] shoot_moving_target_v2_10. Step: 7300000. Time Elapsed: 10690.144 s. Mean Reward: -34.448. Std of Reward: 37.631. Training.
[INFO] shoot_moving_target_v2_10. Step: 7350000. Time Elapsed: 10774.634 s. Mean Reward: -34.972. Std of Reward: 33.161. Training.
[INFO] shoot_moving_target_v2_10. Step: 7400000. Time Elapsed: 10844.512 s. Mean Reward: -18.488. Std of Reward: 31.791. Training.
[INFO] shoot_moving_target_v2_10. Step: 7450000. Time Elapsed: 10921.110 s. Mean Reward: -32.899. Std of Reward: 25.724. Training.
[INFO] shoot_moving_target_v2_10. Step: 7500000. Time Elapsed: 10990.156 s. Mean Reward: -28.059. Std of Reward: 29.307. Training.
[INFO] Exported results/shoot_moving_target_v2_10/shoot_moving_target_v2_10/shoot_moving_target_v2_10-7499912.onnx
[INFO] shoot_moving_target_v2_10. Step: 7550000. Time Elapsed: 11074.977 s. Mean Reward: -34.363. Std of Reward: 25.206. Training.
[INFO] shoot_moving_target_v2_10. Step: 7600000. Time Elapsed: 11142.598 s. Mean Reward: -32.433. Std of Reward: 32.077. Training.
[INFO] shoot_moving_target_v2_10. Step: 7650000. Time Elapsed: 11218.122 s. Mean Reward: -44.970. Std of Reward: 34.292. Training.
[INFO] shoot_moving_target_v2_10. Step: 7700000. Time Elapsed: 11287.638 s. Mean Reward: -35.999. Std of Reward: 34.435. Training.
[INFO] shoot_moving_target_v2_10. Step: 7750000. Time Elapsed: 11356.080 s. Mean Reward: -29.454. Std of Reward: 28.861. Training.
[INFO] shoot_moving_target_v2_10. Step: 7800000. Time Elapsed: 11440.039 s. Mean Reward: -30.924. Std of Reward: 32.679. Training.
[INFO] shoot_moving_target_v2_10. Step: 7850000. Time Elapsed: 11507.949 s. Mean Reward: -25.878. Std of Reward: 24.189. Training.
[INFO] shoot_moving_target_v2_10. Step: 7900000. Time Elapsed: 11584.001 s. Mean Reward: -22.847. Std of Reward: 27.667. Training.
[INFO] shoot_moving_target_v2_10. Step: 7950000. Time Elapsed: 11652.655 s. Mean Reward: -22.352. Std of Reward: 25.057. Training.
[INFO] shoot_moving_target_v2_10. Step: 8000000. Time Elapsed: 11737.687 s. Mean Reward: -32.142. Std of Reward: 24.842. Training.
[INFO] Exported results/shoot_moving_target_v2_10/shoot_moving_target_v2_10/shoot_moving_target_v2_10-7999792.onnx
[INFO] shoot_moving_target_v2_10. Step: 8050000. Time Elapsed: 11807.414 s. Mean Reward: -25.386. Std of Reward: 28.667. Training.
[INFO] shoot_moving_target_v2_10. Step: 8100000. Time Elapsed: 11883.458 s. Mean Reward: -33.000. Std of Reward: 26.927. Training.
[INFO] shoot_moving_target_v2_10. Step: 8150000. Time Elapsed: 11952.114 s. Mean Reward: -38.527. Std of Reward: 24.919. Training.
[INFO] shoot_moving_target_v2_10. Step: 8200000. Time Elapsed: 12035.671 s. Mean Reward: -29.221. Std of Reward: 27.206. Training.
[INFO] shoot_moving_target_v2_10. Step: 8250000. Time Elapsed: 12103.559 s. Mean Reward: -31.851. Std of Reward: 23.824. Training.
[INFO] shoot_moving_target_v2_10. Step: 8300000. Time Elapsed: 12172.369 s. Mean Reward: -30.013. Std of Reward: 33.692. Training.
[INFO] shoot_moving_target_v2_10. Step: 8350000. Time Elapsed: 12249.606 s. Mean Reward: -23.959. Std of Reward: 26.425. Training.
[INFO] shoot_moving_target_v2_10. Step: 8400000. Time Elapsed: 12319.804 s. Mean Reward: -30.482. Std of Reward: 27.467. Training.
[INFO] shoot_moving_target_v2_10. Step: 8450000. Time Elapsed: 12404.451 s. Mean Reward: -26.395. Std of Reward: 23.382. Training.
[INFO] shoot_moving_target_v2_10. Step: 8500000. Time Elapsed: 12473.826 s. Mean Reward: -26.520. Std of Reward: 23.530. Training.
[INFO] Exported results/shoot_moving_target_v2_10/shoot_moving_target_v2_10/shoot_moving_target_v2_10-8499888.onnx
[INFO] shoot_moving_target_v2_10. Step: 8550000. Time Elapsed: 12550.969 s. Mean Reward: -26.662. Std of Reward: 20.075. Training.
[INFO] shoot_moving_target_v2_10. Step: 8600000. Time Elapsed: 12619.412 s. Mean Reward: -26.418. Std of Reward: 25.991. Training.
[INFO] shoot_moving_target_v2_10. Step: 8650000. Time Elapsed: 12702.480 s. Mean Reward: -30.536. Std of Reward: 27.654. Training.
[INFO] shoot_moving_target_v2_10. Step: 8700000. Time Elapsed: 12771.220 s. Mean Reward: -21.197. Std of Reward: 22.700. Training.
[INFO] shoot_moving_target_v2_10. Step: 8750000. Time Elapsed: 12847.394 s. Mean Reward: -31.316. Std of Reward: 29.239. Training.
[INFO] shoot_moving_target_v2_10. Step: 8800000. Time Elapsed: 12915.164 s. Mean Reward: -27.106. Std of Reward: 25.439. Training.
[INFO] shoot_moving_target_v2_10. Step: 8850000. Time Elapsed: 12983.803 s. Mean Reward: -31.850. Std of Reward: 32.090. Training.
[INFO] shoot_moving_target_v2_10. Step: 8900000. Time Elapsed: 13066.922 s. Mean Reward: -26.412. Std of Reward: 27.413. Training.
[INFO] shoot_moving_target_v2_10. Step: 8950000. Time Elapsed: 13135.595 s. Mean Reward: -23.259. Std of Reward: 28.223. Training.
[INFO] shoot_moving_target_v2_10. Step: 9000000. Time Elapsed: 13210.923 s. Mean Reward: -29.717. Std of Reward: 31.388. Training.
[INFO] Exported results/shoot_moving_target_v2_10/shoot_moving_target_v2_10/shoot_moving_target_v2_10-8999984.onnx
[INFO] shoot_moving_target_v2_10. Step: 9050000. Time Elapsed: 13278.932 s. Mean Reward: -25.492. Std of Reward: 27.434. Training.
[INFO] shoot_moving_target_v2_10. Step: 9100000. Time Elapsed: 13361.530 s. Mean Reward: -21.990. Std of Reward: 29.966. Training.
[INFO] shoot_moving_target_v2_10. Step: 9150000. Time Elapsed: 13428.823 s. Mean Reward: -22.210. Std of Reward: 30.805. Training.
[INFO] shoot_moving_target_v2_10. Step: 9200000. Time Elapsed: 13504.161 s. Mean Reward: -13.210. Std of Reward: 27.383. Training.
[INFO] shoot_moving_target_v2_10. Step: 9250000. Time Elapsed: 13572.474 s. Mean Reward: -12.852. Std of Reward: 34.802. Training.
[INFO] shoot_moving_target_v2_10. Step: 9300000. Time Elapsed: 13640.541 s. Mean Reward: -12.962. Std of Reward: 29.162. Training.
[INFO] shoot_moving_target_v2_10. Step: 9350000. Time Elapsed: 13723.781 s. Mean Reward: -5.282. Std of Reward: 32.915. Training.
[INFO] shoot_moving_target_v2_10. Step: 9400000. Time Elapsed: 13791.506 s. Mean Reward: -4.383. Std of Reward: 29.940. Training.
[INFO] shoot_moving_target_v2_10. Step: 9450000. Time Elapsed: 13866.906 s. Mean Reward: -13.679. Std of Reward: 31.269. Training.
[INFO] shoot_moving_target_v2_10. Step: 9500000. Time Elapsed: 13935.978 s. Mean Reward: -8.703. Std of Reward: 33.091. Training.
[INFO] Exported results/shoot_moving_target_v2_10/shoot_moving_target_v2_10/shoot_moving_target_v2_10-9499824.onnx
[INFO] shoot_moving_target_v2_10. Step: 9550000. Time Elapsed: 14018.406 s. Mean Reward: -7.867. Std of Reward: 35.374. Training.
[INFO] shoot_moving_target_v2_10. Step: 9600000. Time Elapsed: 14086.925 s. Mean Reward: 1.201. Std of Reward: 36.020. Training.
[INFO] shoot_moving_target_v2_10. Step: 9650000. Time Elapsed: 14162.549 s. Mean Reward: -9.787. Std of Reward: 34.284. Training.
[INFO] shoot_moving_target_v2_10. Step: 9700000. Time Elapsed: 14230.388 s. Mean Reward: -18.310. Std of Reward: 26.597. Training.
[INFO] shoot_moving_target_v2_10. Step: 9750000. Time Elapsed: 14313.238 s. Mean Reward: -22.737. Std of Reward: 28.830. Training.
[INFO] shoot_moving_target_v2_10. Step: 9800000. Time Elapsed: 14380.514 s. Mean Reward: -12.432. Std of Reward: 23.650. Training.
[INFO] shoot_moving_target_v2_10. Step: 9850000. Time Elapsed: 14448.941 s. Mean Reward: -23.247. Std of Reward: 30.316. Training.
[INFO] shoot_moving_target_v2_10. Step: 9900000. Time Elapsed: 14524.022 s. Mean Reward: -20.534. Std of Reward: 26.366. Training.
[INFO] shoot_moving_target_v2_10. Step: 9950000. Time Elapsed: 14591.702 s. Mean Reward: -10.616. Std of Reward: 30.536. Training.
[INFO] shoot_moving_target_v2_10. Step: 10000000. Time Elapsed: 14674.636 s. Mean Reward: -16.319. Std of Reward: 30.643. Training.
[INFO] Exported results/shoot_moving_target_v2_10/shoot_moving_target_v2_10/shoot_moving_target_v2_10-9999920.onnx
[INFO] Exported results/shoot_moving_target_v2_10/shoot_moving_target_v2_10/shoot_moving_target_v2_10-10005808.onnx
[INFO] Copied results/shoot_moving_target_v2_10/shoot_moving_target_v2_10/shoot_moving_target_v2_10-10005808.onnx to results/shoot_moving_target_v2_10/shoot_moving_target_v2_10.onnx.
