
            ┐  ╖
        ╓╖╬│╡  ││╬╖╖
    ╓╖╬│││││┘  ╬│││││╬╖
 ╖╬│││││╬╜        ╙╬│││││╖╖                               ╗╗╗
 ╬╬╬╬╖││╦╖        ╖╬││╗╣╣╣╬      ╟╣╣╬    ╟╣╣╣             ╜╜╜  ╟╣╣
 ╬╬╬╬╬╬╬╬╖│╬╖╖╓╬╪│╓╣╣╣╣╣╣╣╬      ╟╣╣╬    ╟╣╣╣ ╒╣╣╖╗╣╣╣╗   ╣╣╣ ╣╣╣╣╣╣ ╟╣╣╖   ╣╣╣
 ╬╬╬╬┐  ╙╬╬╬╬│╓╣╣╣╝╜  ╫╣╣╣╬      ╟╣╣╬    ╟╣╣╣ ╟╣╣╣╙ ╙╣╣╣  ╣╣╣ ╙╟╣╣╜╙  ╫╣╣  ╟╣╣
 ╬╬╬╬┐     ╙╬╬╣╣      ╫╣╣╣╬      ╟╣╣╬    ╟╣╣╣ ╟╣╣╬   ╣╣╣  ╣╣╣  ╟╣╣     ╣╣╣┌╣╣╜
 ╬╬╬╜       ╬╬╣╣      ╙╝╣╣╬      ╙╣╣╣╗╖╓╗╣╣╣╜ ╟╣╣╬   ╣╣╣  ╣╣╣  ╟╣╣╦╓    ╣╣╣╣╣
 ╙   ╓╦╖    ╬╬╣╣   ╓╗╗╖            ╙╝╣╣╣╣╝╜   ╘╝╝╜   ╝╝╝  ╝╝╝   ╙╣╣╣    ╟╣╣╣
   ╩╬╬╬╬╬╬╦╦╬╬╣╣╗╣╣╣╣╣╣╣╝                                             ╫╣╣╣╣
      ╙╬╬╬╬╬╬╬╣╣╣╣╣╣╝╜
          ╙╬╬╬╣╣╣╜
             ╙
        
 Version information:
  ml-agents: 0.30.0,
  ml-agents-envs: 0.30.0,
  Communicator API: 1.5.0,
  PyTorch: 1.13.1+cu117
[INFO] Listening on port 5004. Start training by pressing the Play button in the Unity Editor.
[INFO] Connected to Unity environment with package version 2.3.0-exp.3 and communication version 1.5.0
[INFO] Connected new brain: move_to_moving_target_08?team=0
[INFO] Hyperparameters for behavior name move_to_moving_target_08: 
	trainer_type:	ppo
	hyperparameters:	
	  batch_size:	256
	  buffer_size:	8192
	  learning_rate:	0.0003
	  beta:	0.005
	  epsilon:	0.2
	  lambd:	0.95
	  num_epoch:	3
	  shared_critic:	False
	  learning_rate_schedule:	linear
	  beta_schedule:	linear
	  epsilon_schedule:	linear
	network_settings:	
	  normalize:	False
	  hidden_units:	256
	  num_layers:	5
	  vis_encode_type:	simple
	  memory:	None
	  goal_conditioning_type:	hyper
	  deterministic:	False
	reward_signals:	
	  extrinsic:	
	    gamma:	0.9
	    strength:	1.0
	    network_settings:	
	      normalize:	False
	      hidden_units:	128
	      num_layers:	2
	      vis_encode_type:	simple
	      memory:	None
	      goal_conditioning_type:	hyper
	      deterministic:	False
	  curiosity:	
	    gamma:	0.99
	    strength:	0.02
	    network_settings:	
	      normalize:	False
	      hidden_units:	128
	      num_layers:	3
	      vis_encode_type:	simple
	      memory:	None
	      goal_conditioning_type:	hyper
	      deterministic:	False
	    learning_rate:	0.0003
	    encoding_size:	None
	init_path:	None
	keep_checkpoints:	100
	checkpoint_interval:	500000
	max_steps:	10000000
	time_horizon:	256
	summary_freq:	50000
	threaded:	False
	self_play:	None
	behavioral_cloning:	None
/home/mih/.local/share/virtualenvs/ml_agents_test-Mi5MBi39/lib/python3.10/site-packages/mlagents/trainers/torch_entities/utils.py:289: UserWarning: The use of `x.T` on tensors of dimension other than 2 to reverse their shape is deprecated and it will throw an error in a future release. Consider `x.mT` to transpose batches of matrices or `x.permute(*torch.arange(x.ndim - 1, -1, -1))` to reverse the dimensions of a tensor. (Triggered internally at ../aten/src/ATen/native/TensorShape.cpp:3277.)
  torch.nn.functional.one_hot(_act.T, action_size[i]).float()
[INFO] move_to_moving_target_08. Step: 50000. Time Elapsed: 75.252 s. Mean Reward: -95.225. Std of Reward: 18.577. Training.
[INFO] move_to_moving_target_08. Step: 100000. Time Elapsed: 133.744 s. Mean Reward: -107.034. Std of Reward: 31.878. Training.
[INFO] move_to_moving_target_08. Step: 150000. Time Elapsed: 199.064 s. Mean Reward: -69.319. Std of Reward: 22.571. Training.
[INFO] move_to_moving_target_08. Step: 200000. Time Elapsed: 258.163 s. Mean Reward: -46.775. Std of Reward: 8.503. Training.
[INFO] move_to_moving_target_08. Step: 250000. Time Elapsed: 333.256 s. Mean Reward: -40.000. Std of Reward: 9.629. Training.
[INFO] move_to_moving_target_08. Step: 300000. Time Elapsed: 396.534 s. Mean Reward: -41.200. Std of Reward: 47.685. Training.
[INFO] move_to_moving_target_08. Step: 350000. Time Elapsed: 461.384 s. Mean Reward: -35.968. Std of Reward: 9.004. Training.
[INFO] move_to_moving_target_08. Step: 400000. Time Elapsed: 522.860 s. Mean Reward: -31.986. Std of Reward: 9.537. Training.
[INFO] move_to_moving_target_08. Step: 450000. Time Elapsed: 596.764 s. Mean Reward: -29.547. Std of Reward: 9.565. Training.
[INFO] move_to_moving_target_08. Step: 500000. Time Elapsed: 658.382 s. Mean Reward: -21.504. Std of Reward: 12.716. Training.
[INFO] Exported results/move_to_moving_target_08/move_to_moving_target_08/move_to_moving_target_08-499840.onnx
[INFO] move_to_moving_target_08. Step: 550000. Time Elapsed: 719.995 s. Mean Reward: -12.470. Std of Reward: 12.019. Training.
[INFO] move_to_moving_target_08. Step: 600000. Time Elapsed: 789.385 s. Mean Reward: -11.590. Std of Reward: 15.099. Training.
[INFO] move_to_moving_target_08. Step: 650000. Time Elapsed: 854.030 s. Mean Reward: -9.622. Std of Reward: 13.348. Training.
[INFO] move_to_moving_target_08. Step: 700000. Time Elapsed: 928.484 s. Mean Reward: -11.073. Std of Reward: 14.825. Training.
[INFO] move_to_moving_target_08. Step: 750000. Time Elapsed: 988.815 s. Mean Reward: -1.644. Std of Reward: 16.794. Training.
[INFO] move_to_moving_target_08. Step: 800000. Time Elapsed: 1056.039 s. Mean Reward: -6.292. Std of Reward: 14.667. Training.
[INFO] move_to_moving_target_08. Step: 850000. Time Elapsed: 1117.006 s. Mean Reward: 1.043. Std of Reward: 18.713. Training.
[INFO] move_to_moving_target_08. Step: 900000. Time Elapsed: 1192.223 s. Mean Reward: 10.513. Std of Reward: 20.989. Training.
[INFO] move_to_moving_target_08. Step: 950000. Time Elapsed: 1253.996 s. Mean Reward: 18.110. Std of Reward: 16.215. Training.
[INFO] move_to_moving_target_08. Step: 1000000. Time Elapsed: 1322.756 s. Mean Reward: 26.997. Std of Reward: 22.381. Training.
[INFO] Exported results/move_to_moving_target_08/move_to_moving_target_08/move_to_moving_target_08-999936.onnx
[INFO] move_to_moving_target_08. Step: 1050000. Time Elapsed: 1384.199 s. Mean Reward: 33.833. Std of Reward: 22.271. Training.
[INFO] move_to_moving_target_08. Step: 1100000. Time Elapsed: 1444.859 s. Mean Reward: 38.674. Std of Reward: 22.915. Training.
[INFO] move_to_moving_target_08. Step: 1150000. Time Elapsed: 1523.738 s. Mean Reward: 39.788. Std of Reward: 26.325. Training.
[INFO] move_to_moving_target_08. Step: 1200000. Time Elapsed: 1586.708 s. Mean Reward: 28.440. Std of Reward: 22.146. Training.
[INFO] move_to_moving_target_08. Step: 1250000. Time Elapsed: 1656.203 s. Mean Reward: 42.983. Std of Reward: 21.183. Training.
[INFO] move_to_moving_target_08. Step: 1300000. Time Elapsed: 1718.238 s. Mean Reward: 58.064. Std of Reward: 24.681. Training.
[INFO] move_to_moving_target_08. Step: 1350000. Time Elapsed: 1792.842 s. Mean Reward: 60.643. Std of Reward: 28.263. Training.
[INFO] move_to_moving_target_08. Step: 1400000. Time Elapsed: 1853.316 s. Mean Reward: 64.597. Std of Reward: 27.778. Training.
[INFO] move_to_moving_target_08. Step: 1450000. Time Elapsed: 1920.546 s. Mean Reward: 67.470. Std of Reward: 23.895. Training.
[INFO] move_to_moving_target_08. Step: 1500000. Time Elapsed: 1983.662 s. Mean Reward: 73.221. Std of Reward: 35.105. Training.
[INFO] Exported results/move_to_moving_target_08/move_to_moving_target_08/move_to_moving_target_08-1499776.onnx
[INFO] move_to_moving_target_08. Step: 1550000. Time Elapsed: 2047.126 s. Mean Reward: 57.594. Std of Reward: 30.430. Training.
[INFO] move_to_moving_target_08. Step: 1600000. Time Elapsed: 2123.839 s. Mean Reward: 48.410. Std of Reward: 22.775. Training.
[INFO] move_to_moving_target_08. Step: 1650000. Time Elapsed: 2185.101 s. Mean Reward: 71.560. Std of Reward: 26.730. Training.
[INFO] move_to_moving_target_08. Step: 1700000. Time Elapsed: 2253.097 s. Mean Reward: 87.580. Std of Reward: 27.062. Training.
[INFO] move_to_moving_target_08. Step: 1750000. Time Elapsed: 2314.543 s. Mean Reward: 89.063. Std of Reward: 29.524. Training.
[INFO] move_to_moving_target_08. Step: 1800000. Time Elapsed: 2388.576 s. Mean Reward: 79.555. Std of Reward: 30.592. Training.
[INFO] move_to_moving_target_08. Step: 1850000. Time Elapsed: 2450.299 s. Mean Reward: 92.278. Std of Reward: 30.008. Training.
[INFO] move_to_moving_target_08. Step: 1900000. Time Elapsed: 2517.665 s. Mean Reward: 80.947. Std of Reward: 30.870. Training.
[INFO] move_to_moving_target_08. Step: 1950000. Time Elapsed: 2578.544 s. Mean Reward: 68.148. Std of Reward: 37.231. Training.
[INFO] move_to_moving_target_08. Step: 2000000. Time Elapsed: 2653.102 s. Mean Reward: 76.923. Std of Reward: 25.412. Training.
[INFO] Exported results/move_to_moving_target_08/move_to_moving_target_08/move_to_moving_target_08-1999872.onnx
[INFO] move_to_moving_target_08. Step: 2050000. Time Elapsed: 2714.064 s. Mean Reward: 79.151. Std of Reward: 26.317. Training.
[INFO] move_to_moving_target_08. Step: 2100000. Time Elapsed: 2774.848 s. Mean Reward: 83.249. Std of Reward: 27.699. Training.
[INFO] move_to_moving_target_08. Step: 2150000. Time Elapsed: 2841.329 s. Mean Reward: 76.053. Std of Reward: 24.913. Training.
[INFO] move_to_moving_target_08. Step: 2200000. Time Elapsed: 2901.417 s. Mean Reward: 91.560. Std of Reward: 27.134. Training.
[INFO] move_to_moving_target_08. Step: 2250000. Time Elapsed: 2975.959 s. Mean Reward: 89.637. Std of Reward: 29.245. Training.
[INFO] move_to_moving_target_08. Step: 2300000. Time Elapsed: 3036.857 s. Mean Reward: 72.275. Std of Reward: 22.630. Training.
[INFO] move_to_moving_target_08. Step: 2350000. Time Elapsed: 3103.611 s. Mean Reward: 79.121. Std of Reward: 25.752. Training.
[INFO] move_to_moving_target_08. Step: 2400000. Time Elapsed: 3164.136 s. Mean Reward: 89.339. Std of Reward: 30.351. Training.
[INFO] move_to_moving_target_08. Step: 2450000. Time Elapsed: 3237.117 s. Mean Reward: 95.720. Std of Reward: 25.639. Training.
[INFO] move_to_moving_target_08. Step: 2500000. Time Elapsed: 3297.821 s. Mean Reward: 94.944. Std of Reward: 29.762. Training.
[INFO] Exported results/move_to_moving_target_08/move_to_moving_target_08/move_to_moving_target_08-2499968.onnx
[INFO] move_to_moving_target_08. Step: 2550000. Time Elapsed: 3364.806 s. Mean Reward: 84.063. Std of Reward: 23.837. Training.
[INFO] move_to_moving_target_08. Step: 2600000. Time Elapsed: 3422.411 s. Mean Reward: 80.741. Std of Reward: 23.141. Training.
[INFO] move_to_moving_target_08. Step: 2650000. Time Elapsed: 3479.856 s. Mean Reward: 81.616. Std of Reward: 21.382. Training.
[INFO] move_to_moving_target_08. Step: 2700000. Time Elapsed: 3548.949 s. Mean Reward: 90.343. Std of Reward: 24.294. Training.
[INFO] move_to_moving_target_08. Step: 2750000. Time Elapsed: 3605.841 s. Mean Reward: 104.688. Std of Reward: 27.228. Training.
[INFO] move_to_moving_target_08. Step: 2800000. Time Elapsed: 3667.931 s. Mean Reward: 103.764. Std of Reward: 24.040. Training.
[INFO] move_to_moving_target_08. Step: 2850000. Time Elapsed: 3723.986 s. Mean Reward: 102.937. Std of Reward: 27.058. Training.
[INFO] move_to_moving_target_08. Step: 2900000. Time Elapsed: 3792.708 s. Mean Reward: 106.323. Std of Reward: 30.581. Training.
[INFO] move_to_moving_target_08. Step: 2950000. Time Elapsed: 3848.504 s. Mean Reward: 94.242. Std of Reward: 33.749. Training.
[INFO] move_to_moving_target_08. Step: 3000000. Time Elapsed: 3911.237 s. Mean Reward: 89.541. Std of Reward: 26.771. Training.
[INFO] Exported results/move_to_moving_target_08/move_to_moving_target_08/move_to_moving_target_08-2999808.onnx
[INFO] move_to_moving_target_08. Step: 3050000. Time Elapsed: 3967.826 s. Mean Reward: 92.519. Std of Reward: 28.679. Training.
[INFO] move_to_moving_target_08. Step: 3100000. Time Elapsed: 4024.042 s. Mean Reward: 106.080. Std of Reward: 22.852. Training.
[INFO] move_to_moving_target_08. Step: 3150000. Time Elapsed: 4092.943 s. Mean Reward: 111.741. Std of Reward: 34.115. Training.
[INFO] move_to_moving_target_08. Step: 3200000. Time Elapsed: 4148.765 s. Mean Reward: 98.834. Std of Reward: 28.462. Training.
[INFO] move_to_moving_target_08. Step: 3250000. Time Elapsed: 4211.320 s. Mean Reward: 109.751. Std of Reward: 27.363. Training.
[INFO] move_to_moving_target_08. Step: 3300000. Time Elapsed: 4267.698 s. Mean Reward: 101.407. Std of Reward: 28.745. Training.
[INFO] move_to_moving_target_08. Step: 3350000. Time Elapsed: 4335.794 s. Mean Reward: 92.885. Std of Reward: 28.442. Training.
[INFO] move_to_moving_target_08. Step: 3400000. Time Elapsed: 4392.558 s. Mean Reward: 101.429. Std of Reward: 27.582. Training.
[INFO] move_to_moving_target_08. Step: 3450000. Time Elapsed: 4454.408 s. Mean Reward: 108.560. Std of Reward: 31.697. Training.
[INFO] move_to_moving_target_08. Step: 3500000. Time Elapsed: 4510.704 s. Mean Reward: 109.625. Std of Reward: 31.598. Training.
[INFO] Exported results/move_to_moving_target_08/move_to_moving_target_08/move_to_moving_target_08-3499984.onnx
[INFO] move_to_moving_target_08. Step: 3550000. Time Elapsed: 4579.485 s. Mean Reward: 108.505. Std of Reward: 36.530. Training.
[INFO] move_to_moving_target_08. Step: 3600000. Time Elapsed: 4635.431 s. Mean Reward: 111.824. Std of Reward: 40.200. Training.
[INFO] move_to_moving_target_08. Step: 3650000. Time Elapsed: 4692.214 s. Mean Reward: 104.927. Std of Reward: 32.392. Training.
[INFO] move_to_moving_target_08. Step: 3700000. Time Elapsed: 4754.281 s. Mean Reward: 105.771. Std of Reward: 34.330. Training.
[INFO] move_to_moving_target_08. Step: 3750000. Time Elapsed: 4810.481 s. Mean Reward: 102.246. Std of Reward: 24.427. Training.
[INFO] move_to_moving_target_08. Step: 3800000. Time Elapsed: 4879.203 s. Mean Reward: 103.440. Std of Reward: 30.610. Training.
[INFO] move_to_moving_target_08. Step: 3850000. Time Elapsed: 4935.173 s. Mean Reward: 117.192. Std of Reward: 35.466. Training.
[INFO] move_to_moving_target_08. Step: 3900000. Time Elapsed: 4997.547 s. Mean Reward: 117.750. Std of Reward: 32.501. Training.
[INFO] move_to_moving_target_08. Step: 3950000. Time Elapsed: 5054.062 s. Mean Reward: 121.554. Std of Reward: 34.904. Training.
[INFO] move_to_moving_target_08. Step: 4000000. Time Elapsed: 5122.273 s. Mean Reward: 110.910. Std of Reward: 29.518. Training.
[INFO] Exported results/move_to_moving_target_08/move_to_moving_target_08/move_to_moving_target_08-3999768.onnx
[INFO] move_to_moving_target_08. Step: 4050000. Time Elapsed: 5179.030 s. Mean Reward: 113.926. Std of Reward: 30.137. Training.
[INFO] move_to_moving_target_08. Step: 4100000. Time Elapsed: 5240.986 s. Mean Reward: 114.156. Std of Reward: 26.097. Training.
[INFO] move_to_moving_target_08. Step: 4150000. Time Elapsed: 5297.212 s. Mean Reward: 126.393. Std of Reward: 30.329. Training.
[INFO] move_to_moving_target_08. Step: 4200000. Time Elapsed: 5353.593 s. Mean Reward: 131.538. Std of Reward: 27.717. Training.
[INFO] move_to_moving_target_08. Step: 4250000. Time Elapsed: 5421.733 s. Mean Reward: 120.787. Std of Reward: 28.533. Training.
[INFO] move_to_moving_target_08. Step: 4300000. Time Elapsed: 5478.510 s. Mean Reward: 108.677. Std of Reward: 25.917. Training.
[INFO] move_to_moving_target_08. Step: 4350000. Time Elapsed: 5540.550 s. Mean Reward: 121.330. Std of Reward: 23.875. Training.
[INFO] move_to_moving_target_08. Step: 4400000. Time Elapsed: 5596.892 s. Mean Reward: 118.723. Std of Reward: 30.642. Training.
[INFO] move_to_moving_target_08. Step: 4450000. Time Elapsed: 5665.760 s. Mean Reward: 122.165. Std of Reward: 40.057. Training.
[INFO] move_to_moving_target_08. Step: 4500000. Time Elapsed: 5721.710 s. Mean Reward: 124.820. Std of Reward: 34.183. Training.
[INFO] Exported results/move_to_moving_target_08/move_to_moving_target_08/move_to_moving_target_08-4499864.onnx
[INFO] move_to_moving_target_08. Step: 4550000. Time Elapsed: 5784.253 s. Mean Reward: 119.626. Std of Reward: 21.711. Training.
[INFO] move_to_moving_target_08. Step: 4600000. Time Elapsed: 5840.755 s. Mean Reward: 127.981. Std of Reward: 34.506. Training.
[INFO] move_to_moving_target_08. Step: 4650000. Time Elapsed: 5896.971 s. Mean Reward: 130.382. Std of Reward: 36.712. Training.
[INFO] move_to_moving_target_08. Step: 4700000. Time Elapsed: 5965.974 s. Mean Reward: 112.364. Std of Reward: 22.990. Training.
[INFO] move_to_moving_target_08. Step: 4750000. Time Elapsed: 6021.847 s. Mean Reward: 104.237. Std of Reward: 25.475. Training.
[INFO] move_to_moving_target_08. Step: 4800000. Time Elapsed: 6084.285 s. Mean Reward: 110.290. Std of Reward: 41.860. Training.
[INFO] move_to_moving_target_08. Step: 4850000. Time Elapsed: 6140.667 s. Mean Reward: 118.561. Std of Reward: 25.264. Training.
[INFO] move_to_moving_target_08. Step: 4900000. Time Elapsed: 6208.988 s. Mean Reward: 111.111. Std of Reward: 34.419. Training.
[INFO] move_to_moving_target_08. Step: 4950000. Time Elapsed: 6265.894 s. Mean Reward: 113.756. Std of Reward: 26.252. Training.
[INFO] move_to_moving_target_08. Step: 5000000. Time Elapsed: 6329.170 s. Mean Reward: 121.519. Std of Reward: 32.337. Training.
[INFO] Exported results/move_to_moving_target_08/move_to_moving_target_08/move_to_moving_target_08-4999960.onnx
[INFO] move_to_moving_target_08. Step: 5050000. Time Elapsed: 6386.083 s. Mean Reward: 129.639. Std of Reward: 32.062. Training.
[INFO] move_to_moving_target_08. Step: 5100000. Time Elapsed: 6455.278 s. Mean Reward: 133.037. Std of Reward: 43.545. Training.
[INFO] move_to_moving_target_08. Step: 5150000. Time Elapsed: 6511.594 s. Mean Reward: 134.087. Std of Reward: 38.351. Training.
[INFO] move_to_moving_target_08. Step: 5200000. Time Elapsed: 6568.427 s. Mean Reward: 151.580. Std of Reward: 34.009. Training.
[INFO] move_to_moving_target_08. Step: 5250000. Time Elapsed: 6632.795 s. Mean Reward: 141.792. Std of Reward: 45.278. Training.
[INFO] move_to_moving_target_08. Step: 5300000. Time Elapsed: 6692.856 s. Mean Reward: 131.491. Std of Reward: 41.040. Training.
[INFO] move_to_moving_target_08. Step: 5350000. Time Elapsed: 6765.648 s. Mean Reward: 124.126. Std of Reward: 27.705. Training.
[INFO] move_to_moving_target_08. Step: 5400000. Time Elapsed: 6823.608 s. Mean Reward: 111.201. Std of Reward: 33.429. Training.
[INFO] move_to_moving_target_08. Step: 5450000. Time Elapsed: 6887.158 s. Mean Reward: 125.748. Std of Reward: 30.401. Training.
[INFO] move_to_moving_target_08. Step: 5500000. Time Elapsed: 6949.608 s. Mean Reward: 121.016. Std of Reward: 36.182. Training.
[INFO] Exported results/move_to_moving_target_08/move_to_moving_target_08/move_to_moving_target_08-5499800.onnx
[INFO] move_to_moving_target_08. Step: 5550000. Time Elapsed: 7018.413 s. Mean Reward: 120.617. Std of Reward: 29.657. Training.
[INFO] move_to_moving_target_08. Step: 5600000. Time Elapsed: 7075.329 s. Mean Reward: 117.135. Std of Reward: 27.632. Training.
[INFO] move_to_moving_target_08. Step: 5650000. Time Elapsed: 7141.324 s. Mean Reward: 123.864. Std of Reward: 26.927. Training.
[INFO] move_to_moving_target_08. Step: 5700000. Time Elapsed: 7201.442 s. Mean Reward: 123.996. Std of Reward: 29.595. Training.
[INFO] move_to_moving_target_08. Step: 5750000. Time Elapsed: 7262.178 s. Mean Reward: 131.621. Std of Reward: 38.479. Training.
[INFO] move_to_moving_target_08. Step: 5800000. Time Elapsed: 7334.677 s. Mean Reward: 123.050. Std of Reward: 44.800. Training.
[INFO] move_to_moving_target_08. Step: 5850000. Time Elapsed: 7395.851 s. Mean Reward: 139.653. Std of Reward: 46.638. Training.
[INFO] move_to_moving_target_08. Step: 5900000. Time Elapsed: 7460.407 s. Mean Reward: 133.061. Std of Reward: 31.202. Training.
[INFO] move_to_moving_target_08. Step: 5950000. Time Elapsed: 7518.199 s. Mean Reward: 129.050. Std of Reward: 33.833. Training.
[INFO] move_to_moving_target_08. Step: 6000000. Time Elapsed: 7591.236 s. Mean Reward: 125.400. Std of Reward: 26.480. Training.
[INFO] Exported results/move_to_moving_target_08/move_to_moving_target_08/move_to_moving_target_08-5999896.onnx
[INFO] move_to_moving_target_08. Step: 6050000. Time Elapsed: 7651.268 s. Mean Reward: 131.045. Std of Reward: 35.331. Training.
[INFO] move_to_moving_target_08. Step: 6100000. Time Elapsed: 7717.294 s. Mean Reward: 129.504. Std of Reward: 31.317. Training.
[INFO] move_to_moving_target_08. Step: 6150000. Time Elapsed: 7777.874 s. Mean Reward: 124.531. Std of Reward: 35.379. Training.
[INFO] move_to_moving_target_08. Step: 6200000. Time Elapsed: 7839.267 s. Mean Reward: 123.699. Std of Reward: 33.746. Training.
[INFO] move_to_moving_target_08. Step: 6250000. Time Elapsed: 7912.033 s. Mean Reward: 131.248. Std of Reward: 29.684. Training.
[INFO] move_to_moving_target_08. Step: 6300000. Time Elapsed: 7968.419 s. Mean Reward: 134.660. Std of Reward: 35.297. Training.
[INFO] move_to_moving_target_08. Step: 6350000. Time Elapsed: 8031.116 s. Mean Reward: 128.033. Std of Reward: 28.064. Training.
[INFO] move_to_moving_target_08. Step: 6400000. Time Elapsed: 8088.104 s. Mean Reward: 139.459. Std of Reward: 29.884. Training.
[INFO] move_to_moving_target_08. Step: 6450000. Time Elapsed: 8160.620 s. Mean Reward: 129.985. Std of Reward: 33.606. Training.
[INFO] move_to_moving_target_08. Step: 6500000. Time Elapsed: 8219.190 s. Mean Reward: 124.284. Std of Reward: 26.755. Training.
[INFO] Exported results/move_to_moving_target_08/move_to_moving_target_08/move_to_moving_target_08-6499992.onnx
[INFO] move_to_moving_target_08. Step: 6550000. Time Elapsed: 8282.628 s. Mean Reward: 142.732. Std of Reward: 37.008. Training.
[INFO] move_to_moving_target_08. Step: 6600000. Time Elapsed: 8340.241 s. Mean Reward: 132.682. Std of Reward: 33.781. Training.
[INFO] move_to_moving_target_08. Step: 6650000. Time Elapsed: 8413.040 s. Mean Reward: 139.547. Std of Reward: 40.639. Training.
[INFO] move_to_moving_target_08. Step: 6700000. Time Elapsed: 8473.392 s. Mean Reward: 131.446. Std of Reward: 30.808. Training.
[INFO] move_to_moving_target_08. Step: 6750000. Time Elapsed: 8532.788 s. Mean Reward: 137.079. Std of Reward: 35.891. Training.
[INFO] move_to_moving_target_08. Step: 6800000. Time Elapsed: 8596.148 s. Mean Reward: 135.492. Std of Reward: 23.947. Training.
[INFO] move_to_moving_target_08. Step: 6850000. Time Elapsed: 8657.352 s. Mean Reward: 128.865. Std of Reward: 30.838. Training.
[INFO] move_to_moving_target_08. Step: 6900000. Time Elapsed: 8731.926 s. Mean Reward: 135.383. Std of Reward: 28.299. Training.
[INFO] move_to_moving_target_08. Step: 6950000. Time Elapsed: 8791.887 s. Mean Reward: 142.854. Std of Reward: 27.125. Training.
[INFO] move_to_moving_target_08. Step: 7000000. Time Elapsed: 8859.872 s. Mean Reward: 141.593. Std of Reward: 32.451. Training.
[INFO] Exported results/move_to_moving_target_08/move_to_moving_target_08/move_to_moving_target_08-6999968.onnx
[INFO] move_to_moving_target_08. Step: 7050000. Time Elapsed: 8920.519 s. Mean Reward: 148.785. Std of Reward: 31.262. Training.
[INFO] move_to_moving_target_08. Step: 7100000. Time Elapsed: 8993.501 s. Mean Reward: 149.599. Std of Reward: 34.124. Training.
[INFO] move_to_moving_target_08. Step: 7150000. Time Elapsed: 9053.930 s. Mean Reward: 135.741. Std of Reward: 27.352. Training.
[INFO] move_to_moving_target_08. Step: 7200000. Time Elapsed: 9122.519 s. Mean Reward: 138.509. Std of Reward: 37.039. Training.
[INFO] move_to_moving_target_08. Step: 7250000. Time Elapsed: 9183.010 s. Mean Reward: 127.729. Std of Reward: 27.935. Training.
[INFO] move_to_moving_target_08. Step: 7300000. Time Elapsed: 9243.424 s. Mean Reward: 133.209. Std of Reward: 34.386. Training.
[INFO] move_to_moving_target_08. Step: 7350000. Time Elapsed: 9316.424 s. Mean Reward: 139.789. Std of Reward: 27.892. Training.
[INFO] move_to_moving_target_08. Step: 7400000. Time Elapsed: 9373.732 s. Mean Reward: 135.531. Std of Reward: 37.583. Training.
[INFO] move_to_moving_target_08. Step: 7450000. Time Elapsed: 9439.809 s. Mean Reward: 136.949. Std of Reward: 29.198. Training.
[INFO] move_to_moving_target_08. Step: 7500000. Time Elapsed: 9499.076 s. Mean Reward: 146.087. Std of Reward: 24.017. Training.
[INFO] Exported results/move_to_moving_target_08/move_to_moving_target_08/move_to_moving_target_08-7499912.onnx
[INFO] move_to_moving_target_08. Step: 7550000. Time Elapsed: 9571.657 s. Mean Reward: 139.482. Std of Reward: 30.988. Training.
[INFO] move_to_moving_target_08. Step: 7600000. Time Elapsed: 9630.222 s. Mean Reward: 144.619. Std of Reward: 33.669. Training.
[INFO] move_to_moving_target_08. Step: 7650000. Time Elapsed: 9697.891 s. Mean Reward: 156.205. Std of Reward: 36.982. Training.
[INFO] move_to_moving_target_08. Step: 7700000. Time Elapsed: 9759.053 s. Mean Reward: 165.909. Std of Reward: 40.327. Training.
[INFO] move_to_moving_target_08. Step: 7750000. Time Elapsed: 9819.932 s. Mean Reward: 165.617. Std of Reward: 42.525. Training.
[INFO] move_to_moving_target_08. Step: 7800000. Time Elapsed: 9894.480 s. Mean Reward: 162.100. Std of Reward: 41.699. Training.
[INFO] move_to_moving_target_08. Step: 7850000. Time Elapsed: 9954.399 s. Mean Reward: 160.107. Std of Reward: 41.952. Training.
[INFO] move_to_moving_target_08. Step: 7900000. Time Elapsed: 10020.914 s. Mean Reward: 176.861. Std of Reward: 44.090. Training.
[INFO] move_to_moving_target_08. Step: 7950000. Time Elapsed: 10080.942 s. Mean Reward: 159.236. Std of Reward: 44.028. Training.
[INFO] move_to_moving_target_08. Step: 8000000. Time Elapsed: 10152.727 s. Mean Reward: 161.332. Std of Reward: 44.150. Training.
[INFO] Exported results/move_to_moving_target_08/move_to_moving_target_08/move_to_moving_target_08-7999792.onnx
[INFO] move_to_moving_target_08. Step: 8050000. Time Elapsed: 10214.527 s. Mean Reward: 140.396. Std of Reward: 26.895. Training.
[INFO] move_to_moving_target_08. Step: 8100000. Time Elapsed: 10281.114 s. Mean Reward: 156.519. Std of Reward: 35.944. Training.
[INFO] move_to_moving_target_08. Step: 8150000. Time Elapsed: 10342.006 s. Mean Reward: 150.134. Std of Reward: 33.176. Training.
[INFO] move_to_moving_target_08. Step: 8200000. Time Elapsed: 10415.770 s. Mean Reward: 145.981. Std of Reward: 29.870. Training.
[INFO] move_to_moving_target_08. Step: 8250000. Time Elapsed: 10475.693 s. Mean Reward: 152.732. Std of Reward: 39.508. Training.
[INFO] move_to_moving_target_08. Step: 8300000. Time Elapsed: 10535.806 s. Mean Reward: 159.548. Std of Reward: 41.931. Training.
[INFO] move_to_moving_target_08. Step: 8350000. Time Elapsed: 10601.649 s. Mean Reward: 167.817. Std of Reward: 43.046. Training.
[INFO] move_to_moving_target_08. Step: 8400000. Time Elapsed: 10660.907 s. Mean Reward: 160.535. Std of Reward: 38.606. Training.
[INFO] move_to_moving_target_08. Step: 8450000. Time Elapsed: 10735.454 s. Mean Reward: 159.629. Std of Reward: 38.361. Training.
[INFO] move_to_moving_target_08. Step: 8500000. Time Elapsed: 10797.037 s. Mean Reward: 160.801. Std of Reward: 40.481. Training.
[INFO] Exported results/move_to_moving_target_08/move_to_moving_target_08/move_to_moving_target_08-8499888.onnx
[INFO] move_to_moving_target_08. Step: 8550000. Time Elapsed: 10866.088 s. Mean Reward: 170.561. Std of Reward: 47.145. Training.
[INFO] move_to_moving_target_08. Step: 8600000. Time Elapsed: 10928.758 s. Mean Reward: 158.590. Std of Reward: 42.734. Training.
[INFO] move_to_moving_target_08. Step: 8650000. Time Elapsed: 11004.295 s. Mean Reward: 164.146. Std of Reward: 45.496. Training.
[INFO] move_to_moving_target_08. Step: 8700000. Time Elapsed: 11066.602 s. Mean Reward: 173.378. Std of Reward: 43.602. Training.
[INFO] move_to_moving_target_08. Step: 8750000. Time Elapsed: 11135.123 s. Mean Reward: 164.419. Std of Reward: 39.818. Training.
[INFO] move_to_moving_target_08. Step: 8800000. Time Elapsed: 11197.060 s. Mean Reward: 169.362. Std of Reward: 35.933. Training.
[INFO] move_to_moving_target_08. Step: 8850000. Time Elapsed: 11259.568 s. Mean Reward: 188.055. Std of Reward: 55.029. Training.
[INFO] move_to_moving_target_08. Step: 8900000. Time Elapsed: 11334.477 s. Mean Reward: 162.814. Std of Reward: 43.844. Training.
[INFO] move_to_moving_target_08. Step: 8950000. Time Elapsed: 11396.806 s. Mean Reward: 157.817. Std of Reward: 38.672. Training.
[INFO] move_to_moving_target_08. Step: 9000000. Time Elapsed: 11464.778 s. Mean Reward: 157.717. Std of Reward: 33.339. Training.
[INFO] Exported results/move_to_moving_target_08/move_to_moving_target_08/move_to_moving_target_08-8999984.onnx
[INFO] move_to_moving_target_08. Step: 9050000. Time Elapsed: 11526.990 s. Mean Reward: 171.754. Std of Reward: 60.902. Training.
[INFO] move_to_moving_target_08. Step: 9100000. Time Elapsed: 11602.555 s. Mean Reward: 167.573. Std of Reward: 43.434. Training.
[INFO] move_to_moving_target_08. Step: 9150000. Time Elapsed: 11664.281 s. Mean Reward: 162.317. Std of Reward: 38.292. Training.
[INFO] move_to_moving_target_08. Step: 9200000. Time Elapsed: 11734.510 s. Mean Reward: 167.696. Std of Reward: 45.808. Training.
[INFO] move_to_moving_target_08. Step: 9250000. Time Elapsed: 11794.228 s. Mean Reward: 161.245. Std of Reward: 38.886. Training.
[INFO] move_to_moving_target_08. Step: 9300000. Time Elapsed: 11853.877 s. Mean Reward: 161.123. Std of Reward: 38.236. Training.
[INFO] move_to_moving_target_08. Step: 9350000. Time Elapsed: 11926.644 s. Mean Reward: 153.180. Std of Reward: 33.682. Training.
[INFO] move_to_moving_target_08. Step: 9400000. Time Elapsed: 11985.708 s. Mean Reward: 153.803. Std of Reward: 31.705. Training.
[INFO] move_to_moving_target_08. Step: 9450000. Time Elapsed: 12050.740 s. Mean Reward: 154.156. Std of Reward: 32.681. Training.
[INFO] move_to_moving_target_08. Step: 9500000. Time Elapsed: 12112.665 s. Mean Reward: 152.086. Std of Reward: 28.824. Training.
[INFO] Exported results/move_to_moving_target_08/move_to_moving_target_08/move_to_moving_target_08-9499824.onnx
[INFO] move_to_moving_target_08. Step: 9550000. Time Elapsed: 12186.651 s. Mean Reward: 152.987. Std of Reward: 42.027. Training.
[INFO] move_to_moving_target_08. Step: 9600000. Time Elapsed: 12248.134 s. Mean Reward: 157.912. Std of Reward: 37.961. Training.
[INFO] move_to_moving_target_08. Step: 9650000. Time Elapsed: 12316.775 s. Mean Reward: 158.823. Std of Reward: 34.534. Training.
[INFO] move_to_moving_target_08. Step: 9700000. Time Elapsed: 12377.110 s. Mean Reward: 158.895. Std of Reward: 35.841. Training.
[INFO] move_to_moving_target_08. Step: 9750000. Time Elapsed: 12452.152 s. Mean Reward: 145.386. Std of Reward: 30.343. Training.
[INFO] move_to_moving_target_08. Step: 9800000. Time Elapsed: 12512.579 s. Mean Reward: 155.674. Std of Reward: 31.248. Training.
[INFO] move_to_moving_target_08. Step: 9850000. Time Elapsed: 12574.744 s. Mean Reward: 151.173. Std of Reward: 30.081. Training.
[INFO] move_to_moving_target_08. Step: 9900000. Time Elapsed: 12641.739 s. Mean Reward: 154.683. Std of Reward: 37.258. Training.
[INFO] move_to_moving_target_08. Step: 9950000. Time Elapsed: 12702.145 s. Mean Reward: 154.747. Std of Reward: 27.803. Training.
[INFO] move_to_moving_target_08. Step: 10000000. Time Elapsed: 12775.968 s. Mean Reward: 159.966. Std of Reward: 32.156. Training.
[INFO] Exported results/move_to_moving_target_08/move_to_moving_target_08/move_to_moving_target_08-9999920.onnx
[INFO] Exported results/move_to_moving_target_08/move_to_moving_target_08/move_to_moving_target_08-10005808.onnx
[INFO] Copied results/move_to_moving_target_08/move_to_moving_target_08/move_to_moving_target_08-10005808.onnx to results/move_to_moving_target_08/move_to_moving_target_08.onnx.
