
            ┐  ╖
        ╓╖╬│╡  ││╬╖╖
    ╓╖╬│││││┘  ╬│││││╬╖
 ╖╬│││││╬╜        ╙╬│││││╖╖                               ╗╗╗
 ╬╬╬╬╖││╦╖        ╖╬││╗╣╣╣╬      ╟╣╣╬    ╟╣╣╣             ╜╜╜  ╟╣╣
 ╬╬╬╬╬╬╬╬╖│╬╖╖╓╬╪│╓╣╣╣╣╣╣╣╬      ╟╣╣╬    ╟╣╣╣ ╒╣╣╖╗╣╣╣╗   ╣╣╣ ╣╣╣╣╣╣ ╟╣╣╖   ╣╣╣
 ╬╬╬╬┐  ╙╬╬╬╬│╓╣╣╣╝╜  ╫╣╣╣╬      ╟╣╣╬    ╟╣╣╣ ╟╣╣╣╙ ╙╣╣╣  ╣╣╣ ╙╟╣╣╜╙  ╫╣╣  ╟╣╣
 ╬╬╬╬┐     ╙╬╬╣╣      ╫╣╣╣╬      ╟╣╣╬    ╟╣╣╣ ╟╣╣╬   ╣╣╣  ╣╣╣  ╟╣╣     ╣╣╣┌╣╣╜
 ╬╬╬╜       ╬╬╣╣      ╙╝╣╣╬      ╙╣╣╣╗╖╓╗╣╣╣╜ ╟╣╣╬   ╣╣╣  ╣╣╣  ╟╣╣╦╓    ╣╣╣╣╣
 ╙   ╓╦╖    ╬╬╣╣   ╓╗╗╖            ╙╝╣╣╣╣╝╜   ╘╝╝╜   ╝╝╝  ╝╝╝   ╙╣╣╣    ╟╣╣╣
   ╩╬╬╬╬╬╬╦╦╬╬╣╣╗╣╣╣╣╣╣╣╝                                             ╫╣╣╣╣
      ╙╬╬╬╬╬╬╬╣╣╣╣╣╣╝╜
          ╙╬╬╬╣╣╣╜
             ╙
        
 Version information:
  ml-agents: 0.30.0,
  ml-agents-envs: 0.30.0,
  Communicator API: 1.5.0,
  PyTorch: 1.13.1+cu117
[INFO] Listening on port 5004. Start training by pressing the Play button in the Unity Editor.
[INFO] Connected to Unity environment with package version 2.3.0-exp.3 and communication version 1.5.0
[INFO] Connected new brain: move_to_moving_target_18?team=0
[INFO] Hyperparameters for behavior name move_to_moving_target_18: 
	trainer_type:	ppo
	hyperparameters:	
	  batch_size:	256
	  buffer_size:	8192
	  learning_rate:	0.0003
	  beta:	0.005
	  epsilon:	0.2
	  lambd:	0.95
	  num_epoch:	3
	  shared_critic:	False
	  learning_rate_schedule:	linear
	  beta_schedule:	linear
	  epsilon_schedule:	linear
	network_settings:	
	  normalize:	False
	  hidden_units:	512
	  num_layers:	5
	  vis_encode_type:	simple
	  memory:	None
	  goal_conditioning_type:	hyper
	  deterministic:	False
	reward_signals:	
	  extrinsic:	
	    gamma:	0.9
	    strength:	1.0
	    network_settings:	
	      normalize:	False
	      hidden_units:	128
	      num_layers:	2
	      vis_encode_type:	simple
	      memory:	None
	      goal_conditioning_type:	hyper
	      deterministic:	False
	  curiosity:	
	    gamma:	0.99
	    strength:	0.02
	    network_settings:	
	      normalize:	False
	      hidden_units:	128
	      num_layers:	3
	      vis_encode_type:	simple
	      memory:	None
	      goal_conditioning_type:	hyper
	      deterministic:	False
	    learning_rate:	0.0003
	    encoding_size:	None
	init_path:	None
	keep_checkpoints:	100
	checkpoint_interval:	500000
	max_steps:	10000000
	time_horizon:	256
	summary_freq:	50000
	threaded:	False
	self_play:	None
	behavioral_cloning:	None
/home/mih/.local/share/virtualenvs/ml_agents_test-Mi5MBi39/lib/python3.10/site-packages/mlagents/trainers/torch_entities/utils.py:289: UserWarning: The use of `x.T` on tensors of dimension other than 2 to reverse their shape is deprecated and it will throw an error in a future release. Consider `x.mT` to transpose batches of matrices or `x.permute(*torch.arange(x.ndim - 1, -1, -1))` to reverse the dimensions of a tensor. (Triggered internally at ../aten/src/ATen/native/TensorShape.cpp:3277.)
  torch.nn.functional.one_hot(_act.T, action_size[i]).float()
[INFO] move_to_moving_target_18. Step: 50000. Time Elapsed: 75.080 s. Mean Reward: -93.399. Std of Reward: 27.024. Training.
[INFO] move_to_moving_target_18. Step: 100000. Time Elapsed: 133.079 s. Mean Reward: -60.536. Std of Reward: 9.398. Training.
[INFO] move_to_moving_target_18. Step: 150000. Time Elapsed: 197.755 s. Mean Reward: -47.018. Std of Reward: 5.694. Training.
[INFO] move_to_moving_target_18. Step: 200000. Time Elapsed: 256.863 s. Mean Reward: -38.672. Std of Reward: 8.706. Training.
[INFO] move_to_moving_target_18. Step: 250000. Time Elapsed: 327.866 s. Mean Reward: -37.870. Std of Reward: 9.279. Training.
[INFO] move_to_moving_target_18. Step: 300000. Time Elapsed: 387.627 s. Mean Reward: -29.138. Std of Reward: 13.502. Training.
[INFO] move_to_moving_target_18. Step: 350000. Time Elapsed: 455.068 s. Mean Reward: -30.109. Std of Reward: 8.829. Training.
[INFO] move_to_moving_target_18. Step: 400000. Time Elapsed: 514.393 s. Mean Reward: -26.825. Std of Reward: 10.193. Training.
[INFO] move_to_moving_target_18. Step: 450000. Time Elapsed: 587.925 s. Mean Reward: -26.757. Std of Reward: 8.605. Training.
[INFO] move_to_moving_target_18. Step: 500000. Time Elapsed: 647.534 s. Mean Reward: -17.718. Std of Reward: 13.377. Training.
[INFO] Exported results/move_to_moving_target_18/move_to_moving_target_18/move_to_moving_target_18-499840.onnx
[INFO] move_to_moving_target_18. Step: 550000. Time Elapsed: 708.881 s. Mean Reward: -17.499. Std of Reward: 10.876. Training.
[INFO] move_to_moving_target_18. Step: 600000. Time Elapsed: 775.522 s. Mean Reward: -11.116. Std of Reward: 14.070. Training.
[INFO] move_to_moving_target_18. Step: 650000. Time Elapsed: 834.841 s. Mean Reward: -5.748. Std of Reward: 13.420. Training.
[INFO] move_to_moving_target_18. Step: 700000. Time Elapsed: 907.963 s. Mean Reward: -9.269. Std of Reward: 14.566. Training.
[INFO] move_to_moving_target_18. Step: 750000. Time Elapsed: 966.875 s. Mean Reward: -1.378. Std of Reward: 15.827. Training.
[INFO] move_to_moving_target_18. Step: 800000. Time Elapsed: 1032.715 s. Mean Reward: -2.652. Std of Reward: 15.688. Training.
[INFO] move_to_moving_target_18. Step: 850000. Time Elapsed: 1092.345 s. Mean Reward: 9.962. Std of Reward: 20.176. Training.
[INFO] move_to_moving_target_18. Step: 900000. Time Elapsed: 1164.793 s. Mean Reward: 28.792. Std of Reward: 20.559. Training.
[INFO] move_to_moving_target_18. Step: 950000. Time Elapsed: 1227.016 s. Mean Reward: 34.784. Std of Reward: 19.250. Training.
[INFO] move_to_moving_target_18. Step: 1000000. Time Elapsed: 1295.857 s. Mean Reward: 36.651. Std of Reward: 19.414. Training.
[INFO] Exported results/move_to_moving_target_18/move_to_moving_target_18/move_to_moving_target_18-999936.onnx
[INFO] move_to_moving_target_18. Step: 1050000. Time Elapsed: 1356.689 s. Mean Reward: 29.175. Std of Reward: 20.709. Training.
[INFO] move_to_moving_target_18. Step: 1100000. Time Elapsed: 1418.614 s. Mean Reward: 39.733. Std of Reward: 22.094. Training.
[INFO] move_to_moving_target_18. Step: 1150000. Time Elapsed: 1490.933 s. Mean Reward: 42.333. Std of Reward: 22.786. Training.
[INFO] move_to_moving_target_18. Step: 1200000. Time Elapsed: 1551.450 s. Mean Reward: 38.596. Std of Reward: 17.549. Training.
[INFO] move_to_moving_target_18. Step: 1250000. Time Elapsed: 1616.983 s. Mean Reward: 45.755. Std of Reward: 23.937. Training.
[INFO] move_to_moving_target_18. Step: 1300000. Time Elapsed: 1678.493 s. Mean Reward: 47.605. Std of Reward: 25.270. Training.
[INFO] move_to_moving_target_18. Step: 1350000. Time Elapsed: 1753.823 s. Mean Reward: 66.915. Std of Reward: 24.946. Training.
[INFO] move_to_moving_target_18. Step: 1400000. Time Elapsed: 1813.981 s. Mean Reward: 58.102. Std of Reward: 27.096. Training.
[INFO] move_to_moving_target_18. Step: 1450000. Time Elapsed: 1880.166 s. Mean Reward: 72.571. Std of Reward: 35.959. Training.
[INFO] move_to_moving_target_18. Step: 1500000. Time Elapsed: 1941.028 s. Mean Reward: 59.356. Std of Reward: 30.252. Training.
[INFO] Exported results/move_to_moving_target_18/move_to_moving_target_18/move_to_moving_target_18-1499776.onnx
[INFO] move_to_moving_target_18. Step: 1550000. Time Elapsed: 2001.722 s. Mean Reward: 45.025. Std of Reward: 24.821. Training.
[INFO] move_to_moving_target_18. Step: 1600000. Time Elapsed: 2075.534 s. Mean Reward: 50.259. Std of Reward: 25.702. Training.
[INFO] move_to_moving_target_18. Step: 1650000. Time Elapsed: 2135.564 s. Mean Reward: 69.728. Std of Reward: 31.401. Training.
[INFO] move_to_moving_target_18. Step: 1700000. Time Elapsed: 2206.009 s. Mean Reward: 88.191. Std of Reward: 29.939. Training.
[INFO] move_to_moving_target_18. Step: 1750000. Time Elapsed: 2266.276 s. Mean Reward: 71.622. Std of Reward: 29.955. Training.
[INFO] move_to_moving_target_18. Step: 1800000. Time Elapsed: 2338.226 s. Mean Reward: 71.016. Std of Reward: 24.811. Training.
[INFO] move_to_moving_target_18. Step: 1850000. Time Elapsed: 2398.381 s. Mean Reward: 82.525. Std of Reward: 36.739. Training.
[INFO] move_to_moving_target_18. Step: 1900000. Time Elapsed: 2463.850 s. Mean Reward: 66.262. Std of Reward: 34.421. Training.
[INFO] move_to_moving_target_18. Step: 1950000. Time Elapsed: 2523.540 s. Mean Reward: 69.718. Std of Reward: 33.284. Training.
[INFO] move_to_moving_target_18. Step: 2000000. Time Elapsed: 2599.758 s. Mean Reward: 56.209. Std of Reward: 26.904. Training.
[INFO] Exported results/move_to_moving_target_18/move_to_moving_target_18/move_to_moving_target_18-1999872.onnx
[INFO] move_to_moving_target_18. Step: 2050000. Time Elapsed: 2661.404 s. Mean Reward: 64.700. Std of Reward: 23.633. Training.
[INFO] move_to_moving_target_18. Step: 2100000. Time Elapsed: 2724.087 s. Mean Reward: 77.250. Std of Reward: 27.870. Training.
[INFO] move_to_moving_target_18. Step: 2150000. Time Elapsed: 2792.225 s. Mean Reward: 74.185. Std of Reward: 21.212. Training.
[INFO] move_to_moving_target_18. Step: 2200000. Time Elapsed: 2854.125 s. Mean Reward: 80.040. Std of Reward: 28.719. Training.
[INFO] move_to_moving_target_18. Step: 2250000. Time Elapsed: 2930.173 s. Mean Reward: 74.117. Std of Reward: 28.620. Training.
[INFO] move_to_moving_target_18. Step: 2300000. Time Elapsed: 2991.620 s. Mean Reward: 67.088. Std of Reward: 25.307. Training.
[INFO] move_to_moving_target_18. Step: 2350000. Time Elapsed: 3060.238 s. Mean Reward: 66.629. Std of Reward: 32.834. Training.
[INFO] move_to_moving_target_18. Step: 2400000. Time Elapsed: 3122.443 s. Mean Reward: 84.799. Std of Reward: 28.070. Training.
[INFO] move_to_moving_target_18. Step: 2450000. Time Elapsed: 3197.767 s. Mean Reward: 79.934. Std of Reward: 27.835. Training.
[INFO] move_to_moving_target_18. Step: 2500000. Time Elapsed: 3260.389 s. Mean Reward: 88.523. Std of Reward: 21.020. Training.
[INFO] Exported results/move_to_moving_target_18/move_to_moving_target_18/move_to_moving_target_18-2499968.onnx
[INFO] move_to_moving_target_18. Step: 2550000. Time Elapsed: 3328.550 s. Mean Reward: 79.199. Std of Reward: 27.033. Training.
[INFO] move_to_moving_target_18. Step: 2600000. Time Elapsed: 3389.774 s. Mean Reward: 81.460. Std of Reward: 22.946. Training.
[INFO] move_to_moving_target_18. Step: 2650000. Time Elapsed: 3450.872 s. Mean Reward: 83.543. Std of Reward: 37.640. Training.
[INFO] move_to_moving_target_18. Step: 2700000. Time Elapsed: 3523.764 s. Mean Reward: 86.087. Std of Reward: 31.278. Training.
[INFO] move_to_moving_target_18. Step: 2750000. Time Elapsed: 3583.790 s. Mean Reward: 84.942. Std of Reward: 29.827. Training.
[INFO] move_to_moving_target_18. Step: 2800000. Time Elapsed: 3649.192 s. Mean Reward: 87.303. Std of Reward: 35.448. Training.
[INFO] move_to_moving_target_18. Step: 2850000. Time Elapsed: 3708.574 s. Mean Reward: 95.798. Std of Reward: 21.893. Training.
[INFO] move_to_moving_target_18. Step: 2900000. Time Elapsed: 3781.142 s. Mean Reward: 88.820. Std of Reward: 27.625. Training.
[INFO] move_to_moving_target_18. Step: 2950000. Time Elapsed: 3840.129 s. Mean Reward: 84.793. Std of Reward: 22.743. Training.
[INFO] move_to_moving_target_18. Step: 3000000. Time Elapsed: 3905.703 s. Mean Reward: 87.933. Std of Reward: 26.492. Training.
[INFO] Exported results/move_to_moving_target_18/move_to_moving_target_18/move_to_moving_target_18-2999808.onnx
[INFO] move_to_moving_target_18. Step: 3050000. Time Elapsed: 3965.717 s. Mean Reward: 78.307. Std of Reward: 23.503. Training.
[INFO] move_to_moving_target_18. Step: 3100000. Time Elapsed: 4025.063 s. Mean Reward: 91.060. Std of Reward: 24.429. Training.
[INFO] move_to_moving_target_18. Step: 3150000. Time Elapsed: 4097.813 s. Mean Reward: 94.547. Std of Reward: 32.716. Training.
[INFO] move_to_moving_target_18. Step: 3200000. Time Elapsed: 4156.879 s. Mean Reward: 102.583. Std of Reward: 28.787. Training.
[INFO] move_to_moving_target_18. Step: 3250000. Time Elapsed: 4222.528 s. Mean Reward: 94.289. Std of Reward: 31.655. Training.
[INFO] move_to_moving_target_18. Step: 3300000. Time Elapsed: 4282.112 s. Mean Reward: 103.080. Std of Reward: 33.538. Training.
[INFO] move_to_moving_target_18. Step: 3350000. Time Elapsed: 4354.213 s. Mean Reward: 92.034. Std of Reward: 29.616. Training.
[INFO] move_to_moving_target_18. Step: 3400000. Time Elapsed: 4414.213 s. Mean Reward: 89.122. Std of Reward: 25.055. Training.
[INFO] move_to_moving_target_18. Step: 3450000. Time Elapsed: 4479.510 s. Mean Reward: 84.370. Std of Reward: 38.716. Training.
[INFO] move_to_moving_target_18. Step: 3500000. Time Elapsed: 4539.713 s. Mean Reward: 88.310. Std of Reward: 34.999. Training.
[INFO] Exported results/move_to_moving_target_18/move_to_moving_target_18/move_to_moving_target_18-3499984.onnx
[INFO] move_to_moving_target_18. Step: 3550000. Time Elapsed: 4612.870 s. Mean Reward: 98.144. Std of Reward: 32.276. Training.
[INFO] move_to_moving_target_18. Step: 3600000. Time Elapsed: 4671.826 s. Mean Reward: 100.708. Std of Reward: 35.843. Training.
[INFO] move_to_moving_target_18. Step: 3650000. Time Elapsed: 4731.588 s. Mean Reward: 103.115. Std of Reward: 43.085. Training.
[INFO] move_to_moving_target_18. Step: 3700000. Time Elapsed: 4797.238 s. Mean Reward: 103.328. Std of Reward: 36.249. Training.
[INFO] move_to_moving_target_18. Step: 3750000. Time Elapsed: 4856.641 s. Mean Reward: 90.946. Std of Reward: 33.302. Training.
[INFO] move_to_moving_target_18. Step: 3800000. Time Elapsed: 4929.257 s. Mean Reward: 96.617. Std of Reward: 29.103. Training.
[INFO] move_to_moving_target_18. Step: 3850000. Time Elapsed: 4988.185 s. Mean Reward: 108.530. Std of Reward: 36.196. Training.
[INFO] move_to_moving_target_18. Step: 3900000. Time Elapsed: 5053.864 s. Mean Reward: 98.606. Std of Reward: 28.715. Training.
[INFO] move_to_moving_target_18. Step: 3950000. Time Elapsed: 5113.284 s. Mean Reward: 111.854. Std of Reward: 35.349. Training.
[INFO] move_to_moving_target_18. Step: 4000000. Time Elapsed: 5185.192 s. Mean Reward: 112.638. Std of Reward: 35.463. Training.
[INFO] Exported results/move_to_moving_target_18/move_to_moving_target_18/move_to_moving_target_18-3999768.onnx
[INFO] move_to_moving_target_18. Step: 4050000. Time Elapsed: 5245.473 s. Mean Reward: 104.073. Std of Reward: 34.519. Training.
[INFO] move_to_moving_target_18. Step: 4100000. Time Elapsed: 5310.910 s. Mean Reward: 104.171. Std of Reward: 26.855. Training.
[INFO] move_to_moving_target_18. Step: 4150000. Time Elapsed: 5370.223 s. Mean Reward: 103.450. Std of Reward: 26.559. Training.
[INFO] move_to_moving_target_18. Step: 4200000. Time Elapsed: 5429.789 s. Mean Reward: 109.061. Std of Reward: 27.709. Training.
[INFO] move_to_moving_target_18. Step: 4250000. Time Elapsed: 5501.874 s. Mean Reward: 125.671. Std of Reward: 34.361. Training.
[INFO] move_to_moving_target_18. Step: 4300000. Time Elapsed: 5561.642 s. Mean Reward: 128.431. Std of Reward: 30.403. Training.
[INFO] move_to_moving_target_18. Step: 4350000. Time Elapsed: 5627.225 s. Mean Reward: 125.456. Std of Reward: 28.347. Training.
[INFO] move_to_moving_target_18. Step: 4400000. Time Elapsed: 5686.610 s. Mean Reward: 112.550. Std of Reward: 28.748. Training.
[INFO] move_to_moving_target_18. Step: 4450000. Time Elapsed: 5759.389 s. Mean Reward: 130.015. Std of Reward: 30.769. Training.
[INFO] move_to_moving_target_18. Step: 4500000. Time Elapsed: 5818.441 s. Mean Reward: 130.321. Std of Reward: 27.393. Training.
[INFO] Exported results/move_to_moving_target_18/move_to_moving_target_18/move_to_moving_target_18-4499864.onnx
[INFO] move_to_moving_target_18. Step: 4550000. Time Elapsed: 5884.630 s. Mean Reward: 123.996. Std of Reward: 28.327. Training.
[INFO] move_to_moving_target_18. Step: 4600000. Time Elapsed: 5944.173 s. Mean Reward: 133.991. Std of Reward: 29.723. Training.
[INFO] move_to_moving_target_18. Step: 4650000. Time Elapsed: 6003.560 s. Mean Reward: 142.054. Std of Reward: 31.485. Training.
[INFO] move_to_moving_target_18. Step: 4700000. Time Elapsed: 6076.283 s. Mean Reward: 138.146. Std of Reward: 27.818. Training.
[INFO] move_to_moving_target_18. Step: 4750000. Time Elapsed: 6135.211 s. Mean Reward: 126.153. Std of Reward: 28.109. Training.
[INFO] move_to_moving_target_18. Step: 4800000. Time Elapsed: 6200.662 s. Mean Reward: 110.271. Std of Reward: 33.162. Training.
[INFO] move_to_moving_target_18. Step: 4850000. Time Elapsed: 6260.056 s. Mean Reward: 113.434. Std of Reward: 25.482. Training.
[INFO] move_to_moving_target_18. Step: 4900000. Time Elapsed: 6332.131 s. Mean Reward: 109.296. Std of Reward: 29.656. Training.
[INFO] move_to_moving_target_18. Step: 4950000. Time Elapsed: 6392.249 s. Mean Reward: 119.036. Std of Reward: 24.534. Training.
[INFO] move_to_moving_target_18. Step: 5000000. Time Elapsed: 6457.635 s. Mean Reward: 121.727. Std of Reward: 35.269. Training.
[INFO] Exported results/move_to_moving_target_18/move_to_moving_target_18/move_to_moving_target_18-4999960.onnx
[INFO] move_to_moving_target_18. Step: 5050000. Time Elapsed: 6517.080 s. Mean Reward: 125.444. Std of Reward: 33.298. Training.
[INFO] move_to_moving_target_18. Step: 5100000. Time Elapsed: 6589.680 s. Mean Reward: 134.156. Std of Reward: 35.562. Training.
[INFO] move_to_moving_target_18. Step: 5150000. Time Elapsed: 6648.733 s. Mean Reward: 135.170. Std of Reward: 40.808. Training.
[INFO] move_to_moving_target_18. Step: 5200000. Time Elapsed: 6708.753 s. Mean Reward: 136.916. Std of Reward: 39.932. Training.
[INFO] move_to_moving_target_18. Step: 5250000. Time Elapsed: 6774.060 s. Mean Reward: 140.727. Std of Reward: 44.565. Training.
[INFO] move_to_moving_target_18. Step: 5300000. Time Elapsed: 6833.462 s. Mean Reward: 146.450. Std of Reward: 53.066. Training.
[INFO] move_to_moving_target_18. Step: 5350000. Time Elapsed: 6906.063 s. Mean Reward: 127.735. Std of Reward: 43.309. Training.
[INFO] move_to_moving_target_18. Step: 5400000. Time Elapsed: 6965.123 s. Mean Reward: 120.832. Std of Reward: 38.312. Training.
[INFO] move_to_moving_target_18. Step: 5450000. Time Elapsed: 7030.537 s. Mean Reward: 118.677. Std of Reward: 28.290. Training.
[INFO] move_to_moving_target_18. Step: 5500000. Time Elapsed: 7090.071 s. Mean Reward: 114.249. Std of Reward: 27.714. Training.
[INFO] Exported results/move_to_moving_target_18/move_to_moving_target_18/move_to_moving_target_18-5499800.onnx
[INFO] move_to_moving_target_18. Step: 5550000. Time Elapsed: 7162.152 s. Mean Reward: 126.351. Std of Reward: 28.055. Training.
[INFO] move_to_moving_target_18. Step: 5600000. Time Elapsed: 7221.990 s. Mean Reward: 124.286. Std of Reward: 33.639. Training.
[INFO] move_to_moving_target_18. Step: 5650000. Time Elapsed: 7287.282 s. Mean Reward: 122.514. Std of Reward: 26.894. Training.
[INFO] move_to_moving_target_18. Step: 5700000. Time Elapsed: 7346.535 s. Mean Reward: 131.367. Std of Reward: 35.155. Training.
[INFO] move_to_moving_target_18. Step: 5750000. Time Elapsed: 7406.083 s. Mean Reward: 137.850. Std of Reward: 26.767. Training.
[INFO] move_to_moving_target_18. Step: 5800000. Time Elapsed: 7478.004 s. Mean Reward: 141.822. Std of Reward: 44.475. Training.
[INFO] move_to_moving_target_18. Step: 5850000. Time Elapsed: 7537.617 s. Mean Reward: 134.924. Std of Reward: 51.244. Training.
[INFO] move_to_moving_target_18. Step: 5900000. Time Elapsed: 7602.907 s. Mean Reward: 138.008. Std of Reward: 49.306. Training.
[INFO] move_to_moving_target_18. Step: 5950000. Time Elapsed: 7662.164 s. Mean Reward: 146.913. Std of Reward: 41.558. Training.
[INFO] move_to_moving_target_18. Step: 6000000. Time Elapsed: 7734.445 s. Mean Reward: 146.734. Std of Reward: 40.322. Training.
[INFO] Exported results/move_to_moving_target_18/move_to_moving_target_18/move_to_moving_target_18-5999896.onnx
[INFO] move_to_moving_target_18. Step: 6050000. Time Elapsed: 7793.640 s. Mean Reward: 140.616. Std of Reward: 30.371. Training.
[INFO] move_to_moving_target_18. Step: 6100000. Time Elapsed: 7859.330 s. Mean Reward: 135.122. Std of Reward: 28.104. Training.
[INFO] move_to_moving_target_18. Step: 6150000. Time Elapsed: 7919.196 s. Mean Reward: 131.777. Std of Reward: 24.365. Training.
[INFO] move_to_moving_target_18. Step: 6200000. Time Elapsed: 7978.577 s. Mean Reward: 128.778. Std of Reward: 37.673. Training.
[INFO] move_to_moving_target_18. Step: 6250000. Time Elapsed: 8050.885 s. Mean Reward: 137.284. Std of Reward: 26.366. Training.
[INFO] move_to_moving_target_18. Step: 6300000. Time Elapsed: 8109.987 s. Mean Reward: 141.118. Std of Reward: 36.801. Training.
[INFO] move_to_moving_target_18. Step: 6350000. Time Elapsed: 8175.379 s. Mean Reward: 142.809. Std of Reward: 29.170. Training.
[INFO] move_to_moving_target_18. Step: 6400000. Time Elapsed: 8234.902 s. Mean Reward: 140.612. Std of Reward: 31.139. Training.
[INFO] move_to_moving_target_18. Step: 6450000. Time Elapsed: 8307.007 s. Mean Reward: 148.003. Std of Reward: 28.362. Training.
[INFO] move_to_moving_target_18. Step: 6500000. Time Elapsed: 8366.860 s. Mean Reward: 148.432. Std of Reward: 37.342. Training.
[INFO] Exported results/move_to_moving_target_18/move_to_moving_target_18/move_to_moving_target_18-6499992.onnx
[INFO] move_to_moving_target_18. Step: 6550000. Time Elapsed: 8432.505 s. Mean Reward: 146.669. Std of Reward: 40.732. Training.
[INFO] move_to_moving_target_18. Step: 6600000. Time Elapsed: 8491.939 s. Mean Reward: 160.129. Std of Reward: 41.295. Training.
[INFO] move_to_moving_target_18. Step: 6650000. Time Elapsed: 8564.270 s. Mean Reward: 145.110. Std of Reward: 25.983. Training.
[INFO] move_to_moving_target_18. Step: 6700000. Time Elapsed: 8623.199 s. Mean Reward: 147.541. Std of Reward: 26.981. Training.
[INFO] move_to_moving_target_18. Step: 6750000. Time Elapsed: 8683.172 s. Mean Reward: 147.758. Std of Reward: 33.252. Training.
[INFO] move_to_moving_target_18. Step: 6800000. Time Elapsed: 8748.408 s. Mean Reward: 152.419. Std of Reward: 29.532. Training.
[INFO] move_to_moving_target_18. Step: 6850000. Time Elapsed: 8807.559 s. Mean Reward: 152.560. Std of Reward: 28.605. Training.
[INFO] move_to_moving_target_18. Step: 6900000. Time Elapsed: 8880.115 s. Mean Reward: 154.342. Std of Reward: 30.885. Training.
[INFO] move_to_moving_target_18. Step: 6950000. Time Elapsed: 8939.030 s. Mean Reward: 148.255. Std of Reward: 32.011. Training.
[INFO] move_to_moving_target_18. Step: 7000000. Time Elapsed: 9004.641 s. Mean Reward: 160.946. Std of Reward: 31.653. Training.
[INFO] Exported results/move_to_moving_target_18/move_to_moving_target_18/move_to_moving_target_18-6999968.onnx
[INFO] move_to_moving_target_18. Step: 7050000. Time Elapsed: 9064.358 s. Mean Reward: 155.562. Std of Reward: 33.388. Training.
[INFO] move_to_moving_target_18. Step: 7100000. Time Elapsed: 9135.911 s. Mean Reward: 150.683. Std of Reward: 30.298. Training.
[INFO] move_to_moving_target_18. Step: 7150000. Time Elapsed: 9195.825 s. Mean Reward: 144.119. Std of Reward: 29.300. Training.
[INFO] move_to_moving_target_18. Step: 7200000. Time Elapsed: 9261.140 s. Mean Reward: 143.287. Std of Reward: 26.044. Training.
[INFO] move_to_moving_target_18. Step: 7250000. Time Elapsed: 9320.328 s. Mean Reward: 153.199. Std of Reward: 35.240. Training.
[INFO] move_to_moving_target_18. Step: 7300000. Time Elapsed: 9379.745 s. Mean Reward: 151.304. Std of Reward: 27.196. Training.
[INFO] move_to_moving_target_18. Step: 7350000. Time Elapsed: 9451.867 s. Mean Reward: 159.155. Std of Reward: 33.581. Training.
[INFO] move_to_moving_target_18. Step: 7400000. Time Elapsed: 9511.624 s. Mean Reward: 157.343. Std of Reward: 28.472. Training.
[INFO] move_to_moving_target_18. Step: 7450000. Time Elapsed: 9576.954 s. Mean Reward: 157.853. Std of Reward: 23.110. Training.
[INFO] move_to_moving_target_18. Step: 7500000. Time Elapsed: 9637.290 s. Mean Reward: 159.097. Std of Reward: 30.782. Training.
[INFO] Exported results/move_to_moving_target_18/move_to_moving_target_18/move_to_moving_target_18-7499912.onnx
[INFO] move_to_moving_target_18. Step: 7550000. Time Elapsed: 9710.379 s. Mean Reward: 163.379. Std of Reward: 31.777. Training.
[INFO] move_to_moving_target_18. Step: 7600000. Time Elapsed: 9769.100 s. Mean Reward: 163.233. Std of Reward: 30.915. Training.
[INFO] move_to_moving_target_18. Step: 7650000. Time Elapsed: 9834.829 s. Mean Reward: 170.967. Std of Reward: 30.544. Training.
[INFO] move_to_moving_target_18. Step: 7700000. Time Elapsed: 9894.242 s. Mean Reward: 187.955. Std of Reward: 42.719. Training.
[INFO] move_to_moving_target_18. Step: 7750000. Time Elapsed: 9953.494 s. Mean Reward: 183.838. Std of Reward: 43.146. Training.
[INFO] move_to_moving_target_18. Step: 7800000. Time Elapsed: 10025.786 s. Mean Reward: 177.964. Std of Reward: 47.121. Training.
[INFO] move_to_moving_target_18. Step: 7850000. Time Elapsed: 10084.697 s. Mean Reward: 172.724. Std of Reward: 43.318. Training.
[INFO] move_to_moving_target_18. Step: 7900000. Time Elapsed: 10150.380 s. Mean Reward: 177.280. Std of Reward: 40.123. Training.
[INFO] move_to_moving_target_18. Step: 7950000. Time Elapsed: 10209.891 s. Mean Reward: 173.800. Std of Reward: 38.271. Training.
[INFO] move_to_moving_target_18. Step: 8000000. Time Elapsed: 10281.485 s. Mean Reward: 156.114. Std of Reward: 27.033. Training.
[INFO] Exported results/move_to_moving_target_18/move_to_moving_target_18/move_to_moving_target_18-7999792.onnx
[INFO] move_to_moving_target_18. Step: 8050000. Time Elapsed: 10341.499 s. Mean Reward: 161.642. Std of Reward: 29.837. Training.
[INFO] move_to_moving_target_18. Step: 8100000. Time Elapsed: 10406.833 s. Mean Reward: 160.747. Std of Reward: 30.614. Training.
[INFO] move_to_moving_target_18. Step: 8150000. Time Elapsed: 10465.842 s. Mean Reward: 162.163. Std of Reward: 32.209. Training.
[INFO] move_to_moving_target_18. Step: 8200000. Time Elapsed: 10538.720 s. Mean Reward: 180.928. Std of Reward: 35.168. Training.
[INFO] move_to_moving_target_18. Step: 8250000. Time Elapsed: 10598.108 s. Mean Reward: 184.017. Std of Reward: 37.336. Training.
[INFO] move_to_moving_target_18. Step: 8300000. Time Elapsed: 10657.755 s. Mean Reward: 184.534. Std of Reward: 44.056. Training.
[INFO] move_to_moving_target_18. Step: 8350000. Time Elapsed: 10722.670 s. Mean Reward: 183.757. Std of Reward: 40.896. Training.
[INFO] move_to_moving_target_18. Step: 8400000. Time Elapsed: 10781.441 s. Mean Reward: 172.653. Std of Reward: 35.753. Training.
[INFO] move_to_moving_target_18. Step: 8450000. Time Elapsed: 10853.684 s. Mean Reward: 173.856. Std of Reward: 39.715. Training.
[INFO] move_to_moving_target_18. Step: 8500000. Time Elapsed: 10912.539 s. Mean Reward: 179.730. Std of Reward: 50.136. Training.
[INFO] Exported results/move_to_moving_target_18/move_to_moving_target_18/move_to_moving_target_18-8499888.onnx
[INFO] move_to_moving_target_18. Step: 8550000. Time Elapsed: 10978.099 s. Mean Reward: 186.183. Std of Reward: 49.045. Training.
[INFO] move_to_moving_target_18. Step: 8600000. Time Elapsed: 11037.278 s. Mean Reward: 178.905. Std of Reward: 34.424. Training.
[INFO] move_to_moving_target_18. Step: 8650000. Time Elapsed: 11108.793 s. Mean Reward: 180.028. Std of Reward: 34.862. Training.
[INFO] move_to_moving_target_18. Step: 8700000. Time Elapsed: 11168.466 s. Mean Reward: 188.752. Std of Reward: 56.232. Training.
[INFO] move_to_moving_target_18. Step: 8750000. Time Elapsed: 11234.123 s. Mean Reward: 181.171. Std of Reward: 36.689. Training.
[INFO] move_to_moving_target_18. Step: 8800000. Time Elapsed: 11293.011 s. Mean Reward: 174.394. Std of Reward: 36.235. Training.
[INFO] move_to_moving_target_18. Step: 8850000. Time Elapsed: 11352.188 s. Mean Reward: 178.605. Std of Reward: 51.960. Training.
[INFO] move_to_moving_target_18. Step: 8900000. Time Elapsed: 11423.641 s. Mean Reward: 178.139. Std of Reward: 45.542. Training.
[INFO] move_to_moving_target_18. Step: 8950000. Time Elapsed: 11483.198 s. Mean Reward: 195.048. Std of Reward: 46.630. Training.
[INFO] move_to_moving_target_18. Step: 9000000. Time Elapsed: 11548.135 s. Mean Reward: 180.823. Std of Reward: 33.529. Training.
[INFO] Exported results/move_to_moving_target_18/move_to_moving_target_18/move_to_moving_target_18-8999984.onnx
[INFO] move_to_moving_target_18. Step: 9050000. Time Elapsed: 11607.437 s. Mean Reward: 191.396. Std of Reward: 50.309. Training.
[INFO] move_to_moving_target_18. Step: 9100000. Time Elapsed: 11679.701 s. Mean Reward: 176.812. Std of Reward: 24.767. Training.
[INFO] move_to_moving_target_18. Step: 9150000. Time Elapsed: 11738.794 s. Mean Reward: 176.376. Std of Reward: 27.956. Training.
[INFO] move_to_moving_target_18. Step: 9200000. Time Elapsed: 11804.393 s. Mean Reward: 174.675. Std of Reward: 30.866. Training.
[INFO] move_to_moving_target_18. Step: 9250000. Time Elapsed: 11863.748 s. Mean Reward: 166.073. Std of Reward: 28.582. Training.
[INFO] move_to_moving_target_18. Step: 9300000. Time Elapsed: 11922.826 s. Mean Reward: 176.760. Std of Reward: 33.669. Training.
[INFO] move_to_moving_target_18. Step: 9350000. Time Elapsed: 11994.920 s. Mean Reward: 184.890. Std of Reward: 32.959. Training.
[INFO] move_to_moving_target_18. Step: 9400000. Time Elapsed: 12053.793 s. Mean Reward: 178.442. Std of Reward: 29.164. Training.
[INFO] move_to_moving_target_18. Step: 9450000. Time Elapsed: 12119.585 s. Mean Reward: 174.409. Std of Reward: 28.720. Training.
[INFO] move_to_moving_target_18. Step: 9500000. Time Elapsed: 12178.761 s. Mean Reward: 180.493. Std of Reward: 25.513. Training.
[INFO] Exported results/move_to_moving_target_18/move_to_moving_target_18/move_to_moving_target_18-9499824.onnx
[INFO] move_to_moving_target_18. Step: 9550000. Time Elapsed: 12251.133 s. Mean Reward: 174.279. Std of Reward: 25.960. Training.
[INFO] move_to_moving_target_18. Step: 9600000. Time Elapsed: 12310.705 s. Mean Reward: 178.248. Std of Reward: 30.001. Training.
[INFO] move_to_moving_target_18. Step: 9650000. Time Elapsed: 12375.827 s. Mean Reward: 178.346. Std of Reward: 27.220. Training.
[INFO] move_to_moving_target_18. Step: 9700000. Time Elapsed: 12434.630 s. Mean Reward: 177.338. Std of Reward: 34.868. Training.
[INFO] move_to_moving_target_18. Step: 9750000. Time Elapsed: 12508.369 s. Mean Reward: 180.534. Std of Reward: 28.593. Training.
[INFO] move_to_moving_target_18. Step: 9800000. Time Elapsed: 12568.537 s. Mean Reward: 182.071. Std of Reward: 32.801. Training.
[INFO] move_to_moving_target_18. Step: 9850000. Time Elapsed: 12628.214 s. Mean Reward: 193.518. Std of Reward: 31.557. Training.
[INFO] move_to_moving_target_18. Step: 9900000. Time Elapsed: 12695.624 s. Mean Reward: 183.686. Std of Reward: 34.052. Training.
[INFO] move_to_moving_target_18. Step: 9950000. Time Elapsed: 12755.788 s. Mean Reward: 189.085. Std of Reward: 37.098. Training.
[INFO] move_to_moving_target_18. Step: 10000000. Time Elapsed: 12831.831 s. Mean Reward: 193.828. Std of Reward: 35.443. Training.
[INFO] Exported results/move_to_moving_target_18/move_to_moving_target_18/move_to_moving_target_18-9999920.onnx
[INFO] Exported results/move_to_moving_target_18/move_to_moving_target_18/move_to_moving_target_18-10005808.onnx
[INFO] Copied results/move_to_moving_target_18/move_to_moving_target_18/move_to_moving_target_18-10005808.onnx to results/move_to_moving_target_18/move_to_moving_target_18.onnx.
