
            ┐  ╖
        ╓╖╬│╡  ││╬╖╖
    ╓╖╬│││││┘  ╬│││││╬╖
 ╖╬│││││╬╜        ╙╬│││││╖╖                               ╗╗╗
 ╬╬╬╬╖││╦╖        ╖╬││╗╣╣╣╬      ╟╣╣╬    ╟╣╣╣             ╜╜╜  ╟╣╣
 ╬╬╬╬╬╬╬╬╖│╬╖╖╓╬╪│╓╣╣╣╣╣╣╣╬      ╟╣╣╬    ╟╣╣╣ ╒╣╣╖╗╣╣╣╗   ╣╣╣ ╣╣╣╣╣╣ ╟╣╣╖   ╣╣╣
 ╬╬╬╬┐  ╙╬╬╬╬│╓╣╣╣╝╜  ╫╣╣╣╬      ╟╣╣╬    ╟╣╣╣ ╟╣╣╣╙ ╙╣╣╣  ╣╣╣ ╙╟╣╣╜╙  ╫╣╣  ╟╣╣
 ╬╬╬╬┐     ╙╬╬╣╣      ╫╣╣╣╬      ╟╣╣╬    ╟╣╣╣ ╟╣╣╬   ╣╣╣  ╣╣╣  ╟╣╣     ╣╣╣┌╣╣╜
 ╬╬╬╜       ╬╬╣╣      ╙╝╣╣╬      ╙╣╣╣╗╖╓╗╣╣╣╜ ╟╣╣╬   ╣╣╣  ╣╣╣  ╟╣╣╦╓    ╣╣╣╣╣
 ╙   ╓╦╖    ╬╬╣╣   ╓╗╗╖            ╙╝╣╣╣╣╝╜   ╘╝╝╜   ╝╝╝  ╝╝╝   ╙╣╣╣    ╟╣╣╣
   ╩╬╬╬╬╬╬╦╦╬╬╣╣╗╣╣╣╣╣╣╣╝                                             ╫╣╣╣╣
      ╙╬╬╬╬╬╬╬╣╣╣╣╣╣╝╜
          ╙╬╬╬╣╣╣╜
             ╙
        
 Version information:
  ml-agents: 0.30.0,
  ml-agents-envs: 0.30.0,
  Communicator API: 1.5.0,
  PyTorch: 1.13.1+cu117
[INFO] Listening on port 5004. Start training by pressing the Play button in the Unity Editor.
[INFO] Connected to Unity environment with package version 2.3.0-exp.3 and communication version 1.5.0
[INFO] Connected new brain: move_to_moving_target_19?team=0
[INFO] Hyperparameters for behavior name move_to_moving_target_19: 
	trainer_type:	ppo
	hyperparameters:	
	  batch_size:	256
	  buffer_size:	8192
	  learning_rate:	0.0003
	  beta:	0.005
	  epsilon:	0.2
	  lambd:	0.95
	  num_epoch:	3
	  shared_critic:	False
	  learning_rate_schedule:	linear
	  beta_schedule:	linear
	  epsilon_schedule:	linear
	network_settings:	
	  normalize:	False
	  hidden_units:	512
	  num_layers:	5
	  vis_encode_type:	simple
	  memory:	
	    sequence_length:	64
	    memory_size:	128
	  goal_conditioning_type:	hyper
	  deterministic:	False
	reward_signals:	
	  extrinsic:	
	    gamma:	0.9
	    strength:	1.0
	    network_settings:	
	      normalize:	False
	      hidden_units:	128
	      num_layers:	2
	      vis_encode_type:	simple
	      memory:	None
	      goal_conditioning_type:	hyper
	      deterministic:	False
	  curiosity:	
	    gamma:	0.99
	    strength:	0.02
	    network_settings:	
	      normalize:	False
	      hidden_units:	128
	      num_layers:	3
	      vis_encode_type:	simple
	      memory:	None
	      goal_conditioning_type:	hyper
	      deterministic:	False
	    learning_rate:	0.0003
	    encoding_size:	None
	init_path:	None
	keep_checkpoints:	100
	checkpoint_interval:	500000
	max_steps:	10000000
	time_horizon:	256
	summary_freq:	50000
	threaded:	False
	self_play:	None
	behavioral_cloning:	None
/home/mih/.local/share/virtualenvs/ml_agents_test-Mi5MBi39/lib/python3.10/site-packages/mlagents/trainers/torch_entities/utils.py:289: UserWarning: The use of `x.T` on tensors of dimension other than 2 to reverse their shape is deprecated and it will throw an error in a future release. Consider `x.mT` to transpose batches of matrices or `x.permute(*torch.arange(x.ndim - 1, -1, -1))` to reverse the dimensions of a tensor. (Triggered internally at ../aten/src/ATen/native/TensorShape.cpp:3277.)
  torch.nn.functional.one_hot(_act.T, action_size[i]).float()
[INFO] move_to_moving_target_19. Step: 50000. Time Elapsed: 78.849 s. Mean Reward: -88.197. Std of Reward: 15.732. Training.
[INFO] move_to_moving_target_19. Step: 100000. Time Elapsed: 140.482 s. Mean Reward: -73.120. Std of Reward: 16.878. Training.
[INFO] move_to_moving_target_19. Step: 150000. Time Elapsed: 212.687 s. Mean Reward: -60.039. Std of Reward: 15.420. Training.
[INFO] move_to_moving_target_19. Step: 200000. Time Elapsed: 273.661 s. Mean Reward: -58.629. Std of Reward: 12.785. Training.
[INFO] move_to_moving_target_19. Step: 250000. Time Elapsed: 344.124 s. Mean Reward: -48.822. Std of Reward: 13.788. Training.
[INFO] move_to_moving_target_19. Step: 300000. Time Elapsed: 409.489 s. Mean Reward: -44.351. Std of Reward: 10.464. Training.
[INFO] move_to_moving_target_19. Step: 350000. Time Elapsed: 480.135 s. Mean Reward: -48.893. Std of Reward: 14.378. Training.
[INFO] move_to_moving_target_19. Step: 400000. Time Elapsed: 548.574 s. Mean Reward: -49.873. Std of Reward: 17.413. Training.
[INFO] move_to_moving_target_19. Step: 450000. Time Elapsed: 618.840 s. Mean Reward: -44.569. Std of Reward: 13.284. Training.
[INFO] move_to_moving_target_19. Step: 500000. Time Elapsed: 688.822 s. Mean Reward: -51.935. Std of Reward: 27.821. Training.
/home/mih/.local/share/virtualenvs/ml_agents_test-Mi5MBi39/lib/python3.10/site-packages/torch/onnx/symbolic_opset9.py:4315: UserWarning: Exporting a model to ONNX with a batch_size other than 1, with a variable length with LSTM can cause an error when running the ONNX model with a different batch size. Make sure to save the model with a batch size of 1, or define the initial states (h0/c0) as inputs of the model. 
  warnings.warn(
/home/mih/.local/share/virtualenvs/ml_agents_test-Mi5MBi39/lib/python3.10/site-packages/torch/onnx/_internal/jit_utils.py:258: UserWarning: The shape inference of prim::Constant type is missing, so it may result in wrong shape inference for the exported graph. Please consider adding it in symbolic function. (Triggered internally at ../torch/csrc/jit/passes/onnx/shape_type_inference.cpp:1884.)
  _C._jit_pass_onnx_node_shape_type_inference(node, params_dict, opset_version)
/home/mih/.local/share/virtualenvs/ml_agents_test-Mi5MBi39/lib/python3.10/site-packages/torch/onnx/utils.py:687: UserWarning: The shape inference of prim::Constant type is missing, so it may result in wrong shape inference for the exported graph. Please consider adding it in symbolic function. (Triggered internally at ../torch/csrc/jit/passes/onnx/shape_type_inference.cpp:1884.)
  _C._jit_pass_onnx_graph_shape_type_inference(
/home/mih/.local/share/virtualenvs/ml_agents_test-Mi5MBi39/lib/python3.10/site-packages/torch/onnx/utils.py:1178: UserWarning: The shape inference of prim::Constant type is missing, so it may result in wrong shape inference for the exported graph. Please consider adding it in symbolic function. (Triggered internally at ../torch/csrc/jit/passes/onnx/shape_type_inference.cpp:1884.)
  _C._jit_pass_onnx_graph_shape_type_inference(
[INFO] Exported results/move_to_moving_target_19/move_to_moving_target_19/move_to_moving_target_19-499988.onnx
[INFO] move_to_moving_target_19. Step: 550000. Time Elapsed: 753.832 s. Mean Reward: -51.148. Std of Reward: 14.052. Training.
[INFO] move_to_moving_target_19. Step: 600000. Time Elapsed: 824.582 s. Mean Reward: -48.486. Std of Reward: 15.427. Training.
[INFO] move_to_moving_target_19. Step: 650000. Time Elapsed: 892.320 s. Mean Reward: -46.775. Std of Reward: 16.684. Training.
[INFO] move_to_moving_target_19. Step: 700000. Time Elapsed: 966.702 s. Mean Reward: -50.325. Std of Reward: 16.044. Training.
[INFO] move_to_moving_target_19. Step: 750000. Time Elapsed: 1034.705 s. Mean Reward: -45.597. Std of Reward: 13.073. Training.
[INFO] move_to_moving_target_19. Step: 800000. Time Elapsed: 1107.079 s. Mean Reward: -41.581. Std of Reward: 14.867. Training.
[INFO] move_to_moving_target_19. Step: 850000. Time Elapsed: 1172.968 s. Mean Reward: -36.025. Std of Reward: 13.384. Training.
[INFO] move_to_moving_target_19. Step: 900000. Time Elapsed: 1251.819 s. Mean Reward: -46.472. Std of Reward: 16.152. Training.
[INFO] move_to_moving_target_19. Step: 950000. Time Elapsed: 1314.604 s. Mean Reward: -44.037. Std of Reward: 12.862. Training.
[INFO] move_to_moving_target_19. Step: 1000000. Time Elapsed: 1386.169 s. Mean Reward: -38.960. Std of Reward: 11.908. Training.
[INFO] Exported results/move_to_moving_target_19/move_to_moving_target_19/move_to_moving_target_19-999828.onnx
[INFO] move_to_moving_target_19. Step: 1050000. Time Elapsed: 1452.264 s. Mean Reward: -40.444. Std of Reward: 12.413. Training.
[INFO] move_to_moving_target_19. Step: 1100000. Time Elapsed: 1517.326 s. Mean Reward: -39.028. Std of Reward: 17.309. Training.
[INFO] move_to_moving_target_19. Step: 1150000. Time Elapsed: 1591.524 s. Mean Reward: -39.244. Std of Reward: 15.402. Training.
[INFO] move_to_moving_target_19. Step: 1200000. Time Elapsed: 1651.465 s. Mean Reward: -41.189. Std of Reward: 11.778. Training.
[INFO] move_to_moving_target_19. Step: 1250000. Time Elapsed: 1729.247 s. Mean Reward: -38.392. Std of Reward: 12.104. Training.
[INFO] move_to_moving_target_19. Step: 1300000. Time Elapsed: 1789.651 s. Mean Reward: -42.500. Std of Reward: 10.920. Training.
[INFO] move_to_moving_target_19. Step: 1350000. Time Elapsed: 1867.923 s. Mean Reward: -40.717. Std of Reward: 11.291. Training.
[INFO] move_to_moving_target_19. Step: 1400000. Time Elapsed: 1931.608 s. Mean Reward: -38.840. Std of Reward: 13.671. Training.
[INFO] move_to_moving_target_19. Step: 1450000. Time Elapsed: 2005.342 s. Mean Reward: -36.698. Std of Reward: 11.174. Training.
[INFO] move_to_moving_target_19. Step: 1500000. Time Elapsed: 2069.419 s. Mean Reward: -38.073. Std of Reward: 11.723. Training.
[INFO] Exported results/move_to_moving_target_19/move_to_moving_target_19/move_to_moving_target_19-1499924.onnx
[INFO] move_to_moving_target_19. Step: 1550000. Time Elapsed: 2141.119 s. Mean Reward: -40.644. Std of Reward: 11.682. Training.
[INFO] move_to_moving_target_19. Step: 1600000. Time Elapsed: 2206.924 s. Mean Reward: -37.843. Std of Reward: 11.199. Training.
[INFO] move_to_moving_target_19. Step: 1650000. Time Elapsed: 2269.702 s. Mean Reward: -34.798. Std of Reward: 8.609. Training.
[INFO] move_to_moving_target_19. Step: 1700000. Time Elapsed: 2339.466 s. Mean Reward: -37.550. Std of Reward: 9.241. Training.
[INFO] move_to_moving_target_19. Step: 1750000. Time Elapsed: 2400.823 s. Mean Reward: -37.535. Std of Reward: 10.593. Training.
[INFO] move_to_moving_target_19. Step: 1800000. Time Elapsed: 2471.951 s. Mean Reward: -37.381. Std of Reward: 13.205. Training.
[INFO] move_to_moving_target_19. Step: 1850000. Time Elapsed: 2537.391 s. Mean Reward: -36.050. Std of Reward: 11.041. Training.
[INFO] move_to_moving_target_19. Step: 1900000. Time Elapsed: 2608.346 s. Mean Reward: -34.790. Std of Reward: 10.861. Training.
[INFO] move_to_moving_target_19. Step: 1950000. Time Elapsed: 2674.073 s. Mean Reward: -37.546. Std of Reward: 8.645. Training.
[INFO] move_to_moving_target_19. Step: 2000000. Time Elapsed: 2743.333 s. Mean Reward: -38.596. Std of Reward: 12.729. Training.
[INFO] Exported results/move_to_moving_target_19/move_to_moving_target_19/move_to_moving_target_19-1999764.onnx
[INFO] move_to_moving_target_19. Step: 2050000. Time Elapsed: 2812.484 s. Mean Reward: -36.270. Std of Reward: 10.805. Training.
[INFO] move_to_moving_target_19. Step: 2100000. Time Elapsed: 2877.362 s. Mean Reward: -32.141. Std of Reward: 11.240. Training.
[INFO] move_to_moving_target_19. Step: 2150000. Time Elapsed: 2947.065 s. Mean Reward: -33.013. Std of Reward: 13.848. Training.
[INFO] move_to_moving_target_19. Step: 2200000. Time Elapsed: 3011.312 s. Mean Reward: -32.977. Std of Reward: 12.390. Training.
[INFO] move_to_moving_target_19. Step: 2250000. Time Elapsed: 3079.055 s. Mean Reward: -34.440. Std of Reward: 9.720. Training.
[INFO] move_to_moving_target_19. Step: 2300000. Time Elapsed: 3141.524 s. Mean Reward: -35.180. Std of Reward: 10.625. Training.
[INFO] move_to_moving_target_19. Step: 2350000. Time Elapsed: 3210.113 s. Mean Reward: -33.216. Std of Reward: 9.486. Training.
[INFO] move_to_moving_target_19. Step: 2400000. Time Elapsed: 3272.695 s. Mean Reward: -32.591. Std of Reward: 6.803. Training.
[INFO] move_to_moving_target_19. Step: 2450000. Time Elapsed: 3345.573 s. Mean Reward: -30.171. Std of Reward: 8.320. Training.
[INFO] move_to_moving_target_19. Step: 2500000. Time Elapsed: 3403.495 s. Mean Reward: -33.430. Std of Reward: 7.217. Training.
[INFO] Exported results/move_to_moving_target_19/move_to_moving_target_19/move_to_moving_target_19-2499860.onnx
[INFO] move_to_moving_target_19. Step: 2550000. Time Elapsed: 3471.759 s. Mean Reward: -30.519. Std of Reward: 8.855. Training.
[INFO] move_to_moving_target_19. Step: 2600000. Time Elapsed: 3533.965 s. Mean Reward: -30.615. Std of Reward: 13.253. Training.
[INFO] move_to_moving_target_19. Step: 2650000. Time Elapsed: 3595.852 s. Mean Reward: -32.475. Std of Reward: 9.523. Training.
[INFO] move_to_moving_target_19. Step: 2700000. Time Elapsed: 3670.605 s. Mean Reward: -33.767. Std of Reward: 16.670. Training.
[INFO] move_to_moving_target_19. Step: 2750000. Time Elapsed: 3729.323 s. Mean Reward: -30.551. Std of Reward: 8.064. Training.
[INFO] move_to_moving_target_19. Step: 2800000. Time Elapsed: 3800.692 s. Mean Reward: -28.162. Std of Reward: 10.887. Training.
[INFO] move_to_moving_target_19. Step: 2850000. Time Elapsed: 3857.602 s. Mean Reward: -24.195. Std of Reward: 10.165. Training.
[INFO] move_to_moving_target_19. Step: 2900000. Time Elapsed: 3930.435 s. Mean Reward: -26.886. Std of Reward: 7.906. Training.
[INFO] move_to_moving_target_19. Step: 2950000. Time Elapsed: 3991.418 s. Mean Reward: -27.175. Std of Reward: 8.875. Training.
[INFO] move_to_moving_target_19. Step: 3000000. Time Elapsed: 4061.795 s. Mean Reward: -26.087. Std of Reward: 10.981. Training.
[INFO] Exported results/move_to_moving_target_19/move_to_moving_target_19/move_to_moving_target_19-2999956.onnx
[INFO] move_to_moving_target_19. Step: 3050000. Time Elapsed: 4122.648 s. Mean Reward: -28.322. Std of Reward: 14.094. Training.
[INFO] move_to_moving_target_19. Step: 3100000. Time Elapsed: 4189.180 s. Mean Reward: -26.547. Std of Reward: 11.925. Training.
[INFO] move_to_moving_target_19. Step: 3150000. Time Elapsed: 4252.310 s. Mean Reward: -27.568. Std of Reward: 8.333. Training.
[INFO] move_to_moving_target_19. Step: 3200000. Time Elapsed: 4312.406 s. Mean Reward: -26.508. Std of Reward: 15.759. Training.
[INFO] move_to_moving_target_19. Step: 3250000. Time Elapsed: 4381.176 s. Mean Reward: -25.653. Std of Reward: 6.724. Training.
[INFO] move_to_moving_target_19. Step: 3300000. Time Elapsed: 4441.377 s. Mean Reward: -28.392. Std of Reward: 7.960. Training.
[INFO] move_to_moving_target_19. Step: 3350000. Time Elapsed: 4510.187 s. Mean Reward: -26.907. Std of Reward: 9.057. Training.
[INFO] move_to_moving_target_19. Step: 3400000. Time Elapsed: 4570.780 s. Mean Reward: -25.812. Std of Reward: 9.044. Training.
[INFO] move_to_moving_target_19. Step: 3450000. Time Elapsed: 4638.616 s. Mean Reward: -24.402. Std of Reward: 12.199. Training.
[INFO] move_to_moving_target_19. Step: 3500000. Time Elapsed: 4705.806 s. Mean Reward: -27.080. Std of Reward: 7.583. Training.
[INFO] Exported results/move_to_moving_target_19/move_to_moving_target_19/move_to_moving_target_19-3499900.onnx
[INFO] move_to_moving_target_19. Step: 3550000. Time Elapsed: 4774.285 s. Mean Reward: -28.934. Std of Reward: 7.247. Training.
[INFO] move_to_moving_target_19. Step: 3600000. Time Elapsed: 4842.021 s. Mean Reward: -21.887. Std of Reward: 7.836. Training.
[INFO] move_to_moving_target_19. Step: 3650000. Time Elapsed: 4904.631 s. Mean Reward: -24.651. Std of Reward: 9.396. Training.
[INFO] move_to_moving_target_19. Step: 3700000. Time Elapsed: 4973.912 s. Mean Reward: -25.766. Std of Reward: 8.088. Training.
[INFO] move_to_moving_target_19. Step: 3750000. Time Elapsed: 5040.791 s. Mean Reward: -23.135. Std of Reward: 9.001. Training.
[INFO] move_to_moving_target_19. Step: 3800000. Time Elapsed: 5111.550 s. Mean Reward: -22.750. Std of Reward: 7.495. Training.
[INFO] move_to_moving_target_19. Step: 3850000. Time Elapsed: 5177.337 s. Mean Reward: -24.620. Std of Reward: 8.165. Training.
[INFO] move_to_moving_target_19. Step: 3900000. Time Elapsed: 5247.586 s. Mean Reward: -24.300. Std of Reward: 8.358. Training.
[INFO] move_to_moving_target_19. Step: 3950000. Time Elapsed: 5311.011 s. Mean Reward: -21.890. Std of Reward: 7.377. Training.
[INFO] move_to_moving_target_19. Step: 4000000. Time Elapsed: 5387.412 s. Mean Reward: -23.050. Std of Reward: 7.391. Training.
[INFO] Exported results/move_to_moving_target_19/move_to_moving_target_19/move_to_moving_target_19-3999916.onnx
[INFO] move_to_moving_target_19. Step: 4050000. Time Elapsed: 5448.151 s. Mean Reward: -24.862. Std of Reward: 6.432. Training.
[INFO] move_to_moving_target_19. Step: 4100000. Time Elapsed: 5517.787 s. Mean Reward: -24.836. Std of Reward: 6.820. Training.
[INFO] move_to_moving_target_19. Step: 4150000. Time Elapsed: 5583.519 s. Mean Reward: -21.240. Std of Reward: 7.499. Training.
[INFO] move_to_moving_target_19. Step: 4200000. Time Elapsed: 5647.600 s. Mean Reward: -18.094. Std of Reward: 10.914. Training.
[INFO] move_to_moving_target_19. Step: 4250000. Time Elapsed: 5723.276 s. Mean Reward: -24.223. Std of Reward: 9.788. Training.
[INFO] move_to_moving_target_19. Step: 4300000. Time Elapsed: 5784.169 s. Mean Reward: -24.229. Std of Reward: 8.239. Training.
[INFO] move_to_moving_target_19. Step: 4350000. Time Elapsed: 5858.466 s. Mean Reward: -20.334. Std of Reward: 10.135. Training.
[INFO] move_to_moving_target_19. Step: 4400000. Time Elapsed: 5916.896 s. Mean Reward: -24.248. Std of Reward: 12.369. Training.
[INFO] move_to_moving_target_19. Step: 4450000. Time Elapsed: 5990.700 s. Mean Reward: -27.900. Std of Reward: 7.694. Training.
[INFO] move_to_moving_target_19. Step: 4500000. Time Elapsed: 6051.162 s. Mean Reward: -27.855. Std of Reward: 5.454. Training.
[INFO] Exported results/move_to_moving_target_19/move_to_moving_target_19/move_to_moving_target_19-4499756.onnx
[INFO] move_to_moving_target_19. Step: 4550000. Time Elapsed: 6120.872 s. Mean Reward: -26.378. Std of Reward: 6.480. Training.
[INFO] move_to_moving_target_19. Step: 4600000. Time Elapsed: 6181.659 s. Mean Reward: -26.279. Std of Reward: 8.228. Training.
[INFO] move_to_moving_target_19. Step: 4650000. Time Elapsed: 6248.241 s. Mean Reward: -22.244. Std of Reward: 10.973. Training.
[INFO] move_to_moving_target_19. Step: 4700000. Time Elapsed: 6311.295 s. Mean Reward: -24.666. Std of Reward: 8.811. Training.
[INFO] move_to_moving_target_19. Step: 4750000. Time Elapsed: 6372.078 s. Mean Reward: -25.277. Std of Reward: 11.181. Training.
[INFO] move_to_moving_target_19. Step: 4800000. Time Elapsed: 6440.585 s. Mean Reward: -27.553. Std of Reward: 10.079. Training.
[INFO] move_to_moving_target_19. Step: 4850000. Time Elapsed: 6502.969 s. Mean Reward: -26.904. Std of Reward: 6.018. Training.
[INFO] move_to_moving_target_19. Step: 4900000. Time Elapsed: 6575.469 s. Mean Reward: -28.559. Std of Reward: 5.284. Training.
[INFO] move_to_moving_target_19. Step: 4950000. Time Elapsed: 6639.471 s. Mean Reward: -27.051. Std of Reward: 4.926. Training.
[INFO] move_to_moving_target_19. Step: 5000000. Time Elapsed: 6707.633 s. Mean Reward: -27.069. Std of Reward: 5.374. Training.
[INFO] Exported results/move_to_moving_target_19/move_to_moving_target_19/move_to_moving_target_19-4999852.onnx
[INFO] move_to_moving_target_19. Step: 5050000. Time Elapsed: 6770.795 s. Mean Reward: -26.412. Std of Reward: 4.359. Training.
[INFO] move_to_moving_target_19. Step: 5100000. Time Elapsed: 6836.956 s. Mean Reward: -25.133. Std of Reward: 8.221. Training.
[INFO] move_to_moving_target_19. Step: 5150000. Time Elapsed: 6907.270 s. Mean Reward: -18.020. Std of Reward: 14.608. Training.
[INFO] move_to_moving_target_19. Step: 5200000. Time Elapsed: 6972.916 s. Mean Reward: -18.885. Std of Reward: 12.459. Training.
[INFO] move_to_moving_target_19. Step: 5250000. Time Elapsed: 7043.856 s. Mean Reward: -20.908. Std of Reward: 10.452. Training.
[INFO] move_to_moving_target_19. Step: 5300000. Time Elapsed: 7110.698 s. Mean Reward: -22.139. Std of Reward: 10.689. Training.
[INFO] move_to_moving_target_19. Step: 5350000. Time Elapsed: 7181.640 s. Mean Reward: -22.715. Std of Reward: 6.277. Training.
[INFO] move_to_moving_target_19. Step: 5400000. Time Elapsed: 7249.453 s. Mean Reward: -24.762. Std of Reward: 6.230. Training.
[INFO] move_to_moving_target_19. Step: 5450000. Time Elapsed: 7321.666 s. Mean Reward: -26.977. Std of Reward: 5.530. Training.
[INFO] move_to_moving_target_19. Step: 5500000. Time Elapsed: 7385.693 s. Mean Reward: -26.866. Std of Reward: 6.835. Training.
[INFO] Exported results/move_to_moving_target_19/move_to_moving_target_19/move_to_moving_target_19-5499948.onnx
[INFO] move_to_moving_target_19. Step: 5550000. Time Elapsed: 7460.739 s. Mean Reward: -25.526. Std of Reward: 7.783. Training.
[INFO] move_to_moving_target_19. Step: 5600000. Time Elapsed: 7520.381 s. Mean Reward: -21.624. Std of Reward: 9.558. Training.
[INFO] move_to_moving_target_19. Step: 5650000. Time Elapsed: 7591.181 s. Mean Reward: -22.289. Std of Reward: 8.960. Training.
[INFO] move_to_moving_target_19. Step: 5700000. Time Elapsed: 7656.082 s. Mean Reward: -21.869. Std of Reward: 8.393. Training.
[INFO] move_to_moving_target_19. Step: 5750000. Time Elapsed: 7721.201 s. Mean Reward: -23.146. Std of Reward: 8.517. Training.
[INFO] move_to_moving_target_19. Step: 5800000. Time Elapsed: 7796.490 s. Mean Reward: -24.342. Std of Reward: 5.975. Training.
[INFO] move_to_moving_target_19. Step: 5850000. Time Elapsed: 7857.141 s. Mean Reward: -24.557. Std of Reward: 7.144. Training.
[INFO] move_to_moving_target_19. Step: 5900000. Time Elapsed: 7932.597 s. Mean Reward: -22.622. Std of Reward: 9.110. Training.
[INFO] move_to_moving_target_19. Step: 5950000. Time Elapsed: 7992.399 s. Mean Reward: -23.039. Std of Reward: 7.551. Training.
[INFO] move_to_moving_target_19. Step: 6000000. Time Elapsed: 8067.795 s. Mean Reward: -24.985. Std of Reward: 8.604. Training.
[INFO] Exported results/move_to_moving_target_19/move_to_moving_target_19/move_to_moving_target_19-5999788.onnx
[INFO] move_to_moving_target_19. Step: 6050000. Time Elapsed: 8131.747 s. Mean Reward: -24.968. Std of Reward: 5.821. Training.
[INFO] move_to_moving_target_19. Step: 6100000. Time Elapsed: 8205.100 s. Mean Reward: -26.621. Std of Reward: 6.745. Training.
[INFO] move_to_moving_target_19. Step: 6150000. Time Elapsed: 8268.885 s. Mean Reward: -25.771. Std of Reward: 7.073. Training.
[INFO] move_to_moving_target_19. Step: 6200000. Time Elapsed: 8339.709 s. Mean Reward: -26.328. Std of Reward: 7.065. Training.
[INFO] move_to_moving_target_19. Step: 6250000. Time Elapsed: 8406.215 s. Mean Reward: -23.379. Std of Reward: 10.210. Training.
[INFO] move_to_moving_target_19. Step: 6300000. Time Elapsed: 8468.966 s. Mean Reward: -21.743. Std of Reward: 8.751. Training.
[INFO] move_to_moving_target_19. Step: 6350000. Time Elapsed: 8541.181 s. Mean Reward: -22.594. Std of Reward: 10.857. Training.
[INFO] move_to_moving_target_19. Step: 6400000. Time Elapsed: 8604.022 s. Mean Reward: -23.489. Std of Reward: 7.192. Training.
[INFO] move_to_moving_target_19. Step: 6450000. Time Elapsed: 8678.641 s. Mean Reward: -24.607. Std of Reward: 8.733. Training.
[INFO] move_to_moving_target_19. Step: 6500000. Time Elapsed: 8743.801 s. Mean Reward: -24.590. Std of Reward: 8.741. Training.
[INFO] Exported results/move_to_moving_target_19/move_to_moving_target_19/move_to_moving_target_19-6499884.onnx
[INFO] move_to_moving_target_19. Step: 6550000. Time Elapsed: 8816.156 s. Mean Reward: -25.183. Std of Reward: 7.226. Training.
[INFO] move_to_moving_target_19. Step: 6600000. Time Elapsed: 8879.228 s. Mean Reward: -25.476. Std of Reward: 8.170. Training.
[INFO] move_to_moving_target_19. Step: 6650000. Time Elapsed: 8944.984 s. Mean Reward: -26.534. Std of Reward: 5.772. Training.
[INFO] move_to_moving_target_19. Step: 6700000. Time Elapsed: 9013.958 s. Mean Reward: -27.747. Std of Reward: 6.352. Training.
[INFO] move_to_moving_target_19. Step: 6750000. Time Elapsed: 9077.543 s. Mean Reward: -26.262. Std of Reward: 4.581. Training.
[INFO] move_to_moving_target_19. Step: 6800000. Time Elapsed: 9146.892 s. Mean Reward: -26.951. Std of Reward: 5.739. Training.
[INFO] move_to_moving_target_19. Step: 6850000. Time Elapsed: 9212.730 s. Mean Reward: -25.246. Std of Reward: 6.331. Training.
[INFO] move_to_moving_target_19. Step: 6900000. Time Elapsed: 9283.371 s. Mean Reward: -23.195. Std of Reward: 6.939. Training.
[INFO] move_to_moving_target_19. Step: 6950000. Time Elapsed: 9348.651 s. Mean Reward: -24.301. Std of Reward: 8.179. Training.
[INFO] move_to_moving_target_19. Step: 7000000. Time Elapsed: 9417.385 s. Mean Reward: -22.797. Std of Reward: 6.917. Training.
[INFO] Exported results/move_to_moving_target_19/move_to_moving_target_19/move_to_moving_target_19-6999884.onnx
[INFO] move_to_moving_target_19. Step: 7050000. Time Elapsed: 9479.177 s. Mean Reward: -20.626. Std of Reward: 7.346. Training.
[INFO] move_to_moving_target_19. Step: 7100000. Time Elapsed: 9553.329 s. Mean Reward: -20.471. Std of Reward: 9.206. Training.
[INFO] move_to_moving_target_19. Step: 7150000. Time Elapsed: 9612.436 s. Mean Reward: -20.151. Std of Reward: 8.435. Training.
[INFO] move_to_moving_target_19. Step: 7200000. Time Elapsed: 9681.023 s. Mean Reward: -19.818. Std of Reward: 9.371. Training.
[INFO] move_to_moving_target_19. Step: 7250000. Time Elapsed: 9745.709 s. Mean Reward: -18.480. Std of Reward: 8.913. Training.
[INFO] move_to_moving_target_19. Step: 7300000. Time Elapsed: 9806.737 s. Mean Reward: -21.325. Std of Reward: 8.155. Training.
[INFO] move_to_moving_target_19. Step: 7350000. Time Elapsed: 9880.159 s. Mean Reward: -20.611. Std of Reward: 10.952. Training.
[INFO] move_to_moving_target_19. Step: 7400000. Time Elapsed: 9938.752 s. Mean Reward: -20.193. Std of Reward: 9.953. Training.
[INFO] move_to_moving_target_19. Step: 7450000. Time Elapsed: 10010.277 s. Mean Reward: -21.140. Std of Reward: 9.487. Training.
[INFO] move_to_moving_target_19. Step: 7500000. Time Elapsed: 10068.402 s. Mean Reward: -23.845. Std of Reward: 7.800. Training.
[INFO] Exported results/move_to_moving_target_19/move_to_moving_target_19/move_to_moving_target_19-7499828.onnx
[INFO] move_to_moving_target_19. Step: 7550000. Time Elapsed: 10143.198 s. Mean Reward: -23.442. Std of Reward: 8.049. Training.
[INFO] move_to_moving_target_19. Step: 7600000. Time Elapsed: 10205.882 s. Mean Reward: -25.152. Std of Reward: 7.384. Training.
[INFO] move_to_moving_target_19. Step: 7650000. Time Elapsed: 10276.965 s. Mean Reward: -27.980. Std of Reward: 4.252. Training.
[INFO] move_to_moving_target_19. Step: 7700000. Time Elapsed: 10339.459 s. Mean Reward: -25.551. Std of Reward: 6.635. Training.
[INFO] move_to_moving_target_19. Step: 7750000. Time Elapsed: 10408.521 s. Mean Reward: -23.837. Std of Reward: 8.003. Training.
[INFO] move_to_moving_target_19. Step: 7800000. Time Elapsed: 10473.873 s. Mean Reward: -24.171. Std of Reward: 7.790. Training.
[INFO] move_to_moving_target_19. Step: 7850000. Time Elapsed: 10534.464 s. Mean Reward: -24.094. Std of Reward: 7.891. Training.
[INFO] move_to_moving_target_19. Step: 7900000. Time Elapsed: 10605.207 s. Mean Reward: -22.957. Std of Reward: 9.985. Training.
[INFO] move_to_moving_target_19. Step: 7950000. Time Elapsed: 10667.907 s. Mean Reward: -24.090. Std of Reward: 8.613. Training.
[INFO] move_to_moving_target_19. Step: 8000000. Time Elapsed: 10739.310 s. Mean Reward: -24.443. Std of Reward: 8.094. Training.
[INFO] Exported results/move_to_moving_target_19/move_to_moving_target_19/move_to_moving_target_19-7999940.onnx
[INFO] move_to_moving_target_19. Step: 8050000. Time Elapsed: 10803.461 s. Mean Reward: -23.241. Std of Reward: 7.955. Training.
[INFO] move_to_moving_target_19. Step: 8100000. Time Elapsed: 10872.786 s. Mean Reward: -23.115. Std of Reward: 7.229. Training.
[INFO] move_to_moving_target_19. Step: 8150000. Time Elapsed: 10938.499 s. Mean Reward: -22.736. Std of Reward: 6.731. Training.
[INFO] move_to_moving_target_19. Step: 8200000. Time Elapsed: 11005.960 s. Mean Reward: -22.032. Std of Reward: 7.786. Training.
[INFO] move_to_moving_target_19. Step: 8250000. Time Elapsed: 11074.591 s. Mean Reward: -22.142. Std of Reward: 9.011. Training.
[INFO] move_to_moving_target_19. Step: 8300000. Time Elapsed: 11137.977 s. Mean Reward: -20.782. Std of Reward: 11.480. Training.
[INFO] move_to_moving_target_19. Step: 8350000. Time Elapsed: 11209.127 s. Mean Reward: -21.831. Std of Reward: 8.431. Training.
[INFO] move_to_moving_target_19. Step: 8400000. Time Elapsed: 11274.551 s. Mean Reward: -22.904. Std of Reward: 8.526. Training.
[INFO] move_to_moving_target_19. Step: 8450000. Time Elapsed: 11344.549 s. Mean Reward: -22.477. Std of Reward: 6.268. Training.
[INFO] move_to_moving_target_19. Step: 8500000. Time Elapsed: 11409.452 s. Mean Reward: -23.257. Std of Reward: 6.945. Training.
[INFO] Exported results/move_to_moving_target_19/move_to_moving_target_19/move_to_moving_target_19-8499780.onnx
[INFO] move_to_moving_target_19. Step: 8550000. Time Elapsed: 11476.536 s. Mean Reward: -24.211. Std of Reward: 6.420. Training.
[INFO] move_to_moving_target_19. Step: 8600000. Time Elapsed: 11540.148 s. Mean Reward: -21.739. Std of Reward: 7.900. Training.
[INFO] move_to_moving_target_19. Step: 8650000. Time Elapsed: 11620.259 s. Mean Reward: -21.426. Std of Reward: 7.650. Training.
[INFO] move_to_moving_target_19. Step: 8700000. Time Elapsed: 11678.572 s. Mean Reward: -21.090. Std of Reward: 7.343. Training.
[INFO] move_to_moving_target_19. Step: 8750000. Time Elapsed: 11747.122 s. Mean Reward: -23.473. Std of Reward: 9.719. Training.
[INFO] move_to_moving_target_19. Step: 8800000. Time Elapsed: 11813.654 s. Mean Reward: -21.774. Std of Reward: 8.446. Training.
[INFO] move_to_moving_target_19. Step: 8850000. Time Elapsed: 11878.570 s. Mean Reward: -21.000. Std of Reward: 9.457. Training.
[INFO] move_to_moving_target_19. Step: 8900000. Time Elapsed: 11953.216 s. Mean Reward: -19.676. Std of Reward: 9.024. Training.
[INFO] move_to_moving_target_19. Step: 8950000. Time Elapsed: 12012.950 s. Mean Reward: -21.816. Std of Reward: 10.849. Training.
[INFO] move_to_moving_target_19. Step: 9000000. Time Elapsed: 12087.876 s. Mean Reward: -21.651. Std of Reward: 9.577. Training.
[INFO] Exported results/move_to_moving_target_19/move_to_moving_target_19/move_to_moving_target_19-8999876.onnx
[INFO] move_to_moving_target_19. Step: 9050000. Time Elapsed: 12148.580 s. Mean Reward: -23.528. Std of Reward: 10.523. Training.
[INFO] move_to_moving_target_19. Step: 9100000. Time Elapsed: 12223.318 s. Mean Reward: -22.086. Std of Reward: 8.406. Training.
[INFO] move_to_moving_target_19. Step: 9150000. Time Elapsed: 12286.243 s. Mean Reward: -18.818. Std of Reward: 9.774. Training.
[INFO] move_to_moving_target_19. Step: 9200000. Time Elapsed: 12361.298 s. Mean Reward: -17.393. Std of Reward: 14.498. Training.
[INFO] move_to_moving_target_19. Step: 9250000. Time Elapsed: 12427.594 s. Mean Reward: -19.542. Std of Reward: 10.420. Training.
[INFO] move_to_moving_target_19. Step: 9300000. Time Elapsed: 12500.911 s. Mean Reward: -17.860. Std of Reward: 9.559. Training.
[INFO] move_to_moving_target_19. Step: 9350000. Time Elapsed: 12568.830 s. Mean Reward: -20.963. Std of Reward: 9.145. Training.
[INFO] move_to_moving_target_19. Step: 9400000. Time Elapsed: 12634.502 s. Mean Reward: -21.339. Std of Reward: 9.610. Training.
[INFO] move_to_moving_target_19. Step: 9450000. Time Elapsed: 12710.980 s. Mean Reward: -23.867. Std of Reward: 5.260. Training.
[INFO] move_to_moving_target_19. Step: 9500000. Time Elapsed: 12774.747 s. Mean Reward: -23.228. Std of Reward: 7.326. Training.
[INFO] Exported results/move_to_moving_target_19/move_to_moving_target_19/move_to_moving_target_19-9499972.onnx
[INFO] move_to_moving_target_19. Step: 9550000. Time Elapsed: 12846.426 s. Mean Reward: -24.373. Std of Reward: 8.268. Training.
[INFO] move_to_moving_target_19. Step: 9600000. Time Elapsed: 12911.834 s. Mean Reward: -25.221. Std of Reward: 4.778. Training.
[INFO] move_to_moving_target_19. Step: 9650000. Time Elapsed: 12980.757 s. Mean Reward: -21.984. Std of Reward: 9.048. Training.
[INFO] move_to_moving_target_19. Step: 9700000. Time Elapsed: 13046.510 s. Mean Reward: -23.741. Std of Reward: 9.228. Training.
[INFO] move_to_moving_target_19. Step: 9750000. Time Elapsed: 13113.384 s. Mean Reward: -23.569. Std of Reward: 7.690. Training.
[INFO] move_to_moving_target_19. Step: 9800000. Time Elapsed: 13181.383 s. Mean Reward: -25.450. Std of Reward: 8.043. Training.
[INFO] move_to_moving_target_19. Step: 9850000. Time Elapsed: 13243.480 s. Mean Reward: -26.227. Std of Reward: 5.291. Training.
[INFO] move_to_moving_target_19. Step: 9900000. Time Elapsed: 13312.204 s. Mean Reward: -23.060. Std of Reward: 7.876. Training.
[INFO] move_to_moving_target_19. Step: 9950000. Time Elapsed: 13377.563 s. Mean Reward: -23.621. Std of Reward: 8.436. Training.
[INFO] move_to_moving_target_19. Step: 10000000. Time Elapsed: 13449.408 s. Mean Reward: -23.358. Std of Reward: 9.494. Training.
[INFO] Exported results/move_to_moving_target_19/move_to_moving_target_19/move_to_moving_target_19-9999812.onnx
[INFO] Exported results/move_to_moving_target_19/move_to_moving_target_19/move_to_moving_target_19-10005700.onnx
[INFO] Copied results/move_to_moving_target_19/move_to_moving_target_19/move_to_moving_target_19-10005700.onnx to results/move_to_moving_target_19/move_to_moving_target_19.onnx.
